{"/Users/derektse/amphtml/.nyc_output/localhost_8000/dist/v0/amp-dynamic-css-classes-0.1.js": {"path":"/Users/derektse/amphtml/.nyc_output/localhost_8000/dist/v0/amp-dynamic-css-classes-0.1.js","statementMap":{"0":{"start":{"line":1,"column":0},"end":{"line":1,"column":95}},"1":{"start":{"line":2,"column":0},"end":{"line":2,"column":1241}},"2":{"start":{"line":3,"column":0},"end":{"line":3,"column":503}},"3":{"start":{"line":4,"column":0},"end":{"line":4,"column":983}},"4":{"start":{"line":5,"column":0},"end":{"line":5,"column":88}},"5":{"start":{"line":6,"column":0},"end":{"line":6,"column":62}},"6":{"start":{"line":7,"column":0},"end":{"line":7,"column":111}},"7":{"start":{"line":8,"column":0},"end":{"line":8,"column":504}},"8":{"start":{"line":9,"column":0},"end":{"line":9,"column":467}},"9":{"start":{"line":10,"column":0},"end":{"line":10,"column":473}},"10":{"start":{"line":11,"column":0},"end":{"line":11,"column":5}},"11":{"start":{"line":12,"column":0},"end":{"line":12,"column":0}},"12":{"start":{"line":13,"column":0},"end":{"line":13,"column":55}},"13":{"start":{"line":14,"column":0},"end":{"line":14,"column":0}}},"s":{"0":1,"1":0,"2":0,"3":0,"4":1,"5":1,"6":0,"7":0,"8":0,"9":0,"10":1,"11":1,"12":1,"13":1},"branchMap":{"0":{"type":"branch","loc":{"start":{"line":1,"column":0},"end":{"line":2,"column":6}},"locations":[{"start":{"line":1,"column":0},"end":{"line":2,"column":6}}]},"1":{"type":"branch","loc":{"start":{"line":2,"column":92},"end":{"line":2,"column":157}},"locations":[{"start":{"line":2,"column":92},"end":{"line":2,"column":157}}]},"2":{"type":"branch","loc":{"start":{"line":2,"column":161},"end":{"line":2,"column":197}},"locations":[{"start":{"line":2,"column":161},"end":{"line":2,"column":197}}]},"3":{"type":"branch","loc":{"start":{"line":2,"column":225},"end":{"line":2,"column":461}},"locations":[{"start":{"line":2,"column":225},"end":{"line":2,"column":461}}]},"4":{"type":"branch","loc":{"start":{"line":2,"column":488},"end":{"line":2,"column":577}},"locations":[{"start":{"line":2,"column":488},"end":{"line":2,"column":577}}]},"5":{"type":"branch","loc":{"start":{"line":2,"column":617},"end":{"line":2,"column":698}},"locations":[{"start":{"line":2,"column":617},"end":{"line":2,"column":698}}]},"6":{"type":"branch","loc":{"start":{"line":2,"column":702},"end":{"line":2,"column":739}},"locations":[{"start":{"line":2,"column":702},"end":{"line":2,"column":739}}]},"7":{"type":"branch","loc":{"start":{"line":4,"column":431},"end":{"line":4,"column":484}},"locations":[{"start":{"line":4,"column":431},"end":{"line":4,"column":484}}]},"8":{"type":"branch","loc":{"start":{"line":4,"column":504},"end":{"line":4,"column":569}},"locations":[{"start":{"line":4,"column":504},"end":{"line":4,"column":569}}]},"9":{"type":"branch","loc":{"start":{"line":4,"column":586},"end":{"line":4,"column":685}},"locations":[{"start":{"line":4,"column":586},"end":{"line":4,"column":685}}]},"10":{"type":"branch","loc":{"start":{"line":4,"column":743},"end":{"line":4,"column":795}},"locations":[{"start":{"line":4,"column":743},"end":{"line":4,"column":795}}]},"11":{"type":"branch","loc":{"start":{"line":4,"column":797},"end":{"line":4,"column":845}},"locations":[{"start":{"line":4,"column":797},"end":{"line":4,"column":845}}]},"12":{"type":"branch","loc":{"start":{"line":4,"column":870},"end":{"line":4,"column":883}},"locations":[{"start":{"line":4,"column":870},"end":{"line":4,"column":883}}]},"13":{"type":"branch","loc":{"start":{"line":4,"column":969},"end":{"line":7,"column":70}},"locations":[{"start":{"line":4,"column":969},"end":{"line":7,"column":70}}]},"14":{"type":"branch","loc":{"start":{"line":7,"column":82},"end":{"line":8,"column":58}},"locations":[{"start":{"line":7,"column":82},"end":{"line":8,"column":58}}]},"15":{"type":"branch","loc":{"start":{"line":9,"column":241},"end":{"line":9,"column":267}},"locations":[{"start":{"line":9,"column":241},"end":{"line":9,"column":267}}]},"16":{"type":"branch","loc":{"start":{"line":9,"column":284},"end":{"line":9,"column":332}},"locations":[{"start":{"line":9,"column":284},"end":{"line":9,"column":332}}]},"17":{"type":"branch","loc":{"start":{"line":9,"column":355},"end":{"line":9,"column":413}},"locations":[{"start":{"line":9,"column":355},"end":{"line":9,"column":413}}]},"18":{"type":"branch","loc":{"start":{"line":9,"column":466},"end":{"line":10,"column":230}},"locations":[{"start":{"line":9,"column":466},"end":{"line":10,"column":230}}]},"19":{"type":"branch","loc":{"start":{"line":10,"column":288},"end":{"line":14,"column":0}},"locations":[{"start":{"line":10,"column":288},"end":{"line":14,"column":0}}]}},"b":{"0":[1],"1":[1],"2":[1],"3":[1],"4":[1],"5":[1],"6":[1],"7":[1],"8":[1],"9":[1],"10":[1],"11":[1],"12":[1],"13":[1],"14":[1],"15":[1],"16":[1],"17":[1],"18":[1],"19":[1]},"fnMap":{},"f":{},"originalUrl":"http://localhost:8000/dist/v0/amp-dynamic-css-classes-0.1.js"},"/Users/derektse/amphtml/.nyc_output/localhost_8000/dist/v0/amp-addthis-0.1.js": {"path":"/Users/derektse/amphtml/.nyc_output/localhost_8000/dist/v0/amp-addthis-0.1.js","statementMap":{"0":{"start":{"line":1,"column":0},"end":{"line":1,"column":83}},"1":{"start":{"line":2,"column":0},"end":{"line":2,"column":441}},"2":{"start":{"line":3,"column":0},"end":{"line":3,"column":262}},"3":{"start":{"line":4,"column":0},"end":{"line":4,"column":1017}},"4":{"start":{"line":5,"column":0},"end":{"line":5,"column":62}},"5":{"start":{"line":6,"column":0},"end":{"line":6,"column":1486}},"6":{"start":{"line":7,"column":0},"end":{"line":7,"column":866}},"7":{"start":{"line":8,"column":0},"end":{"line":8,"column":501}},"8":{"start":{"line":9,"column":0},"end":{"line":9,"column":168}},"9":{"start":{"line":10,"column":0},"end":{"line":10,"column":504}},"10":{"start":{"line":11,"column":0},"end":{"line":11,"column":715}},"11":{"start":{"line":12,"column":0},"end":{"line":12,"column":621}},"12":{"start":{"line":13,"column":0},"end":{"line":13,"column":382}},"13":{"start":{"line":14,"column":0},"end":{"line":14,"column":507}},"14":{"start":{"line":15,"column":0},"end":{"line":15,"column":256}},"15":{"start":{"line":16,"column":0},"end":{"line":16,"column":2146}},"16":{"start":{"line":17,"column":0},"end":{"line":17,"column":138}},"17":{"start":{"line":18,"column":0},"end":{"line":18,"column":518}},"18":{"start":{"line":19,"column":0},"end":{"line":19,"column":455}},"19":{"start":{"line":20,"column":0},"end":{"line":20,"column":1090}},"20":{"start":{"line":21,"column":0},"end":{"line":21,"column":318}},"21":{"start":{"line":22,"column":0},"end":{"line":22,"column":529}},"22":{"start":{"line":23,"column":0},"end":{"line":23,"column":315}},"23":{"start":{"line":24,"column":0},"end":{"line":24,"column":371}},"24":{"start":{"line":25,"column":0},"end":{"line":25,"column":880}},"25":{"start":{"line":26,"column":0},"end":{"line":26,"column":708}},"26":{"start":{"line":27,"column":0},"end":{"line":27,"column":541}},"27":{"start":{"line":28,"column":0},"end":{"line":28,"column":509}},"28":{"start":{"line":29,"column":0},"end":{"line":29,"column":507}},"29":{"start":{"line":30,"column":0},"end":{"line":30,"column":501}},"30":{"start":{"line":31,"column":0},"end":{"line":31,"column":503}},"31":{"start":{"line":32,"column":0},"end":{"line":32,"column":526}},"32":{"start":{"line":33,"column":0},"end":{"line":33,"column":371}},"33":{"start":{"line":34,"column":0},"end":{"line":34,"column":352}},"34":{"start":{"line":35,"column":0},"end":{"line":35,"column":506}},"35":{"start":{"line":36,"column":0},"end":{"line":36,"column":308}},"36":{"start":{"line":37,"column":0},"end":{"line":37,"column":303}},"37":{"start":{"line":38,"column":0},"end":{"line":38,"column":233}},"38":{"start":{"line":39,"column":0},"end":{"line":39,"column":531}},"39":{"start":{"line":40,"column":0},"end":{"line":40,"column":506}},"40":{"start":{"line":41,"column":0},"end":{"line":41,"column":1349}},"41":{"start":{"line":42,"column":0},"end":{"line":42,"column":5}},"42":{"start":{"line":43,"column":0},"end":{"line":43,"column":0}},"43":{"start":{"line":44,"column":0},"end":{"line":44,"column":43}},"44":{"start":{"line":45,"column":0},"end":{"line":45,"column":0}}},"s":{"0":0,"1":0,"2":0,"3":0,"4":1,"5":0,"6":0,"7":0,"8":0,"9":0,"10":0,"11":0,"12":0,"13":0,"14":0,"15":0,"16":0,"17":0,"18":0,"19":0,"20":0,"21":0,"22":0,"23":0,"24":0,"25":0,"26":0,"27":0,"28":0,"29":0,"30":0,"31":0,"32":1,"33":1,"34":0,"35":0,"36":0,"37":0,"38":0,"39":0,"40":0,"41":1,"42":1,"43":1,"44":1},"branchMap":{"0":{"type":"branch","loc":{"start":{"line":1,"column":0},"end":{"line":1,"column":18}},"locations":[{"start":{"line":1,"column":0},"end":{"line":1,"column":18}}]},"1":{"type":"branch","loc":{"start":{"line":1,"column":22},"end":{"line":2,"column":55}},"locations":[{"start":{"line":1,"column":22},"end":{"line":2,"column":55}}]},"2":{"type":"branch","loc":{"start":{"line":2,"column":109},"end":{"line":2,"column":328}},"locations":[{"start":{"line":2,"column":109},"end":{"line":2,"column":328}}]},"3":{"type":"branch","loc":{"start":{"line":2,"column":385},"end":{"line":3,"column":68}},"locations":[{"start":{"line":2,"column":385},"end":{"line":3,"column":68}}]},"4":{"type":"branch","loc":{"start":{"line":3,"column":262},"end":{"line":4,"column":444}},"locations":[{"start":{"line":3,"column":262},"end":{"line":4,"column":444}}]},"5":{"type":"branch","loc":{"start":{"line":4,"column":535},"end":{"line":4,"column":566}},"locations":[{"start":{"line":4,"column":535},"end":{"line":4,"column":566}}]},"6":{"type":"branch","loc":{"start":{"line":4,"column":618},"end":{"line":4,"column":645}},"locations":[{"start":{"line":4,"column":618},"end":{"line":4,"column":645}}]},"7":{"type":"branch","loc":{"start":{"line":4,"column":683},"end":{"line":4,"column":768}},"locations":[{"start":{"line":4,"column":683},"end":{"line":4,"column":768}}]},"8":{"type":"branch","loc":{"start":{"line":4,"column":813},"end":{"line":4,"column":823}},"locations":[{"start":{"line":4,"column":813},"end":{"line":4,"column":823}}]},"9":{"type":"branch","loc":{"start":{"line":4,"column":826},"end":{"line":4,"column":995}},"locations":[{"start":{"line":4,"column":826},"end":{"line":4,"column":995}}]},"10":{"type":"branch","loc":{"start":{"line":4,"column":1005},"end":{"line":6,"column":86}},"locations":[{"start":{"line":4,"column":1005},"end":{"line":6,"column":86}}]},"11":{"type":"branch","loc":{"start":{"line":6,"column":89},"end":{"line":6,"column":112}},"locations":[{"start":{"line":6,"column":89},"end":{"line":6,"column":112}}]},"12":{"type":"branch","loc":{"start":{"line":6,"column":116},"end":{"line":6,"column":153}},"locations":[{"start":{"line":6,"column":116},"end":{"line":6,"column":153}}]},"13":{"type":"branch","loc":{"start":{"line":6,"column":181},"end":{"line":6,"column":419}},"locations":[{"start":{"line":6,"column":181},"end":{"line":6,"column":419}}]},"14":{"type":"branch","loc":{"start":{"line":6,"column":446},"end":{"line":6,"column":537}},"locations":[{"start":{"line":6,"column":446},"end":{"line":6,"column":537}}]},"15":{"type":"branch","loc":{"start":{"line":6,"column":577},"end":{"line":6,"column":599}},"locations":[{"start":{"line":6,"column":577},"end":{"line":6,"column":599}}]},"16":{"type":"branch","loc":{"start":{"line":6,"column":754},"end":{"line":6,"column":777}},"locations":[{"start":{"line":6,"column":754},"end":{"line":6,"column":777}}]},"17":{"type":"branch","loc":{"start":{"line":6,"column":781},"end":{"line":6,"column":1207}},"locations":[{"start":{"line":6,"column":781},"end":{"line":6,"column":1207}}]},"18":{"type":"branch","loc":{"start":{"line":6,"column":1380},"end":{"line":6,"column":1386}},"locations":[{"start":{"line":6,"column":1380},"end":{"line":6,"column":1386}}]},"19":{"type":"branch","loc":{"start":{"line":6,"column":1443},"end":{"line":6,"column":1460}},"locations":[{"start":{"line":6,"column":1443},"end":{"line":6,"column":1460}}]},"20":{"type":"branch","loc":{"start":{"line":6,"column":1485},"end":{"line":7,"column":23}},"locations":[{"start":{"line":6,"column":1485},"end":{"line":7,"column":23}}]},"21":{"type":"branch","loc":{"start":{"line":7,"column":120},"end":{"line":7,"column":271}},"locations":[{"start":{"line":7,"column":120},"end":{"line":7,"column":271}}]},"22":{"type":"branch","loc":{"start":{"line":7,"column":320},"end":{"line":7,"column":508}},"locations":[{"start":{"line":7,"column":320},"end":{"line":7,"column":508}}]},"23":{"type":"branch","loc":{"start":{"line":7,"column":865},"end":{"line":8,"column":0}},"locations":[{"start":{"line":7,"column":865},"end":{"line":8,"column":0}}]},"24":{"type":"branch","loc":{"start":{"line":9,"column":168},"end":{"line":10,"column":21}},"locations":[{"start":{"line":9,"column":168},"end":{"line":10,"column":21}}]},"25":{"type":"branch","loc":{"start":{"line":11,"column":39},"end":{"line":11,"column":63}},"locations":[{"start":{"line":11,"column":39},"end":{"line":11,"column":63}}]},"26":{"type":"branch","loc":{"start":{"line":11,"column":247},"end":{"line":11,"column":402}},"locations":[{"start":{"line":11,"column":247},"end":{"line":11,"column":402}}]},"27":{"type":"branch","loc":{"start":{"line":11,"column":496},"end":{"line":11,"column":522}},"locations":[{"start":{"line":11,"column":496},"end":{"line":11,"column":522}}]},"28":{"type":"branch","loc":{"start":{"line":11,"column":547},"end":{"line":11,"column":647}},"locations":[{"start":{"line":11,"column":547},"end":{"line":11,"column":647}}]},"29":{"type":"branch","loc":{"start":{"line":11,"column":715},"end":{"line":12,"column":84}},"locations":[{"start":{"line":11,"column":715},"end":{"line":12,"column":84}}]},"30":{"type":"branch","loc":{"start":{"line":12,"column":420},"end":{"line":12,"column":422}},"locations":[{"start":{"line":12,"column":420},"end":{"line":12,"column":422}}]},"31":{"type":"branch","loc":{"start":{"line":12,"column":489},"end":{"line":12,"column":505}},"locations":[{"start":{"line":12,"column":489},"end":{"line":12,"column":505}}]},"32":{"type":"branch","loc":{"start":{"line":12,"column":535},"end":{"line":12,"column":552}},"locations":[{"start":{"line":12,"column":535},"end":{"line":12,"column":552}}]},"33":{"type":"branch","loc":{"start":{"line":12,"column":620},"end":{"line":13,"column":16}},"locations":[{"start":{"line":12,"column":620},"end":{"line":13,"column":16}}]},"34":{"type":"branch","loc":{"start":{"line":13,"column":335},"end":{"line":14,"column":78}},"locations":[{"start":{"line":13,"column":335},"end":{"line":14,"column":78}}]},"35":{"type":"branch","loc":{"start":{"line":14,"column":108},"end":{"line":14,"column":150}},"locations":[{"start":{"line":14,"column":108},"end":{"line":14,"column":150}}]},"36":{"type":"branch","loc":{"start":{"line":15,"column":112},"end":{"line":15,"column":144}},"locations":[{"start":{"line":15,"column":112},"end":{"line":15,"column":144}}]},"37":{"type":"branch","loc":{"start":{"line":15,"column":153},"end":{"line":15,"column":206}},"locations":[{"start":{"line":15,"column":153},"end":{"line":15,"column":206}}]},"38":{"type":"branch","loc":{"start":{"line":15,"column":221},"end":{"line":15,"column":243}},"locations":[{"start":{"line":15,"column":221},"end":{"line":15,"column":243}}]},"39":{"type":"branch","loc":{"start":{"line":15,"column":252},"end":{"line":16,"column":286}},"locations":[{"start":{"line":15,"column":252},"end":{"line":16,"column":286}}]},"40":{"type":"branch","loc":{"start":{"line":16,"column":303},"end":{"line":16,"column":378}},"locations":[{"start":{"line":16,"column":303},"end":{"line":16,"column":378}}]},"41":{"type":"branch","loc":{"start":{"line":16,"column":380},"end":{"line":16,"column":448}},"locations":[{"start":{"line":16,"column":380},"end":{"line":16,"column":448}}]},"42":{"type":"branch","loc":{"start":{"line":16,"column":451},"end":{"line":16,"column":531}},"locations":[{"start":{"line":16,"column":451},"end":{"line":16,"column":531}}]},"43":{"type":"branch","loc":{"start":{"line":16,"column":556},"end":{"line":16,"column":636}},"locations":[{"start":{"line":16,"column":556},"end":{"line":16,"column":636}}]},"44":{"type":"branch","loc":{"start":{"line":16,"column":654},"end":{"line":16,"column":802}},"locations":[{"start":{"line":16,"column":654},"end":{"line":16,"column":802}}]},"45":{"type":"branch","loc":{"start":{"line":16,"column":805},"end":{"line":16,"column":923}},"locations":[{"start":{"line":16,"column":805},"end":{"line":16,"column":923}}]},"46":{"type":"branch","loc":{"start":{"line":16,"column":1041},"end":{"line":16,"column":1075}},"locations":[{"start":{"line":16,"column":1041},"end":{"line":16,"column":1075}}]},"47":{"type":"branch","loc":{"start":{"line":16,"column":1100},"end":{"line":16,"column":1129}},"locations":[{"start":{"line":16,"column":1100},"end":{"line":16,"column":1129}}]},"48":{"type":"branch","loc":{"start":{"line":16,"column":1161},"end":{"line":16,"column":1498}},"locations":[{"start":{"line":16,"column":1161},"end":{"line":16,"column":1498}}]},"49":{"type":"branch","loc":{"start":{"line":16,"column":1645},"end":{"line":16,"column":1669}},"locations":[{"start":{"line":16,"column":1645},"end":{"line":16,"column":1669}}]},"50":{"type":"branch","loc":{"start":{"line":16,"column":1694},"end":{"line":16,"column":1728}},"locations":[{"start":{"line":16,"column":1694},"end":{"line":16,"column":1728}}]},"51":{"type":"branch","loc":{"start":{"line":19,"column":250},"end":{"line":19,"column":298}},"locations":[{"start":{"line":19,"column":250},"end":{"line":19,"column":298}}]},"52":{"type":"branch","loc":{"start":{"line":19,"column":307},"end":{"line":19,"column":332}},"locations":[{"start":{"line":19,"column":307},"end":{"line":19,"column":332}}]},"53":{"type":"branch","loc":{"start":{"line":19,"column":334},"end":{"line":19,"column":436}},"locations":[{"start":{"line":19,"column":334},"end":{"line":19,"column":436}}]},"54":{"type":"branch","loc":{"start":{"line":19,"column":446},"end":{"line":20,"column":230}},"locations":[{"start":{"line":19,"column":446},"end":{"line":20,"column":230}}]},"55":{"type":"branch","loc":{"start":{"line":20,"column":233},"end":{"line":20,"column":253}},"locations":[{"start":{"line":20,"column":233},"end":{"line":20,"column":253}}]},"56":{"type":"branch","loc":{"start":{"line":20,"column":281},"end":{"line":20,"column":283}},"locations":[{"start":{"line":20,"column":281},"end":{"line":20,"column":283}}]},"57":{"type":"branch","loc":{"start":{"line":20,"column":295},"end":{"line":20,"column":500}},"locations":[{"start":{"line":20,"column":295},"end":{"line":20,"column":500}}]},"58":{"type":"branch","loc":{"start":{"line":20,"column":503},"end":{"line":20,"column":953}},"locations":[{"start":{"line":20,"column":503},"end":{"line":20,"column":953}}]},"59":{"type":"branch","loc":{"start":{"line":20,"column":956},"end":{"line":20,"column":1068}},"locations":[{"start":{"line":20,"column":956},"end":{"line":20,"column":1068}}]},"60":{"type":"branch","loc":{"start":{"line":20,"column":1080},"end":{"line":21,"column":144}},"locations":[{"start":{"line":20,"column":1080},"end":{"line":21,"column":144}}]},"61":{"type":"branch","loc":{"start":{"line":21,"column":153},"end":{"line":21,"column":169}},"locations":[{"start":{"line":21,"column":153},"end":{"line":21,"column":169}}]},"62":{"type":"branch","loc":{"start":{"line":21,"column":306},"end":{"line":22,"column":31}},"locations":[{"start":{"line":21,"column":306},"end":{"line":22,"column":31}}]},"63":{"type":"branch","loc":{"start":{"line":23,"column":306},"end":{"line":24,"column":91}},"locations":[{"start":{"line":23,"column":306},"end":{"line":24,"column":91}}]},"64":{"type":"branch","loc":{"start":{"line":24,"column":95},"end":{"line":24,"column":234}},"locations":[{"start":{"line":24,"column":95},"end":{"line":24,"column":234}}]},"65":{"type":"branch","loc":{"start":{"line":24,"column":237},"end":{"line":24,"column":319}},"locations":[{"start":{"line":24,"column":237},"end":{"line":24,"column":319}}]},"66":{"type":"branch","loc":{"start":{"line":24,"column":352},"end":{"line":25,"column":92}},"locations":[{"start":{"line":24,"column":352},"end":{"line":25,"column":92}}]},"67":{"type":"branch","loc":{"start":{"line":25,"column":262},"end":{"line":25,"column":271}},"locations":[{"start":{"line":25,"column":262},"end":{"line":25,"column":271}}]},"68":{"type":"branch","loc":{"start":{"line":25,"column":304},"end":{"line":25,"column":438}},"locations":[{"start":{"line":25,"column":304},"end":{"line":25,"column":438}}]},"69":{"type":"branch","loc":{"start":{"line":25,"column":446},"end":{"line":26,"column":0}},"locations":[{"start":{"line":25,"column":446},"end":{"line":26,"column":0}}]},"70":{"type":"branch","loc":{"start":{"line":26,"column":222},"end":{"line":26,"column":518}},"locations":[{"start":{"line":26,"column":222},"end":{"line":26,"column":518}}]},"71":{"type":"branch","loc":{"start":{"line":26,"column":677},"end":{"line":27,"column":80}},"locations":[{"start":{"line":26,"column":677},"end":{"line":27,"column":80}}]},"72":{"type":"branch","loc":{"start":{"line":27,"column":84},"end":{"line":27,"column":130}},"locations":[{"start":{"line":27,"column":84},"end":{"line":27,"column":130}}]},"73":{"type":"branch","loc":{"start":{"line":27,"column":134},"end":{"line":27,"column":245}},"locations":[{"start":{"line":27,"column":134},"end":{"line":27,"column":245}}]},"74":{"type":"branch","loc":{"start":{"line":28,"column":14},"end":{"line":28,"column":97}},"locations":[{"start":{"line":28,"column":14},"end":{"line":28,"column":97}}]},"75":{"type":"branch","loc":{"start":{"line":28,"column":106},"end":{"line":28,"column":133}},"locations":[{"start":{"line":28,"column":106},"end":{"line":28,"column":133}}]},"76":{"type":"branch","loc":{"start":{"line":28,"column":191},"end":{"line":28,"column":320}},"locations":[{"start":{"line":28,"column":191},"end":{"line":28,"column":320}}]},"77":{"type":"branch","loc":{"start":{"line":28,"column":332},"end":{"line":29,"column":344}},"locations":[{"start":{"line":28,"column":332},"end":{"line":29,"column":344}}]},"78":{"type":"branch","loc":{"start":{"line":29,"column":349},"end":{"line":29,"column":414}},"locations":[{"start":{"line":29,"column":349},"end":{"line":29,"column":414}}]},"79":{"type":"branch","loc":{"start":{"line":29,"column":444},"end":{"line":30,"column":29}},"locations":[{"start":{"line":29,"column":444},"end":{"line":30,"column":29}}]},"80":{"type":"branch","loc":{"start":{"line":30,"column":130},"end":{"line":30,"column":157}},"locations":[{"start":{"line":30,"column":130},"end":{"line":30,"column":157}}]},"81":{"type":"branch","loc":{"start":{"line":30,"column":159},"end":{"line":30,"column":183}},"locations":[{"start":{"line":30,"column":159},"end":{"line":30,"column":183}}]},"82":{"type":"branch","loc":{"start":{"line":30,"column":185},"end":{"line":30,"column":213}},"locations":[{"start":{"line":30,"column":185},"end":{"line":30,"column":213}}]},"83":{"type":"branch","loc":{"start":{"line":30,"column":215},"end":{"line":30,"column":293}},"locations":[{"start":{"line":30,"column":215},"end":{"line":30,"column":293}}]},"84":{"type":"branch","loc":{"start":{"line":30,"column":295},"end":{"line":30,"column":313}},"locations":[{"start":{"line":30,"column":295},"end":{"line":30,"column":313}}]},"85":{"type":"branch","loc":{"start":{"line":30,"column":320},"end":{"line":30,"column":335}},"locations":[{"start":{"line":30,"column":320},"end":{"line":30,"column":335}}]},"86":{"type":"branch","loc":{"start":{"line":30,"column":338},"end":{"line":30,"column":351}},"locations":[{"start":{"line":30,"column":338},"end":{"line":30,"column":351}}]},"87":{"type":"branch","loc":{"start":{"line":30,"column":381},"end":{"line":30,"column":409}},"locations":[{"start":{"line":30,"column":381},"end":{"line":30,"column":409}}]},"88":{"type":"branch","loc":{"start":{"line":30,"column":418},"end":{"line":30,"column":470}},"locations":[{"start":{"line":30,"column":418},"end":{"line":30,"column":470}}]},"89":{"type":"branch","loc":{"start":{"line":31,"column":318},"end":{"line":31,"column":347}},"locations":[{"start":{"line":31,"column":318},"end":{"line":31,"column":347}}]},"90":{"type":"branch","loc":{"start":{"line":31,"column":350},"end":{"line":31,"column":357}},"locations":[{"start":{"line":31,"column":350},"end":{"line":31,"column":357}}]},"91":{"type":"branch","loc":{"start":{"line":31,"column":378},"end":{"line":32,"column":5}},"locations":[{"start":{"line":31,"column":378},"end":{"line":32,"column":5}}]},"92":{"type":"branch","loc":{"start":{"line":32,"column":7},"end":{"line":32,"column":18}},"locations":[{"start":{"line":32,"column":7},"end":{"line":32,"column":18}}]},"93":{"type":"branch","loc":{"start":{"line":32,"column":20},"end":{"line":32,"column":42}},"locations":[{"start":{"line":32,"column":20},"end":{"line":32,"column":42}}]},"94":{"type":"branch","loc":{"start":{"line":32,"column":44},"end":{"line":32,"column":333}},"locations":[{"start":{"line":32,"column":44},"end":{"line":32,"column":333}}]},"95":{"type":"branch","loc":{"start":{"line":32,"column":523},"end":{"line":35,"column":17}},"locations":[{"start":{"line":32,"column":523},"end":{"line":35,"column":17}}]},"96":{"type":"branch","loc":{"start":{"line":35,"column":505},"end":{"line":36,"column":48}},"locations":[{"start":{"line":35,"column":505},"end":{"line":36,"column":48}}]},"97":{"type":"branch","loc":{"start":{"line":36,"column":139},"end":{"line":36,"column":160}},"locations":[{"start":{"line":36,"column":139},"end":{"line":36,"column":160}}]},"98":{"type":"branch","loc":{"start":{"line":36,"column":307},"end":{"line":37,"column":84}},"locations":[{"start":{"line":36,"column":307},"end":{"line":37,"column":84}}]},"99":{"type":"branch","loc":{"start":{"line":37,"column":91},"end":{"line":37,"column":277}},"locations":[{"start":{"line":37,"column":91},"end":{"line":37,"column":277}}]},"100":{"type":"branch","loc":{"start":{"line":37,"column":287},"end":{"line":38,"column":89}},"locations":[{"start":{"line":37,"column":287},"end":{"line":38,"column":89}}]},"101":{"type":"branch","loc":{"start":{"line":38,"column":96},"end":{"line":38,"column":184}},"locations":[{"start":{"line":38,"column":96},"end":{"line":38,"column":184}}]},"102":{"type":"branch","loc":{"start":{"line":38,"column":216},"end":{"line":39,"column":59}},"locations":[{"start":{"line":38,"column":216},"end":{"line":39,"column":59}}]},"103":{"type":"branch","loc":{"start":{"line":40,"column":77},"end":{"line":40,"column":167}},"locations":[{"start":{"line":40,"column":77},"end":{"line":40,"column":167}}]},"104":{"type":"branch","loc":{"start":{"line":41,"column":113},"end":{"line":45,"column":0}},"locations":[{"start":{"line":41,"column":113},"end":{"line":45,"column":0}}]}},"b":{"0":[1],"1":[1],"2":[1],"3":[1],"4":[1],"5":[1],"6":[1],"7":[1],"8":[1],"9":[1],"10":[1],"11":[1],"12":[1],"13":[1],"14":[1],"15":[1],"16":[1],"17":[1],"18":[1],"19":[1],"20":[1],"21":[1],"22":[1],"23":[1],"24":[1],"25":[1],"26":[1],"27":[1],"28":[1],"29":[1],"30":[1],"31":[1],"32":[1],"33":[1],"34":[1],"35":[1],"36":[1],"37":[1],"38":[1],"39":[1],"40":[1],"41":[1],"42":[1],"43":[1],"44":[1],"45":[1],"46":[1],"47":[1],"48":[1],"49":[1],"50":[1],"51":[1],"52":[1],"53":[1],"54":[1],"55":[1],"56":[1],"57":[1],"58":[1],"59":[1],"60":[1],"61":[1],"62":[1],"63":[1],"64":[1],"65":[1],"66":[1],"67":[1],"68":[1],"69":[1],"70":[1],"71":[1],"72":[1],"73":[1],"74":[1],"75":[1],"76":[1],"77":[1],"78":[1],"79":[1],"80":[1],"81":[1],"82":[1],"83":[1],"84":[1],"85":[1],"86":[1],"87":[1],"88":[1],"89":[1],"90":[1],"91":[1],"92":[1],"93":[1],"94":[1],"95":[1],"96":[1],"97":[1],"98":[1],"99":[1],"100":[1],"101":[1],"102":[1],"103":[1],"104":[1]},"fnMap":{},"f":{},"originalUrl":"http://localhost:8000/dist/v0/amp-addthis-0.1.js"},"/Users/derektse/amphtml/.nyc_output/localhost_8000/dist/v0/amp-anim-0.1.js": {"path":"/Users/derektse/amphtml/.nyc_output/localhost_8000/dist/v0/amp-anim-0.1.js","statementMap":{"0":{"start":{"line":1,"column":0},"end":{"line":1,"column":80}},"1":{"start":{"line":2,"column":0},"end":{"line":2,"column":438}},"2":{"start":{"line":3,"column":0},"end":{"line":3,"column":1175}},"3":{"start":{"line":4,"column":0},"end":{"line":4,"column":548}},"4":{"start":{"line":5,"column":0},"end":{"line":5,"column":141}},"5":{"start":{"line":6,"column":0},"end":{"line":6,"column":631}},"6":{"start":{"line":7,"column":0},"end":{"line":7,"column":436}},"7":{"start":{"line":8,"column":0},"end":{"line":8,"column":364}},"8":{"start":{"line":9,"column":0},"end":{"line":9,"column":5}},"9":{"start":{"line":10,"column":0},"end":{"line":10,"column":0}},"10":{"start":{"line":11,"column":0},"end":{"line":11,"column":40}},"11":{"start":{"line":12,"column":0},"end":{"line":12,"column":0}}},"s":{"0":0,"1":0,"2":0,"3":0,"4":0,"5":0,"6":0,"7":0,"8":1,"9":1,"10":1,"11":1},"branchMap":{"0":{"type":"branch","loc":{"start":{"line":1,"column":0},"end":{"line":1,"column":18}},"locations":[{"start":{"line":1,"column":0},"end":{"line":1,"column":18}}]},"1":{"type":"branch","loc":{"start":{"line":1,"column":22},"end":{"line":2,"column":54}},"locations":[{"start":{"line":1,"column":22},"end":{"line":2,"column":54}}]},"2":{"type":"branch","loc":{"start":{"line":2,"column":108},"end":{"line":2,"column":326}},"locations":[{"start":{"line":2,"column":108},"end":{"line":2,"column":326}}]},"3":{"type":"branch","loc":{"start":{"line":2,"column":383},"end":{"line":3,"column":68}},"locations":[{"start":{"line":2,"column":383},"end":{"line":3,"column":68}}]},"4":{"type":"branch","loc":{"start":{"line":3,"column":257},"end":{"line":3,"column":286}},"locations":[{"start":{"line":3,"column":257},"end":{"line":3,"column":286}}]},"5":{"type":"branch","loc":{"start":{"line":3,"column":290},"end":{"line":3,"column":326}},"locations":[{"start":{"line":3,"column":290},"end":{"line":3,"column":326}}]},"6":{"type":"branch","loc":{"start":{"line":3,"column":354},"end":{"line":3,"column":590}},"locations":[{"start":{"line":3,"column":354},"end":{"line":3,"column":590}}]},"7":{"type":"branch","loc":{"start":{"line":3,"column":617},"end":{"line":3,"column":706}},"locations":[{"start":{"line":3,"column":617},"end":{"line":3,"column":706}}]},"8":{"type":"branch","loc":{"start":{"line":3,"column":746},"end":{"line":3,"column":797}},"locations":[{"start":{"line":3,"column":746},"end":{"line":3,"column":797}}]},"9":{"type":"branch","loc":{"start":{"line":3,"column":1175},"end":{"line":4,"column":26}},"locations":[{"start":{"line":3,"column":1175},"end":{"line":4,"column":26}}]},"10":{"type":"branch","loc":{"start":{"line":4,"column":56},"end":{"line":4,"column":58}},"locations":[{"start":{"line":4,"column":56},"end":{"line":4,"column":58}}]},"11":{"type":"branch","loc":{"start":{"line":4,"column":86},"end":{"line":4,"column":362}},"locations":[{"start":{"line":4,"column":86},"end":{"line":4,"column":362}}]},"12":{"type":"branch","loc":{"start":{"line":4,"column":518},"end":{"line":5,"column":84}},"locations":[{"start":{"line":4,"column":518},"end":{"line":5,"column":84}}]},"13":{"type":"branch","loc":{"start":{"line":5,"column":139},"end":{"line":6,"column":208}},"locations":[{"start":{"line":5,"column":139},"end":{"line":6,"column":208}}]},"14":{"type":"branch","loc":{"start":{"line":6,"column":256},"end":{"line":6,"column":290}},"locations":[{"start":{"line":6,"column":256},"end":{"line":6,"column":290}}]},"15":{"type":"branch","loc":{"start":{"line":6,"column":348},"end":{"line":6,"column":389}},"locations":[{"start":{"line":6,"column":348},"end":{"line":6,"column":389}}]},"16":{"type":"branch","loc":{"start":{"line":6,"column":630},"end":{"line":7,"column":206}},"locations":[{"start":{"line":6,"column":630},"end":{"line":7,"column":206}}]},"17":{"type":"branch","loc":{"start":{"line":7,"column":308},"end":{"line":7,"column":408}},"locations":[{"start":{"line":7,"column":308},"end":{"line":7,"column":408}}]},"18":{"type":"branch","loc":{"start":{"line":7,"column":435},"end":{"line":8,"column":19}},"locations":[{"start":{"line":7,"column":435},"end":{"line":8,"column":19}}]},"19":{"type":"branch","loc":{"start":{"line":8,"column":236},"end":{"line":12,"column":0}},"locations":[{"start":{"line":8,"column":236},"end":{"line":12,"column":0}}]}},"b":{"0":[1],"1":[1],"2":[1],"3":[1],"4":[1],"5":[1],"6":[1],"7":[1],"8":[1],"9":[1],"10":[1],"11":[1],"12":[1],"13":[1],"14":[1],"15":[1],"16":[1],"17":[1],"18":[1],"19":[1]},"fnMap":{},"f":{},"originalUrl":"http://localhost:8000/dist/v0/amp-anim-0.1.js"},"/Users/derektse/amphtml/.nyc_output/localhost_8000/dist/v0/amp-ad-0.1.js": {"path":"/Users/derektse/amphtml/.nyc_output/localhost_8000/dist/v0/amp-ad-0.1.js","statementMap":{"0":{"start":{"line":1,"column":0},"end":{"line":1,"column":78}},"1":{"start":{"line":2,"column":0},"end":{"line":2,"column":442}},"2":{"start":{"line":3,"column":0},"end":{"line":3,"column":278}},"3":{"start":{"line":4,"column":0},"end":{"line":4,"column":848}},"4":{"start":{"line":5,"column":0},"end":{"line":5,"column":261}},"5":{"start":{"line":6,"column":0},"end":{"line":6,"column":689}},"6":{"start":{"line":7,"column":0},"end":{"line":7,"column":504}},"7":{"start":{"line":8,"column":0},"end":{"line":8,"column":336}},"8":{"start":{"line":9,"column":0},"end":{"line":9,"column":517}},"9":{"start":{"line":10,"column":0},"end":{"line":10,"column":506}},"10":{"start":{"line":11,"column":0},"end":{"line":11,"column":379}},"11":{"start":{"line":12,"column":0},"end":{"line":12,"column":543}},"12":{"start":{"line":13,"column":0},"end":{"line":13,"column":1402}},"13":{"start":{"line":14,"column":0},"end":{"line":14,"column":507}},"14":{"start":{"line":15,"column":0},"end":{"line":15,"column":624}},"15":{"start":{"line":16,"column":0},"end":{"line":16,"column":420}},"16":{"start":{"line":17,"column":0},"end":{"line":17,"column":877}},"17":{"start":{"line":18,"column":0},"end":{"line":18,"column":370}},"18":{"start":{"line":19,"column":0},"end":{"line":19,"column":155}},"19":{"start":{"line":20,"column":0},"end":{"line":20,"column":62}},"20":{"start":{"line":21,"column":0},"end":{"line":21,"column":385}},"21":{"start":{"line":22,"column":0},"end":{"line":22,"column":504}},"22":{"start":{"line":23,"column":0},"end":{"line":23,"column":516}},"23":{"start":{"line":24,"column":0},"end":{"line":24,"column":805}},"24":{"start":{"line":25,"column":0},"end":{"line":25,"column":740}},"25":{"start":{"line":26,"column":0},"end":{"line":26,"column":520}},"26":{"start":{"line":27,"column":0},"end":{"line":27,"column":108}},"27":{"start":{"line":28,"column":0},"end":{"line":28,"column":1302}},"28":{"start":{"line":29,"column":0},"end":{"line":29,"column":206}},"29":{"start":{"line":30,"column":0},"end":{"line":30,"column":492}},"30":{"start":{"line":31,"column":0},"end":{"line":31,"column":381}},"31":{"start":{"line":32,"column":0},"end":{"line":32,"column":440}},"32":{"start":{"line":33,"column":0},"end":{"line":33,"column":490}},"33":{"start":{"line":34,"column":0},"end":{"line":34,"column":789}},"34":{"start":{"line":35,"column":0},"end":{"line":35,"column":497}},"35":{"start":{"line":36,"column":0},"end":{"line":36,"column":354}},"36":{"start":{"line":37,"column":0},"end":{"line":37,"column":473}},"37":{"start":{"line":38,"column":0},"end":{"line":38,"column":23900}},"38":{"start":{"line":39,"column":0},"end":{"line":39,"column":501}},"39":{"start":{"line":40,"column":0},"end":{"line":40,"column":503}},"40":{"start":{"line":41,"column":0},"end":{"line":41,"column":516}},"41":{"start":{"line":42,"column":0},"end":{"line":42,"column":522}},"42":{"start":{"line":43,"column":0},"end":{"line":43,"column":479}},"43":{"start":{"line":44,"column":0},"end":{"line":44,"column":409}},"44":{"start":{"line":45,"column":0},"end":{"line":45,"column":427}},"45":{"start":{"line":46,"column":0},"end":{"line":46,"column":425}},"46":{"start":{"line":47,"column":0},"end":{"line":47,"column":395}},"47":{"start":{"line":48,"column":0},"end":{"line":48,"column":673}},"48":{"start":{"line":49,"column":0},"end":{"line":49,"column":519}},"49":{"start":{"line":50,"column":0},"end":{"line":50,"column":512}},"50":{"start":{"line":51,"column":0},"end":{"line":51,"column":512}},"51":{"start":{"line":52,"column":0},"end":{"line":52,"column":233}},"52":{"start":{"line":53,"column":0},"end":{"line":53,"column":506}},"53":{"start":{"line":54,"column":0},"end":{"line":54,"column":316}},"54":{"start":{"line":55,"column":0},"end":{"line":55,"column":507}},"55":{"start":{"line":56,"column":0},"end":{"line":56,"column":520}},"56":{"start":{"line":57,"column":0},"end":{"line":57,"column":312}},"57":{"start":{"line":58,"column":0},"end":{"line":58,"column":700}},"58":{"start":{"line":59,"column":0},"end":{"line":59,"column":574}},"59":{"start":{"line":60,"column":0},"end":{"line":60,"column":172}},"60":{"start":{"line":61,"column":0},"end":{"line":61,"column":503}},"61":{"start":{"line":62,"column":0},"end":{"line":62,"column":213}},"62":{"start":{"line":63,"column":0},"end":{"line":63,"column":507}},"63":{"start":{"line":64,"column":0},"end":{"line":64,"column":76}},"64":{"start":{"line":65,"column":0},"end":{"line":65,"column":459}},"65":{"start":{"line":66,"column":0},"end":{"line":66,"column":351}},"66":{"start":{"line":67,"column":0},"end":{"line":67,"column":507}},"67":{"start":{"line":68,"column":0},"end":{"line":68,"column":426}},"68":{"start":{"line":69,"column":0},"end":{"line":69,"column":274}},"69":{"start":{"line":70,"column":0},"end":{"line":70,"column":272}},"70":{"start":{"line":71,"column":0},"end":{"line":71,"column":502}},"71":{"start":{"line":72,"column":0},"end":{"line":72,"column":525}},"72":{"start":{"line":73,"column":0},"end":{"line":73,"column":502}},"73":{"start":{"line":74,"column":0},"end":{"line":74,"column":659}},"74":{"start":{"line":75,"column":0},"end":{"line":75,"column":502}},"75":{"start":{"line":76,"column":0},"end":{"line":76,"column":471}},"76":{"start":{"line":77,"column":0},"end":{"line":77,"column":557}},"77":{"start":{"line":78,"column":0},"end":{"line":78,"column":512}},"78":{"start":{"line":79,"column":0},"end":{"line":79,"column":445}},"79":{"start":{"line":80,"column":0},"end":{"line":80,"column":507}},"80":{"start":{"line":81,"column":0},"end":{"line":81,"column":300}},"81":{"start":{"line":82,"column":0},"end":{"line":82,"column":538}},"82":{"start":{"line":83,"column":0},"end":{"line":83,"column":508}},"83":{"start":{"line":84,"column":0},"end":{"line":84,"column":1126}},"84":{"start":{"line":85,"column":0},"end":{"line":85,"column":45}},"85":{"start":{"line":86,"column":0},"end":{"line":86,"column":5}},"86":{"start":{"line":87,"column":0},"end":{"line":87,"column":0}},"87":{"start":{"line":88,"column":0},"end":{"line":88,"column":38}},"88":{"start":{"line":89,"column":0},"end":{"line":89,"column":0}}},"s":{"0":0,"1":0,"2":0,"3":0,"4":1,"5":0,"6":0,"7":0,"8":0,"9":0,"10":0,"11":0,"12":0,"13":0,"14":0,"15":0,"16":0,"17":0,"18":0,"19":1,"20":0,"21":0,"22":0,"23":0,"24":0,"25":0,"26":0,"27":0,"28":0,"29":0,"30":0,"31":0,"32":0,"33":0,"34":0,"35":0,"36":0,"37":0,"38":0,"39":0,"40":0,"41":0,"42":0,"43":0,"44":0,"45":0,"46":0,"47":0,"48":0,"49":0,"50":0,"51":0,"52":0,"53":0,"54":0,"55":0,"56":0,"57":0,"58":0,"59":0,"60":0,"61":0,"62":0,"63":0,"64":0,"65":0,"66":0,"67":0,"68":0,"69":0,"70":0,"71":0,"72":0,"73":0,"74":0,"75":0,"76":0,"77":0,"78":0,"79":0,"80":0,"81":0,"82":0,"83":1,"84":1,"85":1,"86":1,"87":1,"88":1},"branchMap":{"0":{"type":"branch","loc":{"start":{"line":1,"column":0},"end":{"line":1,"column":18}},"locations":[{"start":{"line":1,"column":0},"end":{"line":1,"column":18}}]},"1":{"type":"branch","loc":{"start":{"line":1,"column":22},"end":{"line":2,"column":55}},"locations":[{"start":{"line":1,"column":22},"end":{"line":2,"column":55}}]},"2":{"type":"branch","loc":{"start":{"line":2,"column":109},"end":{"line":2,"column":328}},"locations":[{"start":{"line":2,"column":109},"end":{"line":2,"column":328}}]},"3":{"type":"branch","loc":{"start":{"line":2,"column":385},"end":{"line":3,"column":69}},"locations":[{"start":{"line":2,"column":385},"end":{"line":3,"column":69}}]},"4":{"type":"branch","loc":{"start":{"line":3,"column":268},"end":{"line":4,"column":85}},"locations":[{"start":{"line":3,"column":268},"end":{"line":4,"column":85}}]},"5":{"type":"branch","loc":{"start":{"line":4,"column":241},"end":{"line":6,"column":0}},"locations":[{"start":{"line":4,"column":241},"end":{"line":6,"column":0}}]},"6":{"type":"branch","loc":{"start":{"line":9,"column":301},"end":{"line":9,"column":346}},"locations":[{"start":{"line":9,"column":301},"end":{"line":9,"column":346}}]},"7":{"type":"branch","loc":{"start":{"line":9,"column":506},"end":{"line":10,"column":0}},"locations":[{"start":{"line":9,"column":506},"end":{"line":10,"column":0}}]},"8":{"type":"branch","loc":{"start":{"line":10,"column":506},"end":{"line":11,"column":22}},"locations":[{"start":{"line":10,"column":506},"end":{"line":11,"column":22}}]},"9":{"type":"branch","loc":{"start":{"line":11,"column":26},"end":{"line":11,"column":63}},"locations":[{"start":{"line":11,"column":26},"end":{"line":11,"column":63}}]},"10":{"type":"branch","loc":{"start":{"line":11,"column":91},"end":{"line":11,"column":264}},"locations":[{"start":{"line":11,"column":91},"end":{"line":11,"column":264}}]},"11":{"type":"branch","loc":{"start":{"line":11,"column":276},"end":{"line":11,"column":345}},"locations":[{"start":{"line":11,"column":276},"end":{"line":11,"column":345}}]},"12":{"type":"branch","loc":{"start":{"line":11,"column":372},"end":{"line":12,"column":185}},"locations":[{"start":{"line":11,"column":372},"end":{"line":12,"column":185}}]},"13":{"type":"branch","loc":{"start":{"line":12,"column":220},"end":{"line":13,"column":259}},"locations":[{"start":{"line":12,"column":220},"end":{"line":13,"column":259}}]},"14":{"type":"branch","loc":{"start":{"line":13,"column":299},"end":{"line":13,"column":345}},"locations":[{"start":{"line":13,"column":299},"end":{"line":13,"column":345}}]},"15":{"type":"branch","loc":{"start":{"line":13,"column":394},"end":{"line":13,"column":443}},"locations":[{"start":{"line":13,"column":394},"end":{"line":13,"column":443}}]},"16":{"type":"branch","loc":{"start":{"line":13,"column":492},"end":{"line":13,"column":584}},"locations":[{"start":{"line":13,"column":492},"end":{"line":13,"column":584}}]},"17":{"type":"branch","loc":{"start":{"line":13,"column":683},"end":{"line":13,"column":815}},"locations":[{"start":{"line":13,"column":683},"end":{"line":13,"column":815}}]},"18":{"type":"branch","loc":{"start":{"line":13,"column":819},"end":{"line":13,"column":821}},"locations":[{"start":{"line":13,"column":819},"end":{"line":13,"column":821}}]},"19":{"type":"branch","loc":{"start":{"line":13,"column":889},"end":{"line":13,"column":905}},"locations":[{"start":{"line":13,"column":889},"end":{"line":13,"column":905}}]},"20":{"type":"branch","loc":{"start":{"line":13,"column":935},"end":{"line":13,"column":952}},"locations":[{"start":{"line":13,"column":935},"end":{"line":13,"column":952}}]},"21":{"type":"branch","loc":{"start":{"line":13,"column":1020},"end":{"line":13,"column":1037}},"locations":[{"start":{"line":13,"column":1020},"end":{"line":13,"column":1037}}]},"22":{"type":"branch","loc":{"start":{"line":13,"column":1355},"end":{"line":14,"column":0}},"locations":[{"start":{"line":13,"column":1355},"end":{"line":14,"column":0}}]},"23":{"type":"branch","loc":{"start":{"line":17,"column":338},"end":{"line":17,"column":392}},"locations":[{"start":{"line":17,"column":338},"end":{"line":17,"column":392}}]},"24":{"type":"branch","loc":{"start":{"line":17,"column":412},"end":{"line":17,"column":477}},"locations":[{"start":{"line":17,"column":412},"end":{"line":17,"column":477}}]},"25":{"type":"branch","loc":{"start":{"line":17,"column":494},"end":{"line":17,"column":509}},"locations":[{"start":{"line":17,"column":494},"end":{"line":17,"column":509}}]},"26":{"type":"branch","loc":{"start":{"line":17,"column":737},"end":{"line":17,"column":777}},"locations":[{"start":{"line":17,"column":737},"end":{"line":17,"column":777}}]},"27":{"type":"branch","loc":{"start":{"line":17,"column":863},"end":{"line":18,"column":0}},"locations":[{"start":{"line":17,"column":863},"end":{"line":18,"column":0}}]},"28":{"type":"branch","loc":{"start":{"line":18,"column":210},"end":{"line":18,"column":249}},"locations":[{"start":{"line":18,"column":210},"end":{"line":18,"column":249}}]},"29":{"type":"branch","loc":{"start":{"line":18,"column":274},"end":{"line":19,"column":0}},"locations":[{"start":{"line":18,"column":274},"end":{"line":19,"column":0}}]},"30":{"type":"branch","loc":{"start":{"line":19,"column":152},"end":{"line":21,"column":7}},"locations":[{"start":{"line":19,"column":152},"end":{"line":21,"column":7}}]},"31":{"type":"branch","loc":{"start":{"line":24,"column":122},"end":{"line":24,"column":175}},"locations":[{"start":{"line":24,"column":122},"end":{"line":24,"column":175}}]},"32":{"type":"branch","loc":{"start":{"line":24,"column":505},"end":{"line":24,"column":654}},"locations":[{"start":{"line":24,"column":505},"end":{"line":24,"column":654}}]},"33":{"type":"branch","loc":{"start":{"line":24,"column":663},"end":{"line":24,"column":696}},"locations":[{"start":{"line":24,"column":663},"end":{"line":24,"column":696}}]},"34":{"type":"branch","loc":{"start":{"line":24,"column":701},"end":{"line":24,"column":735}},"locations":[{"start":{"line":24,"column":701},"end":{"line":24,"column":735}}]},"35":{"type":"branch","loc":{"start":{"line":24,"column":743},"end":{"line":25,"column":116}},"locations":[{"start":{"line":24,"column":743},"end":{"line":25,"column":116}}]},"36":{"type":"branch","loc":{"start":{"line":25,"column":155},"end":{"line":25,"column":351}},"locations":[{"start":{"line":25,"column":155},"end":{"line":25,"column":351}}]},"37":{"type":"branch","loc":{"start":{"line":25,"column":488},"end":{"line":25,"column":533}},"locations":[{"start":{"line":25,"column":488},"end":{"line":25,"column":533}}]},"38":{"type":"branch","loc":{"start":{"line":25,"column":540},"end":{"line":26,"column":63}},"locations":[{"start":{"line":25,"column":540},"end":{"line":26,"column":63}}]},"39":{"type":"branch","loc":{"start":{"line":26,"column":519},"end":{"line":27,"column":28}},"locations":[{"start":{"line":26,"column":519},"end":{"line":27,"column":28}}]},"40":{"type":"branch","loc":{"start":{"line":27,"column":107},"end":{"line":28,"column":23}},"locations":[{"start":{"line":27,"column":107},"end":{"line":28,"column":23}}]},"41":{"type":"branch","loc":{"start":{"line":28,"column":445},"end":{"line":28,"column":467}},"locations":[{"start":{"line":28,"column":445},"end":{"line":28,"column":467}}]},"42":{"type":"branch","loc":{"start":{"line":33,"column":385},"end":{"line":33,"column":402}},"locations":[{"start":{"line":33,"column":385},"end":{"line":33,"column":402}}]},"43":{"type":"branch","loc":{"start":{"line":33,"column":489},"end":{"line":34,"column":20}},"locations":[{"start":{"line":33,"column":489},"end":{"line":34,"column":20}}]},"44":{"type":"branch","loc":{"start":{"line":34,"column":572},"end":{"line":34,"column":589}},"locations":[{"start":{"line":34,"column":572},"end":{"line":34,"column":589}}]},"45":{"type":"branch","loc":{"start":{"line":34,"column":788},"end":{"line":35,"column":0}},"locations":[{"start":{"line":34,"column":788},"end":{"line":35,"column":0}}]},"46":{"type":"branch","loc":{"start":{"line":35,"column":115},"end":{"line":35,"column":146}},"locations":[{"start":{"line":35,"column":115},"end":{"line":35,"column":146}}]},"47":{"type":"branch","loc":{"start":{"line":35,"column":379},"end":{"line":35,"column":394}},"locations":[{"start":{"line":35,"column":379},"end":{"line":35,"column":394}}]},"48":{"type":"branch","loc":{"start":{"line":35,"column":496},"end":{"line":36,"column":20}},"locations":[{"start":{"line":35,"column":496},"end":{"line":36,"column":20}}]},"49":{"type":"branch","loc":{"start":{"line":36,"column":103},"end":{"line":37,"column":0}},"locations":[{"start":{"line":36,"column":103},"end":{"line":37,"column":0}}]},"50":{"type":"branch","loc":{"start":{"line":38,"column":607},"end":{"line":38,"column":22629}},"locations":[{"start":{"line":38,"column":607},"end":{"line":38,"column":22629}}]},"51":{"type":"branch","loc":{"start":{"line":38,"column":23086},"end":{"line":38,"column":23160}},"locations":[{"start":{"line":38,"column":23086},"end":{"line":38,"column":23160}}]},"52":{"type":"branch","loc":{"start":{"line":38,"column":23452},"end":{"line":38,"column":23488}},"locations":[{"start":{"line":38,"column":23452},"end":{"line":38,"column":23488}}]},"53":{"type":"branch","loc":{"start":{"line":38,"column":23885},"end":{"line":39,"column":7}},"locations":[{"start":{"line":38,"column":23885},"end":{"line":39,"column":7}}]},"54":{"type":"branch","loc":{"start":{"line":43,"column":479},"end":{"line":44,"column":20}},"locations":[{"start":{"line":43,"column":479},"end":{"line":44,"column":20}}]},"55":{"type":"branch","loc":{"start":{"line":46,"column":425},"end":{"line":47,"column":19}},"locations":[{"start":{"line":46,"column":425},"end":{"line":47,"column":19}}]},"56":{"type":"branch","loc":{"start":{"line":47,"column":81},"end":{"line":47,"column":100}},"locations":[{"start":{"line":47,"column":81},"end":{"line":47,"column":100}}]},"57":{"type":"branch","loc":{"start":{"line":47,"column":133},"end":{"line":47,"column":147}},"locations":[{"start":{"line":47,"column":133},"end":{"line":47,"column":147}}]},"58":{"type":"branch","loc":{"start":{"line":47,"column":394},"end":{"line":48,"column":12}},"locations":[{"start":{"line":47,"column":394},"end":{"line":48,"column":12}}]},"59":{"type":"branch","loc":{"start":{"line":48,"column":193},"end":{"line":48,"column":258}},"locations":[{"start":{"line":48,"column":193},"end":{"line":48,"column":258}}]},"60":{"type":"branch","loc":{"start":{"line":48,"column":429},"end":{"line":48,"column":450}},"locations":[{"start":{"line":48,"column":429},"end":{"line":48,"column":450}}]},"61":{"type":"branch","loc":{"start":{"line":48,"column":663},"end":{"line":49,"column":0}},"locations":[{"start":{"line":48,"column":663},"end":{"line":49,"column":0}}]},"62":{"type":"branch","loc":{"start":{"line":54,"column":199},"end":{"line":55,"column":24}},"locations":[{"start":{"line":54,"column":199},"end":{"line":55,"column":24}}]},"63":{"type":"branch","loc":{"start":{"line":55,"column":35},"end":{"line":55,"column":82}},"locations":[{"start":{"line":55,"column":35},"end":{"line":55,"column":82}}]},"64":{"type":"branch","loc":{"start":{"line":56,"column":431},"end":{"line":57,"column":258}},"locations":[{"start":{"line":56,"column":431},"end":{"line":57,"column":258}}]},"65":{"type":"branch","loc":{"start":{"line":57,"column":303},"end":{"line":58,"column":0}},"locations":[{"start":{"line":57,"column":303},"end":{"line":58,"column":0}}]},"66":{"type":"branch","loc":{"start":{"line":58,"column":368},"end":{"line":58,"column":638}},"locations":[{"start":{"line":58,"column":368},"end":{"line":58,"column":638}}]},"67":{"type":"branch","loc":{"start":{"line":58,"column":699},"end":{"line":59,"column":55}},"locations":[{"start":{"line":58,"column":699},"end":{"line":59,"column":55}}]},"68":{"type":"branch","loc":{"start":{"line":59,"column":64},"end":{"line":59,"column":143}},"locations":[{"start":{"line":59,"column":64},"end":{"line":59,"column":143}}]},"69":{"type":"branch","loc":{"start":{"line":59,"column":345},"end":{"line":59,"column":368}},"locations":[{"start":{"line":59,"column":345},"end":{"line":59,"column":368}}]},"70":{"type":"branch","loc":{"start":{"line":59,"column":370},"end":{"line":60,"column":19}},"locations":[{"start":{"line":59,"column":370},"end":{"line":60,"column":19}}]},"71":{"type":"branch","loc":{"start":{"line":60,"column":171},"end":{"line":61,"column":398}},"locations":[{"start":{"line":60,"column":171},"end":{"line":61,"column":398}}]},"72":{"type":"branch","loc":{"start":{"line":62,"column":174},"end":{"line":62,"column":196}},"locations":[{"start":{"line":62,"column":174},"end":{"line":62,"column":196}}]},"73":{"type":"branch","loc":{"start":{"line":62,"column":211},"end":{"line":63,"column":229}},"locations":[{"start":{"line":62,"column":211},"end":{"line":63,"column":229}}]},"74":{"type":"branch","loc":{"start":{"line":63,"column":330},"end":{"line":63,"column":370}},"locations":[{"start":{"line":63,"column":330},"end":{"line":63,"column":370}}]},"75":{"type":"branch","loc":{"start":{"line":63,"column":419},"end":{"line":63,"column":442}},"locations":[{"start":{"line":63,"column":419},"end":{"line":63,"column":442}}]},"76":{"type":"branch","loc":{"start":{"line":64,"column":6},"end":{"line":64,"column":47}},"locations":[{"start":{"line":64,"column":6},"end":{"line":64,"column":47}}]},"77":{"type":"branch","loc":{"start":{"line":64,"column":74},"end":{"line":65,"column":137}},"locations":[{"start":{"line":64,"column":74},"end":{"line":65,"column":137}}]},"78":{"type":"branch","loc":{"start":{"line":65,"column":162},"end":{"line":65,"column":171}},"locations":[{"start":{"line":65,"column":162},"end":{"line":65,"column":171}}]},"79":{"type":"branch","loc":{"start":{"line":65,"column":457},"end":{"line":66,"column":21}},"locations":[{"start":{"line":65,"column":457},"end":{"line":66,"column":21}}]},"80":{"type":"branch","loc":{"start":{"line":66,"column":127},"end":{"line":66,"column":162}},"locations":[{"start":{"line":66,"column":127},"end":{"line":66,"column":162}}]},"81":{"type":"branch","loc":{"start":{"line":66,"column":350},"end":{"line":67,"column":17}},"locations":[{"start":{"line":66,"column":350},"end":{"line":67,"column":17}}]},"82":{"type":"branch","loc":{"start":{"line":68,"column":177},"end":{"line":68,"column":197}},"locations":[{"start":{"line":68,"column":177},"end":{"line":68,"column":197}}]},"83":{"type":"branch","loc":{"start":{"line":68,"column":244},"end":{"line":68,"column":263}},"locations":[{"start":{"line":68,"column":244},"end":{"line":68,"column":263}}]},"84":{"type":"branch","loc":{"start":{"line":68,"column":310},"end":{"line":68,"column":327}},"locations":[{"start":{"line":68,"column":310},"end":{"line":68,"column":327}}]},"85":{"type":"branch","loc":{"start":{"line":68,"column":367},"end":{"line":68,"column":385}},"locations":[{"start":{"line":68,"column":367},"end":{"line":68,"column":385}}]},"86":{"type":"branch","loc":{"start":{"line":68,"column":425},"end":{"line":69,"column":19}},"locations":[{"start":{"line":68,"column":425},"end":{"line":69,"column":19}}]},"87":{"type":"branch","loc":{"start":{"line":69,"column":133},"end":{"line":69,"column":152}},"locations":[{"start":{"line":69,"column":133},"end":{"line":69,"column":152}}]},"88":{"type":"branch","loc":{"start":{"line":69,"column":273},"end":{"line":70,"column":0}},"locations":[{"start":{"line":69,"column":273},"end":{"line":70,"column":0}}]},"89":{"type":"branch","loc":{"start":{"line":74,"column":419},"end":{"line":74,"column":438}},"locations":[{"start":{"line":74,"column":419},"end":{"line":74,"column":438}}]},"90":{"type":"branch","loc":{"start":{"line":74,"column":534},"end":{"line":74,"column":592}},"locations":[{"start":{"line":74,"column":534},"end":{"line":74,"column":592}}]},"91":{"type":"branch","loc":{"start":{"line":74,"column":612},"end":{"line":74,"column":633}},"locations":[{"start":{"line":74,"column":612},"end":{"line":74,"column":633}}]},"92":{"type":"branch","loc":{"start":{"line":74,"column":658},"end":{"line":75,"column":16}},"locations":[{"start":{"line":74,"column":658},"end":{"line":75,"column":16}}]},"93":{"type":"branch","loc":{"start":{"line":76,"column":470},"end":{"line":77,"column":17}},"locations":[{"start":{"line":76,"column":470},"end":{"line":77,"column":17}}]},"94":{"type":"branch","loc":{"start":{"line":77,"column":556},"end":{"line":78,"column":0}},"locations":[{"start":{"line":77,"column":556},"end":{"line":78,"column":0}}]},"95":{"type":"branch","loc":{"start":{"line":79,"column":372},"end":{"line":79,"column":391}},"locations":[{"start":{"line":79,"column":372},"end":{"line":79,"column":391}}]},"96":{"type":"branch","loc":{"start":{"line":79,"column":444},"end":{"line":80,"column":0}},"locations":[{"start":{"line":79,"column":444},"end":{"line":80,"column":0}}]},"97":{"type":"branch","loc":{"start":{"line":80,"column":507},"end":{"line":81,"column":69}},"locations":[{"start":{"line":80,"column":507},"end":{"line":81,"column":69}}]},"98":{"type":"branch","loc":{"start":{"line":81,"column":89},"end":{"line":81,"column":102}},"locations":[{"start":{"line":81,"column":89},"end":{"line":81,"column":102}}]},"99":{"type":"branch","loc":{"start":{"line":81,"column":122},"end":{"line":81,"column":128}},"locations":[{"start":{"line":81,"column":122},"end":{"line":81,"column":128}}]},"100":{"type":"branch","loc":{"start":{"line":81,"column":148},"end":{"line":81,"column":279}},"locations":[{"start":{"line":81,"column":148},"end":{"line":81,"column":279}}]},"101":{"type":"branch","loc":{"start":{"line":81,"column":299},"end":{"line":82,"column":120}},"locations":[{"start":{"line":81,"column":299},"end":{"line":82,"column":120}}]},"102":{"type":"branch","loc":{"start":{"line":82,"column":172},"end":{"line":82,"column":320}},"locations":[{"start":{"line":82,"column":172},"end":{"line":82,"column":320}}]},"103":{"type":"branch","loc":{"start":{"line":82,"column":345},"end":{"line":83,"column":294}},"locations":[{"start":{"line":82,"column":345},"end":{"line":83,"column":294}}]},"104":{"type":"branch","loc":{"start":{"line":83,"column":330},"end":{"line":83,"column":338}},"locations":[{"start":{"line":83,"column":330},"end":{"line":83,"column":338}}]},"105":{"type":"branch","loc":{"start":{"line":83,"column":498},"end":{"line":89,"column":0}},"locations":[{"start":{"line":83,"column":498},"end":{"line":89,"column":0}}]}},"b":{"0":[1],"1":[1],"2":[1],"3":[1],"4":[1],"5":[1],"6":[1],"7":[1],"8":[1],"9":[1],"10":[1],"11":[1],"12":[1],"13":[1],"14":[1],"15":[1],"16":[1],"17":[1],"18":[1],"19":[1],"20":[1],"21":[1],"22":[1],"23":[1],"24":[1],"25":[1],"26":[1],"27":[1],"28":[1],"29":[1],"30":[1],"31":[1],"32":[1],"33":[1],"34":[1],"35":[1],"36":[1],"37":[1],"38":[1],"39":[1],"40":[1],"41":[1],"42":[1],"43":[1],"44":[1],"45":[1],"46":[1],"47":[1],"48":[1],"49":[1],"50":[1],"51":[1],"52":[1],"53":[1],"54":[1],"55":[1],"56":[1],"57":[1],"58":[1],"59":[1],"60":[1],"61":[1],"62":[1],"63":[1],"64":[1],"65":[1],"66":[1],"67":[1],"68":[1],"69":[1],"70":[1],"71":[1],"72":[1],"73":[1],"74":[1],"75":[1],"76":[1],"77":[1],"78":[1],"79":[1],"80":[1],"81":[1],"82":[1],"83":[1],"84":[1],"85":[1],"86":[1],"87":[1],"88":[1],"89":[1],"90":[1],"91":[1],"92":[1],"93":[1],"94":[1],"95":[1],"96":[1],"97":[1],"98":[1],"99":[1],"100":[1],"101":[1],"102":[1],"103":[1],"104":[1],"105":[1]},"fnMap":{},"f":{},"originalUrl":"http://localhost:8000/dist/v0/amp-ad-0.1.js"},"/Users/derektse/amphtml/.nyc_output/localhost_8000/dist/v0/amp-audio-0.1.js": {"path":"/Users/derektse/amphtml/.nyc_output/localhost_8000/dist/v0/amp-audio-0.1.js","statementMap":{"0":{"start":{"line":1,"column":0},"end":{"line":1,"column":81}},"1":{"start":{"line":2,"column":0},"end":{"line":2,"column":438}},"2":{"start":{"line":3,"column":0},"end":{"line":3,"column":1824}},"3":{"start":{"line":4,"column":0},"end":{"line":4,"column":509}},"4":{"start":{"line":5,"column":0},"end":{"line":5,"column":501}},"5":{"start":{"line":6,"column":0},"end":{"line":6,"column":506}},"6":{"start":{"line":7,"column":0},"end":{"line":7,"column":505}},"7":{"start":{"line":8,"column":0},"end":{"line":8,"column":994}},"8":{"start":{"line":9,"column":0},"end":{"line":9,"column":498}},"9":{"start":{"line":10,"column":0},"end":{"line":10,"column":503}},"10":{"start":{"line":11,"column":0},"end":{"line":11,"column":62}},"11":{"start":{"line":12,"column":0},"end":{"line":12,"column":815}},"12":{"start":{"line":13,"column":0},"end":{"line":13,"column":544}},"13":{"start":{"line":14,"column":0},"end":{"line":14,"column":390}},"14":{"start":{"line":15,"column":0},"end":{"line":15,"column":1094}},"15":{"start":{"line":16,"column":0},"end":{"line":16,"column":277}},"16":{"start":{"line":17,"column":0},"end":{"line":17,"column":321}},"17":{"start":{"line":18,"column":0},"end":{"line":18,"column":501}},"18":{"start":{"line":19,"column":0},"end":{"line":19,"column":379}},"19":{"start":{"line":20,"column":0},"end":{"line":20,"column":513}},"20":{"start":{"line":21,"column":0},"end":{"line":21,"column":467}},"21":{"start":{"line":22,"column":0},"end":{"line":22,"column":5}},"22":{"start":{"line":23,"column":0},"end":{"line":23,"column":0}},"23":{"start":{"line":24,"column":0},"end":{"line":24,"column":41}},"24":{"start":{"line":25,"column":0},"end":{"line":25,"column":0}}},"s":{"0":0,"1":0,"2":0,"3":0,"4":0,"5":0,"6":0,"7":0,"8":0,"9":0,"10":1,"11":0,"12":0,"13":0,"14":0,"15":0,"16":0,"17":0,"18":0,"19":0,"20":0,"21":1,"22":1,"23":1,"24":1},"branchMap":{"0":{"type":"branch","loc":{"start":{"line":1,"column":0},"end":{"line":1,"column":18}},"locations":[{"start":{"line":1,"column":0},"end":{"line":1,"column":18}}]},"1":{"type":"branch","loc":{"start":{"line":1,"column":22},"end":{"line":2,"column":54}},"locations":[{"start":{"line":1,"column":22},"end":{"line":2,"column":54}}]},"2":{"type":"branch","loc":{"start":{"line":2,"column":108},"end":{"line":2,"column":326}},"locations":[{"start":{"line":2,"column":108},"end":{"line":2,"column":326}}]},"3":{"type":"branch","loc":{"start":{"line":2,"column":383},"end":{"line":3,"column":68}},"locations":[{"start":{"line":2,"column":383},"end":{"line":3,"column":68}}]},"4":{"type":"branch","loc":{"start":{"line":3,"column":259},"end":{"line":3,"column":267}},"locations":[{"start":{"line":3,"column":259},"end":{"line":3,"column":267}}]},"5":{"type":"branch","loc":{"start":{"line":3,"column":454},"end":{"line":3,"column":553}},"locations":[{"start":{"line":3,"column":454},"end":{"line":3,"column":553}}]},"6":{"type":"branch","loc":{"start":{"line":3,"column":557},"end":{"line":3,"column":594}},"locations":[{"start":{"line":3,"column":557},"end":{"line":3,"column":594}}]},"7":{"type":"branch","loc":{"start":{"line":3,"column":622},"end":{"line":3,"column":859}},"locations":[{"start":{"line":3,"column":622},"end":{"line":3,"column":859}}]},"8":{"type":"branch","loc":{"start":{"line":3,"column":886},"end":{"line":3,"column":975}},"locations":[{"start":{"line":3,"column":886},"end":{"line":3,"column":975}}]},"9":{"type":"branch","loc":{"start":{"line":3,"column":1015},"end":{"line":3,"column":1037}},"locations":[{"start":{"line":3,"column":1015},"end":{"line":3,"column":1037}}]},"10":{"type":"branch","loc":{"start":{"line":3,"column":1310},"end":{"line":3,"column":1350}},"locations":[{"start":{"line":3,"column":1310},"end":{"line":3,"column":1350}}]},"11":{"type":"branch","loc":{"start":{"line":3,"column":1417},"end":{"line":3,"column":1433}},"locations":[{"start":{"line":3,"column":1417},"end":{"line":3,"column":1433}}]},"12":{"type":"branch","loc":{"start":{"line":3,"column":1463},"end":{"line":3,"column":1480}},"locations":[{"start":{"line":3,"column":1463},"end":{"line":3,"column":1480}}]},"13":{"type":"branch","loc":{"start":{"line":3,"column":1548},"end":{"line":3,"column":1565}},"locations":[{"start":{"line":3,"column":1548},"end":{"line":3,"column":1565}}]},"14":{"type":"branch","loc":{"start":{"line":3,"column":1815},"end":{"line":4,"column":0}},"locations":[{"start":{"line":3,"column":1815},"end":{"line":4,"column":0}}]},"15":{"type":"branch","loc":{"start":{"line":8,"column":363},"end":{"line":8,"column":416}},"locations":[{"start":{"line":8,"column":363},"end":{"line":8,"column":416}}]},"16":{"type":"branch","loc":{"start":{"line":8,"column":436},"end":{"line":8,"column":472}},"locations":[{"start":{"line":8,"column":436},"end":{"line":8,"column":472}}]},"17":{"type":"branch","loc":{"start":{"line":10,"column":494},"end":{"line":12,"column":0}},"locations":[{"start":{"line":10,"column":494},"end":{"line":12,"column":0}}]},"18":{"type":"branch","loc":{"start":{"line":13,"column":221},"end":{"line":13,"column":277}},"locations":[{"start":{"line":13,"column":221},"end":{"line":13,"column":277}}]},"19":{"type":"branch","loc":{"start":{"line":15,"column":178},"end":{"line":15,"column":185}},"locations":[{"start":{"line":15,"column":178},"end":{"line":15,"column":185}}]},"20":{"type":"branch","loc":{"start":{"line":15,"column":661},"end":{"line":15,"column":839}},"locations":[{"start":{"line":15,"column":661},"end":{"line":15,"column":839}}]},"21":{"type":"branch","loc":{"start":{"line":15,"column":995},"end":{"line":15,"column":1073}},"locations":[{"start":{"line":15,"column":995},"end":{"line":15,"column":1073}}]},"22":{"type":"branch","loc":{"start":{"line":15,"column":1092},"end":{"line":16,"column":57}},"locations":[{"start":{"line":15,"column":1092},"end":{"line":16,"column":57}}]},"23":{"type":"branch","loc":{"start":{"line":16,"column":126},"end":{"line":17,"column":28}},"locations":[{"start":{"line":16,"column":126},"end":{"line":17,"column":28}}]},"24":{"type":"branch","loc":{"start":{"line":17,"column":320},"end":{"line":18,"column":20}},"locations":[{"start":{"line":17,"column":320},"end":{"line":18,"column":20}}]},"25":{"type":"branch","loc":{"start":{"line":19,"column":200},"end":{"line":19,"column":218}},"locations":[{"start":{"line":19,"column":200},"end":{"line":19,"column":218}}]},"26":{"type":"branch","loc":{"start":{"line":19,"column":378},"end":{"line":20,"column":0}},"locations":[{"start":{"line":19,"column":378},"end":{"line":20,"column":0}}]},"27":{"type":"branch","loc":{"start":{"line":21,"column":6},"end":{"line":21,"column":30}},"locations":[{"start":{"line":21,"column":6},"end":{"line":21,"column":30}}]},"28":{"type":"branch","loc":{"start":{"line":21,"column":50},"end":{"line":21,"column":67}},"locations":[{"start":{"line":21,"column":50},"end":{"line":21,"column":67}}]},"29":{"type":"branch","loc":{"start":{"line":21,"column":244},"end":{"line":21,"column":248}},"locations":[{"start":{"line":21,"column":244},"end":{"line":21,"column":248}}]},"30":{"type":"branch","loc":{"start":{"line":21,"column":283},"end":{"line":21,"column":288}},"locations":[{"start":{"line":21,"column":283},"end":{"line":21,"column":288}}]},"31":{"type":"branch","loc":{"start":{"line":21,"column":409},"end":{"line":25,"column":0}},"locations":[{"start":{"line":21,"column":409},"end":{"line":25,"column":0}}]}},"b":{"0":[1],"1":[1],"2":[1],"3":[1],"4":[1],"5":[1],"6":[1],"7":[1],"8":[1],"9":[1],"10":[1],"11":[1],"12":[1],"13":[1],"14":[1],"15":[1],"16":[1],"17":[1],"18":[1],"19":[1],"20":[1],"21":[1],"22":[1],"23":[1],"24":[1],"25":[1],"26":[1],"27":[1],"28":[1],"29":[1],"30":[1],"31":[1]},"fnMap":{},"f":{},"originalUrl":"http://localhost:8000/dist/v0/amp-audio-0.1.js"},"/Users/derektse/amphtml/.nyc_output/localhost_8000/dist/v0/amp-carousel-0.1.js": {"path":"/Users/derektse/amphtml/.nyc_output/localhost_8000/dist/v0/amp-carousel-0.1.js","statementMap":{"0":{"start":{"line":1,"column":0},"end":{"line":1,"column":84}},"1":{"start":{"line":2,"column":0},"end":{"line":2,"column":441}},"2":{"start":{"line":3,"column":0},"end":{"line":3,"column":271}},"3":{"start":{"line":4,"column":0},"end":{"line":4,"column":2054}},"4":{"start":{"line":5,"column":0},"end":{"line":5,"column":502}},"5":{"start":{"line":6,"column":0},"end":{"line":6,"column":1002}},"6":{"start":{"line":7,"column":0},"end":{"line":7,"column":425}},"7":{"start":{"line":8,"column":0},"end":{"line":8,"column":480}},"8":{"start":{"line":9,"column":0},"end":{"line":9,"column":156}},"9":{"start":{"line":10,"column":0},"end":{"line":10,"column":62}},"10":{"start":{"line":11,"column":0},"end":{"line":11,"column":851}},"11":{"start":{"line":12,"column":0},"end":{"line":12,"column":507}},"12":{"start":{"line":13,"column":0},"end":{"line":13,"column":386}},"13":{"start":{"line":14,"column":0},"end":{"line":14,"column":501}},"14":{"start":{"line":15,"column":0},"end":{"line":15,"column":848}},"15":{"start":{"line":16,"column":0},"end":{"line":16,"column":463}},"16":{"start":{"line":17,"column":0},"end":{"line":17,"column":182}},"17":{"start":{"line":18,"column":0},"end":{"line":18,"column":320}},"18":{"start":{"line":19,"column":0},"end":{"line":19,"column":514}},"19":{"start":{"line":20,"column":0},"end":{"line":20,"column":785}},"20":{"start":{"line":21,"column":0},"end":{"line":21,"column":398}},"21":{"start":{"line":22,"column":0},"end":{"line":22,"column":499}},"22":{"start":{"line":23,"column":0},"end":{"line":23,"column":275}},"23":{"start":{"line":24,"column":0},"end":{"line":24,"column":506}},"24":{"start":{"line":25,"column":0},"end":{"line":25,"column":445}},"25":{"start":{"line":26,"column":0},"end":{"line":26,"column":604}},"26":{"start":{"line":27,"column":0},"end":{"line":27,"column":735}},"27":{"start":{"line":28,"column":0},"end":{"line":28,"column":523}},"28":{"start":{"line":29,"column":0},"end":{"line":29,"column":392}},"29":{"start":{"line":30,"column":0},"end":{"line":30,"column":228}},"30":{"start":{"line":31,"column":0},"end":{"line":31,"column":465}},"31":{"start":{"line":32,"column":0},"end":{"line":32,"column":421}},"32":{"start":{"line":33,"column":0},"end":{"line":33,"column":431}},"33":{"start":{"line":34,"column":0},"end":{"line":34,"column":608}},"34":{"start":{"line":35,"column":0},"end":{"line":35,"column":482}},"35":{"start":{"line":36,"column":0},"end":{"line":36,"column":442}},"36":{"start":{"line":37,"column":0},"end":{"line":37,"column":1045}},"37":{"start":{"line":38,"column":0},"end":{"line":38,"column":538}},"38":{"start":{"line":39,"column":0},"end":{"line":39,"column":514}},"39":{"start":{"line":40,"column":0},"end":{"line":40,"column":465}},"40":{"start":{"line":41,"column":0},"end":{"line":41,"column":327}},"41":{"start":{"line":42,"column":0},"end":{"line":42,"column":353}},"42":{"start":{"line":43,"column":0},"end":{"line":43,"column":485}},"43":{"start":{"line":44,"column":0},"end":{"line":44,"column":340}},"44":{"start":{"line":45,"column":0},"end":{"line":45,"column":388}},"45":{"start":{"line":46,"column":0},"end":{"line":46,"column":488}},"46":{"start":{"line":47,"column":0},"end":{"line":47,"column":304}},"47":{"start":{"line":48,"column":0},"end":{"line":48,"column":505}},"48":{"start":{"line":49,"column":0},"end":{"line":49,"column":441}},"49":{"start":{"line":50,"column":0},"end":{"line":50,"column":433}},"50":{"start":{"line":51,"column":0},"end":{"line":51,"column":499}},"51":{"start":{"line":52,"column":0},"end":{"line":52,"column":4620}},"52":{"start":{"line":53,"column":0},"end":{"line":53,"column":5}},"53":{"start":{"line":54,"column":0},"end":{"line":54,"column":0}},"54":{"start":{"line":55,"column":0},"end":{"line":55,"column":44}},"55":{"start":{"line":56,"column":0},"end":{"line":56,"column":0}}},"s":{"0":0,"1":0,"2":0,"3":0,"4":0,"5":0,"6":0,"7":0,"8":0,"9":1,"10":0,"11":0,"12":0,"13":0,"14":0,"15":0,"16":0,"17":0,"18":0,"19":0,"20":0,"21":0,"22":0,"23":0,"24":0,"25":0,"26":0,"27":1,"28":0,"29":0,"30":0,"31":0,"32":0,"33":0,"34":0,"35":0,"36":0,"37":1,"38":0,"39":0,"40":0,"41":0,"42":0,"43":0,"44":0,"45":0,"46":0,"47":0,"48":0,"49":0,"50":0,"51":0,"52":1,"53":1,"54":1,"55":1},"branchMap":{"0":{"type":"branch","loc":{"start":{"line":1,"column":0},"end":{"line":1,"column":18}},"locations":[{"start":{"line":1,"column":0},"end":{"line":1,"column":18}}]},"1":{"type":"branch","loc":{"start":{"line":1,"column":22},"end":{"line":2,"column":55}},"locations":[{"start":{"line":1,"column":22},"end":{"line":2,"column":55}}]},"2":{"type":"branch","loc":{"start":{"line":2,"column":109},"end":{"line":2,"column":328}},"locations":[{"start":{"line":2,"column":109},"end":{"line":2,"column":328}}]},"3":{"type":"branch","loc":{"start":{"line":2,"column":385},"end":{"line":3,"column":68}},"locations":[{"start":{"line":2,"column":385},"end":{"line":3,"column":68}}]},"4":{"type":"branch","loc":{"start":{"line":3,"column":262},"end":{"line":4,"column":84}},"locations":[{"start":{"line":3,"column":262},"end":{"line":4,"column":84}}]},"5":{"type":"branch","loc":{"start":{"line":4,"column":240},"end":{"line":4,"column":314}},"locations":[{"start":{"line":4,"column":240},"end":{"line":4,"column":314}}]},"6":{"type":"branch","loc":{"start":{"line":4,"column":401},"end":{"line":4,"column":446}},"locations":[{"start":{"line":4,"column":401},"end":{"line":4,"column":446}}]},"7":{"type":"branch","loc":{"start":{"line":4,"column":500},"end":{"line":4,"column":522}},"locations":[{"start":{"line":4,"column":500},"end":{"line":4,"column":522}}]},"8":{"type":"branch","loc":{"start":{"line":4,"column":526},"end":{"line":4,"column":563}},"locations":[{"start":{"line":4,"column":526},"end":{"line":4,"column":563}}]},"9":{"type":"branch","loc":{"start":{"line":4,"column":591},"end":{"line":4,"column":829}},"locations":[{"start":{"line":4,"column":591},"end":{"line":4,"column":829}}]},"10":{"type":"branch","loc":{"start":{"line":4,"column":856},"end":{"line":4,"column":947}},"locations":[{"start":{"line":4,"column":856},"end":{"line":4,"column":947}}]},"11":{"type":"branch","loc":{"start":{"line":4,"column":987},"end":{"line":4,"column":1033}},"locations":[{"start":{"line":4,"column":987},"end":{"line":4,"column":1033}}]},"12":{"type":"branch","loc":{"start":{"line":4,"column":1082},"end":{"line":4,"column":1096}},"locations":[{"start":{"line":4,"column":1082},"end":{"line":4,"column":1096}}]},"13":{"type":"branch","loc":{"start":{"line":4,"column":1381},"end":{"line":4,"column":1443}},"locations":[{"start":{"line":4,"column":1381},"end":{"line":4,"column":1443}}]},"14":{"type":"branch","loc":{"start":{"line":4,"column":1447},"end":{"line":4,"column":1632}},"locations":[{"start":{"line":4,"column":1447},"end":{"line":4,"column":1632}}]},"15":{"type":"branch","loc":{"start":{"line":6,"column":368},"end":{"line":6,"column":422}},"locations":[{"start":{"line":6,"column":368},"end":{"line":6,"column":422}}]},"16":{"type":"branch","loc":{"start":{"line":6,"column":442},"end":{"line":6,"column":540}},"locations":[{"start":{"line":6,"column":442},"end":{"line":6,"column":540}}]},"17":{"type":"branch","loc":{"start":{"line":6,"column":557},"end":{"line":6,"column":589}},"locations":[{"start":{"line":6,"column":557},"end":{"line":6,"column":589}}]},"18":{"type":"branch","loc":{"start":{"line":7,"column":48},"end":{"line":7,"column":67}},"locations":[{"start":{"line":7,"column":48},"end":{"line":7,"column":67}}]},"19":{"type":"branch","loc":{"start":{"line":7,"column":106},"end":{"line":7,"column":151}},"locations":[{"start":{"line":7,"column":106},"end":{"line":7,"column":151}}]},"20":{"type":"branch","loc":{"start":{"line":7,"column":156},"end":{"line":7,"column":196}},"locations":[{"start":{"line":7,"column":156},"end":{"line":7,"column":196}}]},"21":{"type":"branch","loc":{"start":{"line":7,"column":213},"end":{"line":7,"column":331}},"locations":[{"start":{"line":7,"column":213},"end":{"line":7,"column":331}}]},"22":{"type":"branch","loc":{"start":{"line":7,"column":334},"end":{"line":7,"column":422}},"locations":[{"start":{"line":7,"column":334},"end":{"line":7,"column":422}}]},"23":{"type":"branch","loc":{"start":{"line":7,"column":424},"end":{"line":8,"column":105}},"locations":[{"start":{"line":7,"column":424},"end":{"line":8,"column":105}}]},"24":{"type":"branch","loc":{"start":{"line":8,"column":123},"end":{"line":8,"column":138}},"locations":[{"start":{"line":8,"column":123},"end":{"line":8,"column":138}}]},"25":{"type":"branch","loc":{"start":{"line":8,"column":322},"end":{"line":8,"column":360}},"locations":[{"start":{"line":8,"column":322},"end":{"line":8,"column":360}}]},"26":{"type":"branch","loc":{"start":{"line":8,"column":385},"end":{"line":9,"column":0}},"locations":[{"start":{"line":8,"column":385},"end":{"line":9,"column":0}}]},"27":{"type":"branch","loc":{"start":{"line":9,"column":153},"end":{"line":11,"column":0}},"locations":[{"start":{"line":9,"column":153},"end":{"line":11,"column":0}}]},"28":{"type":"branch","loc":{"start":{"line":11,"column":83},"end":{"line":11,"column":155}},"locations":[{"start":{"line":11,"column":83},"end":{"line":11,"column":155}}]},"29":{"type":"branch","loc":{"start":{"line":11,"column":330},"end":{"line":11,"column":332}},"locations":[{"start":{"line":11,"column":330},"end":{"line":11,"column":332}}]},"30":{"type":"branch","loc":{"start":{"line":12,"column":221},"end":{"line":12,"column":439}},"locations":[{"start":{"line":12,"column":221},"end":{"line":12,"column":439}}]},"31":{"type":"branch","loc":{"start":{"line":12,"column":506},"end":{"line":13,"column":26}},"locations":[{"start":{"line":12,"column":506},"end":{"line":13,"column":26}}]},"32":{"type":"branch","loc":{"start":{"line":13,"column":385},"end":{"line":14,"column":12}},"locations":[{"start":{"line":13,"column":385},"end":{"line":14,"column":12}}]},"33":{"type":"branch","loc":{"start":{"line":14,"column":229},"end":{"line":14,"column":242}},"locations":[{"start":{"line":14,"column":229},"end":{"line":14,"column":242}}]},"34":{"type":"branch","loc":{"start":{"line":14,"column":459},"end":{"line":14,"column":467}},"locations":[{"start":{"line":14,"column":459},"end":{"line":14,"column":467}}]},"35":{"type":"branch","loc":{"start":{"line":14,"column":500},"end":{"line":15,"column":84}},"locations":[{"start":{"line":14,"column":500},"end":{"line":15,"column":84}}]},"36":{"type":"branch","loc":{"start":{"line":15,"column":105},"end":{"line":15,"column":159}},"locations":[{"start":{"line":15,"column":105},"end":{"line":15,"column":159}}]},"37":{"type":"branch","loc":{"start":{"line":15,"column":607},"end":{"line":15,"column":628}},"locations":[{"start":{"line":15,"column":607},"end":{"line":15,"column":628}}]},"38":{"type":"branch","loc":{"start":{"line":15,"column":671},"end":{"line":15,"column":688}},"locations":[{"start":{"line":15,"column":671},"end":{"line":15,"column":688}}]},"39":{"type":"branch","loc":{"start":{"line":15,"column":771},"end":{"line":15,"column":790}},"locations":[{"start":{"line":15,"column":771},"end":{"line":15,"column":790}}]},"40":{"type":"branch","loc":{"start":{"line":15,"column":847},"end":{"line":16,"column":0}},"locations":[{"start":{"line":15,"column":847},"end":{"line":16,"column":0}}]},"41":{"type":"branch","loc":{"start":{"line":16,"column":463},"end":{"line":17,"column":17}},"locations":[{"start":{"line":16,"column":463},"end":{"line":17,"column":17}}]},"42":{"type":"branch","loc":{"start":{"line":17,"column":69},"end":{"line":17,"column":93}},"locations":[{"start":{"line":17,"column":69},"end":{"line":17,"column":93}}]},"43":{"type":"branch","loc":{"start":{"line":17,"column":135},"end":{"line":17,"column":153}},"locations":[{"start":{"line":17,"column":135},"end":{"line":17,"column":153}}]},"44":{"type":"branch","loc":{"start":{"line":17,"column":181},"end":{"line":18,"column":0}},"locations":[{"start":{"line":17,"column":181},"end":{"line":18,"column":0}}]},"45":{"type":"branch","loc":{"start":{"line":18,"column":320},"end":{"line":19,"column":15}},"locations":[{"start":{"line":18,"column":320},"end":{"line":19,"column":15}}]},"46":{"type":"branch","loc":{"start":{"line":20,"column":160},"end":{"line":20,"column":512}},"locations":[{"start":{"line":20,"column":160},"end":{"line":20,"column":512}}]},"47":{"type":"branch","loc":{"start":{"line":20,"column":551},"end":{"line":20,"column":722}},"locations":[{"start":{"line":20,"column":551},"end":{"line":20,"column":722}}]},"48":{"type":"branch","loc":{"start":{"line":20,"column":784},"end":{"line":21,"column":21}},"locations":[{"start":{"line":20,"column":784},"end":{"line":21,"column":21}}]},"49":{"type":"branch","loc":{"start":{"line":21,"column":33},"end":{"line":21,"column":245}},"locations":[{"start":{"line":21,"column":33},"end":{"line":21,"column":245}}]},"50":{"type":"branch","loc":{"start":{"line":21,"column":330},"end":{"line":22,"column":88}},"locations":[{"start":{"line":21,"column":330},"end":{"line":22,"column":88}}]},"51":{"type":"branch","loc":{"start":{"line":22,"column":119},"end":{
[...]
,"column":105},"end":{"line":528,"column":154}}]},"1213":{"type":"branch","loc":{"start":{"line":528,"column":232},"end":{"line":528,"column":530}},"locations":[{"start":{"line":528,"column":232},"end":{"line":528,"column":530}}]},"1214":{"type":"branch","loc":{"start":{"line":529,"column":174},"end":{"line":530,"column":147}},"locations":[{"start":{"line":529,"column":174},"end":{"line":530,"column":147}}]},"1215":{"type":"branch","loc":{"start":{"line":530,"column":177},"end":{"line":530,"column":349}},"locations":[{"start":{"line":530,"column":177},"end":{"line":530,"column":349}}]},"1216":{"type":"branch","loc":{"start":{"line":530,"column":358},"end":{"line":530,"column":470}},"locations":[{"start":{"line":530,"column":358},"end":{"line":530,"column":470}}]},"1217":{"type":"branch","loc":{"start":{"line":531,"column":114},"end":{"line":531,"column":120}},"locations":[{"start":{"line":531,"column":114},"end":{"line":531,"column":120}}]},"1218":{"type":"branch","loc":{"start":{"line":531,"column":233},"end":{"line":532,"column":179}},"locations":[{"start":{"line":531,"column":233},"end":{"line":532,"column":179}}]},"1219":{"type":"branch","loc":{"start":{"line":532,"column":182},"end":{"line":532,"column":298}},"locations":[{"start":{"line":532,"column":182},"end":{"line":532,"column":298}}]},"1220":{"type":"branch","loc":{"start":{"line":532,"column":317},"end":{"line":533,"column":13}},"locations":[{"start":{"line":532,"column":317},"end":{"line":533,"column":13}}]},"1221":{"type":"branch","loc":{"start":{"line":533,"column":69},"end":{"line":534,"column":116}},"locations":[{"start":{"line":533,"column":69},"end":{"line":534,"column":116}}]},"1222":{"type":"branch","loc":{"start":{"line":534,"column":137},"end":{"line":534,"column":279}},"locations":[{"start":{"line":534,"column":137},"end":{"line":534,"column":279}}]},"1223":{"type":"branch","loc":{"start":{"line":534,"column":406},"end":{"line":534,"column":412}},"locations":[{"start":{"line":534,"column":406},"end":{"line":534,"column":412}}]},"1224":{"type":"branch","loc":{"start":{"line":534,"column":478},"end":{"line":535,"column":5}},"locations":[{"start":{"line":534,"column":478},"end":{"line":535,"column":5}}]},"1225":{"type":"branch","loc":{"start":{"line":535,"column":67},"end":{"line":536,"column":0}},"locations":[{"start":{"line":535,"column":67},"end":{"line":536,"column":0}}]},"1226":{"type":"branch","loc":{"start":{"line":536,"column":499},"end":{"line":537,"column":160}},"locations":[{"start":{"line":536,"column":499},"end":{"line":537,"column":160}}]},"1227":{"type":"branch","loc":{"start":{"line":537,"column":282},"end":{"line":538,"column":250}},"locations":[{"start":{"line":537,"column":282},"end":{"line":538,"column":250}}]},"1228":{"type":"branch","loc":{"start":{"line":538,"column":260},"end":{"line":538,"column":385}},"locations":[{"start":{"line":538,"column":260},"end":{"line":538,"column":385}}]},"1229":{"type":"branch","loc":{"start":{"line":538,"column":423},"end":{"line":538,"column":443}},"locations":[{"start":{"line":538,"column":423},"end":{"line":538,"column":443}}]},"1230":{"type":"branch","loc":{"start":{"line":538,"column":460},"end":{"line":539,"column":205}},"locations":[{"start":{"line":538,"column":460},"end":{"line":539,"column":205}}]},"1231":{"type":"branch","loc":{"start":{"line":539,"column":232},"end":{"line":539,"column":324}},"locations":[{"start":{"line":539,"column":232},"end":{"line":539,"column":324}}]},"1232":{"type":"branch","loc":{"start":{"line":539,"column":326},"end":{"line":539,"column":355}},"locations":[{"start":{"line":539,"column":326},"end":{"line":539,"column":355}}]},"1233":{"type":"branch","loc":{"start":{"line":539,"column":418},"end":{"line":540,"column":17}},"locations":[{"start":{"line":539,"column":418},"end":{"line":540,"column":17}}]},"1234":{"type":"branch","loc":{"start":{"line":540,"column":96},"end":{"line":540,"column":186}},"locations":[{"start":{"line":540,"column":96},"end":{"line":540,"column":186}}]},"1235":{"type":"branch","loc":{"start":{"line":540,"column":281},"end":{"line":540,"column":421}},"locations":[{"start":{"line":540,"column":281},"end":{"line":540,"column":421}}]},"1236":{"type":"branch","loc":{"start":{"line":540,"column":676},"end":{"line":540,"column":701}},"locations":[{"start":{"line":540,"column":676},"end":{"line":540,"column":701}}]},"1237":{"type":"branch","loc":{"start":{"line":540,"column":773},"end":{"line":541,"column":5}},"locations":[{"start":{"line":540,"column":773},"end":{"line":541,"column":5}}]},"1238":{"type":"branch","loc":{"start":{"line":541,"column":442},"end":{"line":542,"column":5}},"locations":[{"start":{"line":541,"column":442},"end":{"line":542,"column":5}}]},"1239":{"type":"branch","loc":{"start":{"line":542,"column":104},"end":{"line":542,"column":110}},"locations":[{"start":{"line":542,"column":104},"end":{"line":542,"column":110}}]},"1240":{"type":"branch","loc":{"start":{"line":542,"column":130},"end":{"line":542,"column":136}},"locations":[{"start":{"line":542,"column":130},"end":{"line":542,"column":136}}]},"1241":{"type":"branch","loc":{"start":{"line":542,"column":156},"end":{"line":542,"column":240}},"locations":[{"start":{"line":542,"column":156},"end":{"line":542,"column":240}}]},"1242":{"type":"branch","loc":{"start":{"line":542,"column":420},"end":{"line":542,"column":508}},"locations":[{"start":{"line":542,"column":420},"end":{"line":542,"column":508}}]},"1243":{"type":"branch","loc":{"start":{"line":542,"column":572},"end":{"line":542,"column":574}},"locations":[{"start":{"line":542,"column":572},"end":{"line":542,"column":574}}]},"1244":{"type":"branch","loc":{"start":{"line":542,"column":678},"end":{"line":542,"column":691}},"locations":[{"start":{"line":542,"column":678},"end":{"line":542,"column":691}}]},"1245":{"type":"branch","loc":{"start":{"line":542,"column":728},"end":{"line":543,"column":0}},"locations":[{"start":{"line":542,"column":728},"end":{"line":543,"column":0}}]},"1246":{"type":"branch","loc":{"start":{"line":543,"column":240},"end":{"line":543,"column":601}},"locations":[{"start":{"line":543,"column":240},"end":{"line":543,"column":601}}]},"1247":{"type":"branch","loc":{"start":{"line":543,"column":644},"end":{"line":545,"column":139}},"locations":[{"start":{"line":543,"column":644},"end":{"line":545,"column":139}}]},"1248":{"type":"branch","loc":{"start":{"line":545,"column":175},"end":{"line":545,"column":393}},"locations":[{"start":{"line":545,"column":175},"end":{"line":545,"column":393}}]},"1249":{"type":"branch","loc":{"start":{"line":545,"column":435},"end":{"line":545,"column":443}},"locations":[{"start":{"line":545,"column":435},"end":{"line":545,"column":443}}]},"1250":{"type":"branch","loc":{"start":{"line":545,"column":474},"end":{"line":546,"column":77}},"locations":[{"start":{"line":545,"column":474},"end":{"line":546,"column":77}}]},"1251":{"type":"branch","loc":{"start":{"line":546,"column":90},"end":{"line":546,"column":278}},"locations":[{"start":{"line":546,"column":90},"end":{"line":546,"column":278}}]},"1252":{"type":"branch","loc":{"start":{"line":546,"column":430},"end":{"line":549,"column":0}},"locations":[{"start":{"line":546,"column":430},"end":{"line":549,"column":0}}]}},"b":{"0":[1],"1":[1],"2":[1],"3":[1],"4":[1],"5":[1],"6":[1],"7":[1],"8":[1],"9":[1],"10":[1],"11":[1],"12":[1],"13":[1],"14":[1],"15":[1],"16":[1],"17":[1],"18":[1],"19":[1],"20":[1],"21":[1],"22":[1],"23":[1],"24":[1],"25":[1],"26":[1],"27":[1],"28":[1],"29":[1],"30":[1],"31":[1],"32":[1],"33":[1],"34":[1],"35":[1],"36":[1],"37":[1],"38":[1],"39":[1],"40":[1],"41":[1],"42":[1],"43":[1],"44":[1],"45":[1],"46":[1],"47":[1],"48":[1],"49":[1],"50":[1],"51":[1],"52":[1],"53":[1],"54":[1],"55":[1],"56":[1],"57":[1],"58":[1],"59":[1],"60":[1],"61":[1],"62":[1],"63":[1],"64":[1],"65":[1],"66":[1],"67":[1],"68":[1],"69":[1],"70":[1],"71":[1],"72":[1],"73":[1],"74":[1],"75":[1],"76":[1],"77":[1],"78":[1],"79":[1],"80":[1],"81":[1],"82":[1],"83":[1],"84":[1],"85":[1],"86":[1],"87":[1],"88":[1],"89":[1],"90":[1],"91":[1],"92":[1],"93":[1],"94":[1],"95":[1],"96":[1],"97":[1],"98":[1],"99":[1],"100":[1],"101":[1],"102":[1],"103":[1],"104":[1],"105":[1],"106":[1],"107":[1],"108":[1],"109":[1],"110":[1],"111":[1],"112":[1],"113":[1],"114":[1],"115":[1],"116":[1],"117":[1],"118":[1],"119":[1],"120":[1],"121":[1],"122":[1],"123":[1],"124":[1],"125":[1],"126":[1],"127":[1],"128":[1],"129":[1],"130":[1],"131":[1],"132":[1],"133":[1],"134":[1],"135":[1],"136":[1],"137":[1],"138":[1],"139":[1],"140":[1],"141":[1],"142":[1],"143":[1],"144":[1],"145":[1],"146":[1],"147":[1],"148":[1],"149":[1],"150":[1],"151":[1],"152":[1],"153":[1],"154":[1],"155":[1],"156":[1],"157":[1],"158":[1],"159":[1],"160":[1],"161":[1],"162":[1],"163":[1],"164":[1],"165":[1],"166":[1],"167":[1],"168":[1],"169":[1],"170":[1],"171":[1],"172":[1],"173":[1],"174":[1],"175":[1],"176":[1],"177":[1],"178":[1],"179":[1],"180":[1],"181":[1],"182":[1],"183":[1],"184":[1],"185":[1],"186":[1],"187":[1],"188":[1],"189":[1],"190":[1],"191":[1],"192":[1],"193":[1],"194":[1],"195":[1],"196":[1],"197":[1],"198":[1],"199":[1],"200":[1],"201":[1],"202":[1],"203":[1],"204":[1],"205":[1],"206":[1],"207":[1],"208":[1],"209":[1],"210":[1],"211":[1],"212":[1],"213":[1],"214":[1],"215":[1],"216":[1],"217":[1],"218":[1],"219":[1],"220":[1],"221":[1],"222":[1],"223":[1],"224":[1],"225":[1],"226":[1],"227":[1],"228":[1],"229":[1],"230":[1],"231":[1],"232":[1],"233":[1],"234":[1],"235":[1],"236":[1],"237":[1],"238":[1],"239":[1],"240":[1],"241":[1],"242":[1],"243":[1],"244":[1],"245":[1],"246":[1],"247":[1],"248":[1],"249":[1],"250":[1],"251":[1],"252":[1],"253":[1],"254":[1],"255":[1],"256":[1],"257":[1],"258":[1],"259":[1],"260":[1],"261":[1],"262":[1],"263":[1],"264":[1],"265":[1],"266":[1],"267":[1],"268":[1],"269":[1],"270":[1],"271":[1],"272":[1],"273":[1],"274":[1],"275":[1],"276":[1],"277":[1],"278":[1],"279":[1],"280":[1],"281":[1],"282":[1],"283":[1],"284":[1],"285":[1],"286":[1],"287":[1],"288":[1],"289":[1],"290":[1],"291":[1],"292":[1],"293":[1],"294":[1],"295":[1],"296":[1],"297":[1],"298":[1],"299":[1],"300":[1],"301":[1],"302":[1],"303":[1],"304":[1],"305":[1],"306":[1],"307":[1],"308":[1],"309":[1],"310":[1],"311":[1],"312":[1],"313":[1],"314":[1],"315":[1],"316":[1],"317":[1],"318":[1],"319":[1],"320":[1],"321":[1],"322":[1],"323":[1],"324":[1],"325":[1],"326":[1],"327":[1],"328":[1],"329":[1],"330":[1],"331":[1],"332":[1],"333":[1],"334":[1],"335":[1],"336":[1],"337":[1],"338":[1],"339":[1],"340":[1],"341":[1],"342":[1],"343":[1],"344":[1],"345":[1],"346":[1],"347":[1],"348":[1],"349":[1],"350":[1],"351":[1],"352":[1],"353":[1],"354":[1],"355":[1],"356":[1],"357":[1],"358":[1],"359":[1],"360":[1],"361":[1],"362":[1],"363":[1],"364":[1],"365":[1],"366":[1],"367":[1],"368":[1],"369":[1],"370":[1],"371":[1],"372":[1],"373":[1],"374":[1],"375":[1],"376":[1],"377":[1],"378":[1],"379":[1],"380":[1],"381":[1],"382":[1],"383":[1],"384":[1],"385":[1],"386":[1],"387":[1],"388":[1],"389":[1],"390":[1],"391":[1],"392":[1],"393":[1],"394":[1],"395":[1],"396":[1],"397":[1],"398":[1],"399":[1],"400":[1],"401":[1],"402":[1],"403":[1],"404":[1],"405":[1],"406":[1],"407":[1],"408":[1],"409":[1],"410":[1],"411":[1],"412":[1],"413":[1],"414":[1],"415":[1],"416":[1],"417":[1],"418":[1],"419":[1],"420":[1],"421":[1],"422":[1],"423":[1],"424":[1],"425":[1],"426":[1],"427":[1],"428":[1],"429":[1],"430":[1],"431":[1],"432":[1],"433":[1],"434":[1],"435":[1],"436":[1],"437":[1],"438":[1],"439":[1],"440":[1],"441":[1],"442":[1],"443":[1],"444":[1],"445":[1],"446":[1],"447":[1],"448":[1],"449":[1],"450":[1],"451":[1],"452":[1],"453":[1],"454":[1],"455":[1],"456":[1],"457":[1],"458":[1],"459":[1],"460":[1],"461":[1],"462":[1],"463":[1],"464":[1],"465":[1],"466":[1],"467":[1],"468":[1],"469":[1],"470":[1],"471":[1],"472":[1],"473":[1],"474":[1],"475":[1],"476":[1],"477":[1],"478":[1],"479":[1],"480":[1],"481":[1],"482":[1],"483":[1],"484":[1],"485":[1],"486":[1],"487":[1],"488":[1],"489":[1],"490":[1],"491":[1],"492":[1],"493":[1],"494":[1],"495":[1],"496":[1],"497":[1],"498":[1],"499":[1],"500":[1],"501":[1],"502":[1],"503":[1],"504":[1],"505":[1],"506":[1],"507":[1],"508":[1],"509":[1],"510":[1],"511":[1],"512":[1],"513":[1],"514":[1],"515":[1],"516":[1],"517":[1],"518":[1],"519":[1],"520":[1],"521":[1],"522":[1],"523":[1],"524":[1],"525":[1],"526":[1],"527":[1],"528":[1],"529":[1],"530":[1],"531":[1],"532":[1],"533":[1],"534":[1],"535":[1],"536":[1],"537":[1],"538":[1],"539":[1],"540":[1],"541":[1],"542":[1],"543":[1],"544":[1],"545":[1],"546":[1],"547":[1],"548":[1],"549":[1],"550":[1],"551":[1],"552":[1],"553":[1],"554":[1],"555":[1],"556":[1],"557":[1],"558":[1],"559":[1],"560":[1],"561":[1],"562":[1],"563":[1],"564":[1],"565":[1],"566":[1],"567":[1],"568":[1],"569":[1],"570":[1],"571":[1],"572":[1],"573":[1],"574":[1],"575":[1],"576":[1],"577":[1],"578":[1],"579":[1],"580":[1],"581":[1],"582":[1],"583":[1],"584":[1],"585":[1],"586":[1],"587":[1],"588":[1],"589":[1],"590":[1],"591":[1],"592":[1],"593":[1],"594":[1],"595":[1],"596":[1],"597":[1],"598":[1],"599":[1],"600":[1],"601":[1],"602":[1],"603":[1],"604":[1],"605":[1],"606":[1],"607":[1],"608":[1],"609":[1],"610":[1],"611":[1],"612":[1],"613":[1],"614":[1],"615":[1],"616":[1],"617":[1],"618":[1],"619":[1],"620":[1],"621":[1],"622":[1],"623":[1],"624":[1],"625":[1],"626":[1],"627":[1],"628":[1],"629":[1],"630":[1],"631":[1],"632":[1],"633":[1],"634":[1],"635":[1],"636":[1],"637":[1],"638":[1],"639":[1],"640":[1],"641":[1],"642":[1],"643":[1],"644":[1],"645":[1],"646":[1],"647":[1],"648":[1],"649":[1],"650":[1],"651":[1],"652":[1],"653":[1],"654":[1],"655":[1],"656":[1],"657":[1],"658":[1],"659":[1],"660":[1],"661":[1],"662":[1],"663":[1],"664":[1],"665":[1],"666":[1],"667":[1],"668":[1],"669":[1],"670":[1],"671":[1],"672":[1],"673":[1],"674":[1],"675":[1],"676":[1],"677":[1],"678":[1],"679":[1],"680":[1],"681":[1],"682":[1],"683":[1],"684":[1],"685":[1],"686":[1],"687":[1],"688":[1],"689":[1],"690":[1],"691":[1],"692":[1],"693":[1],"694":[1],"695":[1],"696":[1],"697":[1],"698":[1],"699":[1],"700":[1],"701":[1],"702":[1],"703":[1],"704":[1],"705":[1],"706":[1],"707":[1],"708":[1],"709":[1],"710":[1],"711":[1],"712":[1],"713":[1],"714":[1],"715":[1],"716":[1],"717":[1],"718":[1],"719":[1],"720":[1],"721":[1],"722":[1],"723":[1],"724":[1],"725":[1],"726":[1],"727":[1],"728":[1],"729":[1],"730":[1],"731":[1],"732":[1],"733":[1],"734":[1],"735":[1],"736":[1],"737":[1],"738":[1],"739":[1],"740":[1],"741":[1],"742":[1],"743":[1],"744":[1],"745":[1],"746":[1],"747":[1],"748":[1],"749":[1],"750":[1],"751":[1],"752":[1],"753":[1],"754":[1],"755":[1],"756":[1],"757":[1],"758":[1],"759":[1],"760":[1],"761":[1],"762":[1],"763":[1],"764":[1],"765":[1],"766":[1],"767":[1],"768":[1],"769":[1],"770":[1],"771":[1],"772":[1],"773":[1],"774":[1],"775":[1],"776":[1],"777":[1],"778":[1],"779":[1],"780":[1],"781":[1],"782":[1],"783":[1],"784":[1],"785":[1],"786":[1],"787":[1],"788":[1],"789":[1],"790":[1],"791":[1],"792":[1],"793":[1],"794":[1],"795":[1],"796":[1],"797":[1],"798":[1],"799":[1],"800":[1],"801":[1],"802":[1],"803":[1],"804":[1],"805":[1],"806":[1],"807":[1],"808":[1],"809":[1],"810":[1],"811":[1],"812":[1],"813":[1],"814":[1],"815":[1],"816":[1],"817":[1],"818":[1],"819":[1],"820":[1],"821":[1],"822":[1],"823":[1],"824":[1],"825":[1],"826":[1],"827":[1],"828":[1],"829":[1],"830":[1],"831":[1],"832":[1],"833":[1],"834":[1],"835":[1],"836":[1],"837":[1],"838":[1],"839":[1],"840":[1],"841":[1],"842":[1],"843":[1],"844":[1],"845":[1],"846":[1],"847":[1],"848":[1],"849":[1],"850":[1],"851":[1],"852":[1],"853":[1],"854":[1],"855":[1],"856":[1],"857":[1],"858":[1],"859":[1],"860":[1],"861":[1],"862":[1],"863":[1],"864":[1],"865":[1],"866":[1],"867":[1],"868":[1],"869":[1],"870":[1],"871":[1],"872":[1],"873":[1],"874":[1],"875":[1],"876":[1],"877":[1],"878":[1],"879":[1],"880":[1],"881":[1],"882":[1],"883":[1],"884":[1],"885":[1],"886":[1],"887":[1],"888":[1],"889":[1],"890":[1],"891":[1],"892":[1],"893":[1],"894":[1],"895":[1],"896":[1],"897":[1],"898":[1],"899":[1],"900":[1],"901":[1],"902":[1],"903":[1],"904":[1],"905":[1],"906":[1],"907":[1],"908":[1],"909":[1],"910":[1],"911":[1],"912":[1],"913":[1],"914":[1],"915":[1],"916":[1],"917":[1],"918":[1],"919":[1],"920":[1],"921":[1],"922":[1],"923":[1],"924":[1],"925":[1],"926":[1],"927":[1],"928":[1],"929":[1],"930":[1],"931":[1],"932":[1],"933":[1],"934":[1],"935":[1],"936":[1],"937":[1],"938":[1],"939":[1],"940":[1],"941":[1],"942":[1],"943":[1],"944":[1],"945":[1],"946":[1],"947":[1],"948":[1],"949":[1],"950":[1],"951":[1],"952":[1],"953":[1],"954":[1],"955":[1],"956":[1],"957":[1],"958":[1],"959":[1],"960":[1],"961":[1],"962":[1],"963":[1],"964":[1],"965":[1],"966":[1],"967":[1],"968":[1],"969":[1],"970":[1],"971":[1],"972":[1],"973":[1],"974":[1],"975":[1],"976":[1],"977":[1],"978":[1],"979":[1],"980":[1],"981":[1],"982":[1],"983":[1],"984":[1],"985":[1],"986":[1],"987":[1],"988":[1],"989":[1],"990":[1],"991":[1],"992":[1],"993":[1],"994":[1],"995":[1],"996":[1],"997":[1],"998":[1],"999":[1],"1000":[1],"1001":[1],"1002":[1],"1003":[1],"1004":[1],"1005":[1],"1006":[1],"1007":[1],"1008":[1],"1009":[1],"1010":[1],"1011":[1],"1012":[1],"1013":[1],"1014":[1],"1015":[1],"1016":[1],"1017":[1],"1018":[1],"1019":[1],"1020":[1],"1021":[1],"1022":[1],"1023":[1],"1024":[1],"1025":[1],"1026":[1],"1027":[1],"1028":[1],"1029":[1],"1030":[1],"1031":[1],"1032":[1],"1033":[1],"1034":[1],"1035":[1],"1036":[1],"1037":[1],"1038":[1],"1039":[1],"1040":[1],"1041":[1],"1042":[1],"1043":[1],"1044":[1],"1045":[1],"1046":[1],"1047":[1],"1048":[1],"1049":[1],"1050":[1],"1051":[1],"1052":[1],"1053":[1],"1054":[1],"1055":[1],"1056":[1],"1057":[1],"1058":[1],"1059":[1],"1060":[1],"1061":[1],"1062":[1],"1063":[1],"1064":[1],"1065":[1],"1066":[1],"1067":[1],"1068":[1],"1069":[1],"1070":[1],"1071":[1],"1072":[1],"1073":[1],"1074":[1],"1075":[1],"1076":[1],"1077":[1],"1078":[1],"1079":[1],"1080":[1],"1081":[1],"1082":[1],"1083":[1],"1084":[1],"1085":[1],"1086":[1],"1087":[1],"1088":[1],"1089":[1],"1090":[1],"1091":[1],"1092":[1],"1093":[1],"1094":[1],"1095":[1],"1096":[1],"1097":[1],"1098":[1],"1099":[1],"1100":[1],"1101":[1],"1102":[1],"1103":[1],"1104":[1],"1105":[1],"1106":[1],"1107":[1],"1108":[1],"1109":[1],"1110":[1],"1111":[1],"1112":[1],"1113":[1],"1114":[1],"1115":[1],"1116":[1],"1117":[1],"1118":[1],"1119":[1],"1120":[1],"1121":[1],"1122":[1],"1123":[1],"1124":[1],"1125":[1],"1126":[1],"1127":[1],"1128":[1],"1129":[1],"1130":[1],"1131":[1],"1132":[1],"1133":[1],"1134":[1],"1135":[1],"1136":[1],"1137":[1],"1138":[1],"1139":[1],"1140":[1],"1141":[1],"1142":[1],"1143":[1],"1144":[1],"1145":[1],"1146":[1],"1147":[1],"1148":[1],"1149":[1],"1150":[1],"1151":[1],"1152":[1],"1153":[1],"1154":[1],"1155":[1],"1156":[1],"1157":[1],"1158":[1],"1159":[1],"1160":[1],"1161":[1],"1162":[1],"1163":[1],"1164":[1],"1165":[1],"1166":[1],"1167":[1],"1168":[1],"1169":[1],"1170":[1],"1171":[1],"1172":[1],"1173":[1],"1174":[1],"1175":[1],"1176":[1],"1177":[1],"1178":[1],"1179":[1],"1180":[1],"1181":[1],"1182":[1],"1183":[1],"1184":[1],"1185":[1],"1186":[1],"1187":[1],"1188":[1],"1189":[1],"1190":[1],"1191":[1],"1192":[1],"1193":[1],"1194":[1],"1195":[1],"1196":[1],"1197":[1],"1198":[1],"1199":[1],"1200":[1],"1201":[1],"1202":[1],"1203":[1],"1204":[1],"1205":[1],"1206":[1],"1207":[1],"1208":[1],"1209":[1],"1210":[1],"1211":[1],"1212":[1],"1213":[1],"1214":[1],"1215":[1],"1216":[1],"1217":[1],"1218":[1],"1219":[1],"1220":[1],"1221":[1],"1222":[1],"1223":[1],"1224":[1],"1225":[1],"1226":[1],"1227":[1],"1228":[1],"1229":[1],"1230":[1],"1231":[1],"1232":[1],"1233":[1],"1234":[1],"1235":[1],"1236":[1],"1237":[1],"1238":[1],"1239":[1],"1240":[1],"1241":[1],"1242":[1],"1243":[1],"1244":[1],"1245":[1],"1246":[1],"1247":[1],"1248":[1],"1249":[1],"1250":[1],"1251":[1],"1252":[1]},"fnMap":{},"f":{},"originalUrl":"http://localhost:8000/dist/v0.js"}}