<?xml version="1.0" encoding="UTF-8" ?>
<testsuites>
  <testsuite errors="1" failures="0" hostname="erwinm-macbookpro2.roam.corp.google.com" id="0" name="AmpPassJSONObjectCastFinderTest" package="org.ampproject" skipped="0" tests="1" time="1.15" timestamp="2019-05-10T00:13:03">
      <properties>
[...]
</properties>

      <testcase classname="org.ampproject.AmpPassJSONObjectCastFinderTest" name="initializationError" time="0.006">
          <error message="No runnable methods" type="java.lang.Exception">java.lang.Exception: No runnable methods
	at java.base/jdk.internal.reflect.NativeConstructorAccessorImpl.newInstance0(Native Method)
	at java.base/jdk.internal.reflect.NativeConstructorAccessorImpl.newInstance(NativeConstructorAccessorImpl.java:62)
	at java.base/jdk.internal.reflect.DelegatingConstructorAccessorImpl.newInstance(DelegatingConstructorAccessorImpl.java:45)
	at java.base/java.lang.reflect.Constructor.newInstance(Constructor.java:488)
</error>

      </testcase>

      <system-out><![CDATA[]]></system-out>

      <system-err><![CDATA[]]></system-err>

  </testsuite>
  <testsuite errors="0" failures="0" hostname="erwinm-macbookpro2.roam.corp.google.com" id="1" name="AmpPassTest" package="org.ampproject" skipped="0" tests="16" time="0.672" timestamp="2019-05-10T00:13:04">
      <properties>
[...]
</properties>

      <testcase classname="org.ampproject.AmpPassTest" name="testShouldPreserveNoneCalls" time="0.476" />

      <testcase classname="org.ampproject.AmpPassTest" name="testOptimizeGetModeFunction" time="0.009" />

      <testcase classname="org.ampproject.AmpPassTest" name="testGetModeLocalDevPropertyReplacement" time="0.01" />

      <testcase classname="org.ampproject.AmpPassTest" name="testGetModeMinifiedPropertyReplacement" time="0.007" />

      <testcase classname="org.ampproject.AmpPassTest" name="testGetModePreserve" time="0.013" />

      <testcase classname="org.ampproject.AmpPassTest" name="testDevFineRemoval" time="0.01" />

      <testcase classname="org.ampproject.AmpPassTest" name="testAmpVersionReplacement" time="0.008" />

      <testcase classname="org.ampproject.AmpPassTest" name="testRemoveAmpAddExtensionCallWithExplicitContext" time="0.007" />

      <testcase classname="org.ampproject.AmpPassTest" name="testDevAssertExpressionRemoval" time="0.011" />

      <testcase classname="org.ampproject.AmpPassTest" name="testDevErrorPreserve" time="0.009" />

      <testcase classname="org.ampproject.AmpPassTest" name="testRemoveAmpAddExtensionCallWithNoContext" time="0.006" />

      <testcase classname="org.ampproject.AmpPassTest" name="testDevAssertPreserveFirstArg" time="0.012" />

      <testcase classname="org.ampproject.AmpPassTest" name="testGetModeWinTestPropertyReplacement" time="0.007" />

      <testcase classname="org.ampproject.AmpPassTest" name="testGetModeTestPropertyReplacement" time="0.006" />

      <testcase classname="org.ampproject.AmpPassTest" name="testDevAssertRemoval" time="0.018" />

      <testcase classname="org.ampproject.AmpPassTest" name="testGetModeWinMinifiedPropertyReplacement" time="0.007" />

      <system-out><![CDATA[]]></system-out>

      <system-err><![CDATA[]]></system-err>

  </testsuite>
  <testsuite errors="0" failures="0" hostname="erwinm-macbookpro2.roam.corp.google.com" id="2" name="AmpPassTestEnvTest" package="org.ampproject" skipped="0" tests="4" time="0.024" timestamp="2019-05-10T00:13:05">
      <properties>
[...]
</properties>

      <testcase classname="org.ampproject.AmpPassTestEnvTest" name="testGetModeLocalDevPropertyReplacementInTestingEnv" time="0.007" />

      <testcase classname="org.ampproject.AmpPassTestEnvTest" name="testOptimizeGetModeFunction" time="0.004" />

      <testcase classname="org.ampproject.AmpPassTestEnvTest" name="testGetModeTestPropertyReplacementInTestingEnv" time="0.005" />

      <testcase classname="org.ampproject.AmpPassTestEnvTest" name="testGetModeMinifiedPropertyReplacementInTestingEnv" time="0.005" />

      <system-out><![CDATA[]]></system-out>

      <system-err><![CDATA[]]></system-err>

  </testsuite>
</testsuites>
