{"total": {"lines":{"total":24230,"covered":6660,"skipped":0,"pct":27.49},"statements":{"total":24230,"covered":6660,"skipped":0,"pct":27.49},"functions":{"total":0,"covered":0,"skipped":0,"pct":100},"branches":{"total":2589,"covered":2589,"skipped":0,"pct":100}}
,"/Users/derektse/amphtml/.nyc_output/localhost_8000/dist/v0.js": {"lines":{"total":11569,"covered":4006,"skipped":0,"pct":34.63},"functions":{"total":0,"covered":0,"skipped":0,"pct":100},"statements":{"total":11569,"covered":4006,"skipped":0,"pct":34.63},"branches":{"total":1335,"covered":1335,"skipped":0,"pct":100}}
,"/Users/derektse/amphtml/.nyc_output/localhost_8000/dist/v0/amp-ad-0.1.js": {"lines":{"total":1660,"covered":233,"skipped":0,"pct":14.04},"functions":{"total":0,"covered":0,"skipped":0,"pct":100},"statements":{"total":1660,"covered":233,"skipped":0,"pct":14.04},"branches":{"total":127,"covered":127,"skipped":0,"pct":100}}
,"/Users/derektse/amphtml/.nyc_output/localhost_8000/dist/v0/amp-addthis-0.1.js": {"lines":{"total":901,"covered":374,"skipped":0,"pct":41.51},"functions":{"total":0,"covered":0,"skipped":0,"pct":100},"statements":{"total":901,"covered":374,"skipped":0,"pct":41.51},"branches":{"total":109,"covered":109,"skipped":0,"pct":100}}
,"/Users/derektse/amphtml/.nyc_output/localhost_8000/dist/v0/amp-anim-0.1.js": {"lines":{"total":167,"covered":74,"skipped":0,"pct":44.31},"functions":{"total":0,"covered":0,"skipped":0,"pct":100},"statements":{"total":167,"covered":74,"skipped":0,"pct":44.31},"branches":{"total":21,"covered":21,"skipped":0,"pct":100}}
,"/Users/derektse/amphtml/.nyc_output/localhost_8000/dist/v0/amp-audio-0.1.js": {"lines":{"total":518,"covered":60,"skipped":0,"pct":11.58},"functions":{"total":0,"covered":0,"skipped":0,"pct":100},"statements":{"total":518,"covered":60,"skipped":0,"pct":11.58},"branches":{"total":39,"covered":39,"skipped":0,"pct":100}}
,"/Users/derektse/amphtml/.nyc_output/localhost_8000/dist/v0/amp-carousel-0.1.js": {"lines":{"total":1229,"covered":425,"skipped":0,"pct":34.58},"functions":{"total":0,"covered":0,"skipped":0,"pct":100},"statements":{"total":1229,"covered":425,"skipped":0,"pct":34.58},"branches":{"total":145,"covered":145,"skipped":0,"pct":100}}
,"/Users/derektse/amphtml/.nyc_output/localhost_8000/dist/v0/amp-dynamic-css-classes-0.1.js": {"lines":{"total":195,"covered":88,"skipped":0,"pct":45.13},"functions":{"total":0,"covered":0,"skipped":0,"pct":100},"statements":{"total":195,"covered":88,"skipped":0,"pct":45.13},"branches":{"total":20,"covered":20,"skipped":0,"pct":100}}
,"/Users/derektse/amphtml/.nyc_output/localhost_8000/dist/v0/amp-fit-text-0.1.js": {"lines":{"total":195,"covered":129,"skipped":0,"pct":66.15},"functions":{"total":0,"covered":0,"skipped":0,"pct":100},"statements":{"total":195,"covered":129,"skipped":0,"pct":66.15},"branches":{"total":21,"covered":21,"skipped":0,"pct":100}}
,"/Users/derektse/amphtml/.nyc_output/localhost_8000/dist/v0/amp-font-0.1.js": {"lines":{"total":254,"covered":109,"skipped":0,"pct":42.91},"functions":{"total":0,"covered":0,"skipped":0,"pct":100},"statements":{"total":254,"covered":109,"skipped":0,"pct":42.91},"branches":{"total":28,"covered":28,"skipped":0,"pct":100}}
,"/Users/derektse/amphtml/.nyc_output/localhost_8000/dist/v0/amp-iframe-0.1.js": {"lines":{"total":1048,"covered":169,"skipped":0,"pct":16.13},"functions":{"total":0,"covered":0,"skipped":0,"pct":100},"statements":{"total":1048,"covered":169,"skipped":0,"pct":16.13},"branches":{"total":99,"covered":99,"skipped":0,"pct":100}}
,"/Users/derektse/amphtml/.nyc_output/localhost_8000/dist/v0/amp-image-lightbox-0.1.js": {"lines":{"total":1603,"covered":122,"skipped":0,"pct":7.61},"functions":{"total":0,"covered":0,"skipped":0,"pct":100},"statements":{"total":1603,"covered":122,"skipped":0,"pct":7.61},"branches":{"total":147,"covered":147,"skipped":0,"pct":100}}
,"/Users/derektse/amphtml/.nyc_output/localhost_8000/dist/v0/amp-instagram-0.1.js": {"lines":{"total":267,"covered":99,"skipped":0,"pct":37.08},"functions":{"total":0,"covered":0,"skipped":0,"pct":100},"statements":{"total":267,"covered":99,"skipped":0,"pct":37.08},"branches":{"total":30,"covered":30,"skipped":0,"pct":100}}
,"/Users/derektse/amphtml/.nyc_output/localhost_8000/dist/v0/amp-lightbox-0.1.js": {"lines":{"total":1057,"covered":140,"skipped":0,"pct":13.25},"functions":{"total":0,"covered":0,"skipped":0,"pct":100},"statements":{"total":1057,"covered":140,"skipped":0,"pct":13.25},"branches":{"total":102,"covered":102,"skipped":0,"pct":100}}
,"/Users/derektse/amphtml/.nyc_output/localhost_8000/dist/v0/amp-twitter-0.1.js": {"lines":{"total":681,"covered":82,"skipped":0,"pct":12.04},"functions":{"total":0,"covered":0,"skipped":0,"pct":100},"statements":{"total":681,"covered":82,"skipped":0,"pct":12.04},"branches":{"total":48,"covered":48,"skipped":0,"pct":100}}
,"/Users/derektse/amphtml/.nyc_output/localhost_8000/dist/v0/amp-video-0.1.js": {"lines":{"total":1538,"covered":200,"skipped":0,"pct":13},"functions":{"total":0,"covered":0,"skipped":0,"pct":100},"statements":{"total":1538,"covered":200,"skipped":0,"pct":13},"branches":{"total":142,"covered":142,"skipped":0,"pct":100}}
,"/Users/derektse/amphtml/.nyc_output/localhost_8000/dist/v0/amp-youtube-0.1.js": {"lines":{"total":1348,"covered":350,"skipped":0,"pct":25.96},"functions":{"total":0,"covered":0,"skipped":0,"pct":100},"statements":{"total":1348,"covered":350,"skipped":0,"pct":25.96},"branches":{"total":176,"covered":176,"skipped":0,"pct":100}}
}
