{"total": {"lines":{"total":1177,"covered":114,"skipped":0,"pct":9.69},"statements":{"total":1177,"covered":114,"skipped":0,"pct":9.69},"functions":{"total":0,"covered":0,"skipped":0,"pct":100},"branches":{"total":2399,"covered":2399,"skipped":0,"pct":100}}
,"/Users/derektse/amphtml/.nyc_output/localhost_8000/dist/v0.js": {"lines":{"total":549,"covered":26,"skipped":0,"pct":4.74},"functions":{"total":0,"covered":0,"skipped":0,"pct":100},"statements":{"total":549,"covered":26,"skipped":0,"pct":4.74},"branches":{"total":1264,"covered":1264,"skipped":0,"pct":100}}
,"/Users/derektse/amphtml/.nyc_output/localhost_8000/dist/v0/amp-ad-0.1.js": {"lines":{"total":89,"covered":8,"skipped":0,"pct":8.99},"functions":{"total":0,"covered":0,"skipped":0,"pct":100},"statements":{"total":89,"covered":8,"skipped":0,"pct":8.99},"branches":{"total":106,"covered":106,"skipped":0,"pct":100}}
,"/Users/derektse/amphtml/.nyc_output/localhost_8000/dist/v0/amp-addthis-0.1.js": {"lines":{"total":45,"covered":7,"skipped":0,"pct":15.56},"functions":{"total":0,"covered":0,"skipped":0,"pct":100},"statements":{"total":45,"covered":7,"skipped":0,"pct":15.56},"branches":{"total":105,"covered":105,"skipped":0,"pct":100}}
,"/Users/derektse/amphtml/.nyc_output/localhost_8000/dist/v0/amp-anim-0.1.js": {"lines":{"total":12,"covered":4,"skipped":0,"pct":33.33},"functions":{"total":0,"covered":0,"skipped":0,"pct":100},"statements":{"total":12,"covered":4,"skipped":0,"pct":33.33},"branches":{"total":21,"covered":21,"skipped":0,"pct":100}}
,"/Users/derektse/amphtml/.nyc_output/localhost_8000/dist/v0/amp-audio-0.1.js": {"lines":{"total":25,"covered":5,"skipped":0,"pct":20},"functions":{"total":0,"covered":0,"skipped":0,"pct":100},"statements":{"total":25,"covered":5,"skipped":0,"pct":20},"branches":{"total":32,"covered":32,"skipped":0,"pct":100}}
,"/Users/derektse/amphtml/.nyc_output/localhost_8000/dist/v0/amp-carousel-0.1.js": {"lines":{"total":56,"covered":7,"skipped":0,"pct":12.5},"functions":{"total":0,"covered":0,"skipped":0,"pct":100},"statements":{"total":56,"covered":7,"skipped":0,"pct":12.5},"branches":{"total":134,"covered":134,"skipped":0,"pct":100}}
,"/Users/derektse/amphtml/.nyc_output/localhost_8000/dist/v0/amp-dynamic-css-classes-0.1.js": {"lines":{"total":14,"covered":7,"skipped":0,"pct":50},"functions":{"total":0,"covered":0,"skipped":0,"pct":100},"statements":{"total":14,"covered":7,"skipped":0,"pct":50},"branches":{"total":20,"covered":20,"skipped":0,"pct":100}}
,"/Users/derektse/amphtml/.nyc_output/localhost_8000/dist/v0/amp-fit-text-0.1.js": {"lines":{"total":12,"covered":6,"skipped":0,"pct":50},"functions":{"total":0,"covered":0,"skipped":0,"pct":100},"statements":{"total":12,"covered":6,"skipped":0,"pct":50},"branches":{"total":22,"covered":22,"skipped":0,"pct":100}}
,"/Users/derektse/amphtml/.nyc_output/localhost_8000/dist/v0/amp-font-0.1.js": {"lines":{"total":16,"covered":6,"skipped":0,"pct":37.5},"functions":{"total":0,"covered":0,"skipped":0,"pct":100},"statements":{"total":16,"covered":6,"skipped":0,"pct":37.5},"branches":{"total":28,"covered":28,"skipped":0,"pct":100}}
,"/Users/derektse/amphtml/.nyc_output/localhost_8000/dist/v0/amp-iframe-0.1.js": {"lines":{"total":51,"covered":6,"skipped":0,"pct":11.76},"functions":{"total":0,"covered":0,"skipped":0,"pct":100},"statements":{"total":51,"covered":6,"skipped":0,"pct":11.76},"branches":{"total":85,"covered":85,"skipped":0,"pct":100}}
,"/Users/derektse/amphtml/.nyc_output/localhost_8000/dist/v0/amp-image-lightbox-0.1.js": {"lines":{"total":73,"covered":5,"skipped":0,"pct":6.85},"functions":{"total":0,"covered":0,"skipped":0,"pct":100},"statements":{"total":73,"covered":5,"skipped":0,"pct":6.85},"branches":{"total":126,"covered":126,"skipped":0,"pct":100}}
,"/Users/derektse/amphtml/.nyc_output/localhost_8000/dist/v0/amp-instagram-0.1.js": {"lines":{"total":16,"covered":5,"skipped":0,"pct":31.25},"functions":{"total":0,"covered":0,"skipped":0,"pct":100},"statements":{"total":16,"covered":5,"skipped":0,"pct":31.25},"branches":{"total":29,"covered":29,"skipped":0,"pct":100}}
,"/Users/derektse/amphtml/.nyc_output/localhost_8000/dist/v0/amp-lightbox-0.1.js": {"lines":{"total":51,"covered":6,"skipped":0,"pct":11.76},"functions":{"total":0,"covered":0,"skipped":0,"pct":100},"statements":{"total":51,"covered":6,"skipped":0,"pct":11.76},"branches":{"total":89,"covered":89,"skipped":0,"pct":100}}
,"/Users/derektse/amphtml/.nyc_output/localhost_8000/dist/v0/amp-twitter-0.1.js": {"lines":{"total":36,"covered":6,"skipped":0,"pct":16.67},"functions":{"total":0,"covered":0,"skipped":0,"pct":100},"statements":{"total":36,"covered":6,"skipped":0,"pct":16.67},"branches":{"total":42,"covered":42,"skipped":0,"pct":100}}
,"/Users/derektse/amphtml/.nyc_output/localhost_8000/dist/v0/amp-video-0.1.js": {"lines":{"total":71,"covered":5,"skipped":0,"pct":7.04},"functions":{"total":0,"covered":0,"skipped":0,"pct":100},"statements":{"total":71,"covered":5,"skipped":0,"pct":7.04},"branches":{"total":126,"covered":126,"skipped":0,"pct":100}}
,"/Users/derektse/amphtml/.nyc_output/localhost_8000/dist/v0/amp-youtube-0.1.js": {"lines":{"total":61,"covered":5,"skipped":0,"pct":8.2},"functions":{"total":0,"covered":0,"skipped":0,"pct":100},"statements":{"total":61,"covered":5,"skipped":0,"pct":8.2},"branches":{"total":170,"covered":170,"skipped":0,"pct":100}}
}
