TN:
SF:.nyc_output/localhost_8000/dist/v0.js
FNF:0
FNH:0
DA:1,0
DA:2,0
DA:3,0
DA:4,0
DA:5,0
DA:6,0
DA:7,0
DA:8,0
DA:9,0
DA:10,0
DA:11,0
DA:12,0
DA:13,0
DA:14,0
DA:15,0
DA:16,0
DA:17,0
DA:18,0
DA:19,0
DA:20,0
DA:21,0
DA:22,0
DA:23,0
DA:24,0
DA:25,0
DA:26,0
DA:27,0
DA:28,0
DA:29,0
DA:30,0
DA:31,0
DA:32,1
DA:33,0
DA:34,0
DA:35,0
DA:36,0
DA:37,0
DA:38,0
DA:39,0
DA:40,0
DA:41,0
DA:42,0
DA:43,0
DA:44,0
DA:45,0
DA:46,0
DA:47,0
DA:48,0
DA:49,0
DA:50,0
DA:51,0
DA:52,0
DA:53,1
DA:54,0
DA:55,0
DA:56,0
DA:57,0
DA:58,0
DA:59,0
DA:60,0
DA:61,0
DA:62,0
DA:63,0
DA:64,0
DA:65,0
DA:66,0
DA:67,0
DA:68,0
DA:69,0
DA:70,0
DA:71,0
DA:72,0
DA:73,0
DA:74,0
DA:75,0
DA:76,0
DA:77,0
DA:78,1
DA:79,0
DA:80,0
DA:81,0
DA:82,0
DA:83,0
DA:84,0
DA:85,0
DA:86,0
DA:87,0
DA:88,0
DA:89,0
DA:90,0
DA:91,0
DA:92,0
DA:93,0
DA:94,0
DA:95,0
DA:96,0
DA:97,0
DA:98,1
DA:99,1
DA:100,1
DA:101,1
DA:102,1
DA:103,0
DA:104,0
DA:105,0
DA:106,0
DA:107,0
DA:108,0
DA:109,0
DA:110,0
DA:111,0
DA:112,0
DA:113,0
DA:114,0
DA:115,0
DA:116,0
DA:117,0
DA:118,0
DA:119,0
DA:120,0
DA:121,0
DA:122,0
DA:123,0
DA:124,0
DA:125,0
DA:126,0
DA:127,0
DA:128,0
DA:129,0
DA:130,0
DA:131,0
DA:132,0
DA:133,0
DA:134,0
DA:135,0
DA:136,0
DA:137,0
DA:138,0
DA:139,0
DA:140,0
DA:141,0
DA:142,0
DA:143,0
DA:144,0
DA:145,0
DA:146,0
DA:147,0
DA:148,0
DA:149,0
DA:150,0
DA:151,0
DA:152,0
DA:153,0
DA:154,0
DA:155,0
DA:156,0
DA:157,0
DA:158,0
DA:159,0
DA:160,0
DA:161,0
DA:162,0
DA:163,0
DA:164,0
DA:165,0
DA:166,0
DA:167,0
DA:168,0
DA:169,0
DA:170,0
DA:171,0
DA:172,0
DA:173,0
DA:174,0
DA:175,0
DA:176,0
DA:177,0
DA:178,0
DA:179,0
DA:180,0
DA:181,0
DA:182,0
DA:183,0
DA:184,0
DA:185,0
DA:186,0
DA:187,0
DA:188,0
DA:189,0
DA:190,0
DA:191,0
DA:192,0
DA:193,0
DA:194,0
DA:195,0
DA:196,0
DA:197,0
DA:198,0
DA:199,0
DA:200,0
DA:201,0
DA:202,0
DA:203,0
DA:204,0
DA:205,0
DA:206,0
DA:207,0
DA:208,0
DA:209,0
DA:210,0
DA:211,0
DA:212,0
DA:213,0
DA:214,0
DA:215,0
DA:216,0
DA:217,0
DA:218,0
DA:219,0
DA:220,0
DA:221,0
DA:222,0
DA:223,0
DA:224,0
DA:225,0
DA:226,0
DA:227,0
DA:228,0
DA:229,0
DA:230,0
DA:231,0
DA:232,0
DA:233,0
DA:234,0
DA:235,0
DA:236,0
DA:237,0
DA:238,0
DA:239,0
DA:240,0
DA:241,0
DA:242,0
DA:243,0
DA:244,0
DA:245,0
DA:246,0
DA:247,0
DA:248,0
DA:249,0
DA:250,0
DA:251,0
DA:252,0
DA:253,0
DA:254,1
DA:255,0
DA:256,1
DA:257,0
DA:258,0
DA:259,0
DA:260,0
DA:261,0
DA:262,0
DA:263,0
DA:264,0
DA:265,0
DA:266,0
DA:267,0
DA:268,0
DA:269,0
DA:270,0
DA:271,0
DA:272,0
DA:273,0
DA:274,0
DA:275,0
DA:276,0
DA:277,0
DA:278,0
DA:279,0
DA:280,0
DA:281,0
DA:282,0
DA:283,0
DA:284,0
DA:285,0
DA:286,1
DA:287,0
DA:288,0
DA:289,0
DA:290,0
DA:291,0
DA:292,0
DA:293,0
DA:294,0
DA:295,0
DA:296,0
DA:297,0
DA:298,0
DA:299,0
DA:300,0
DA:301,0
DA:302,0
DA:303,0
DA:304,0
DA:305,0
DA:306,0
DA:307,0
DA:308,1
DA:309,0
DA:310,0
DA:311,0
DA:312,0
DA:313,0
DA:314,0
DA:315,0
DA:316,0
DA:317,0
DA:318,0
DA:319,0
DA:320,0
DA:321,0
DA:322,0
DA:323,0
DA:324,0
DA:325,1
DA:326,0
DA:327,0
DA:328,0
DA:329,0
DA:330,0
DA:331,0
DA:332,0
DA:333,0
DA:334,0
DA:335,0
DA:336,0
DA:337,1
DA:338,0
DA:339,0
DA:340,0
DA:341,0
DA:342,0
DA:343,0
DA:344,0
DA:345,0
DA:346,1
DA:347,0
DA:348,0
DA:349,0
DA:350,0
DA:351,0
DA:352,0
DA:353,0
DA:354,0
DA:355,0
DA:356,0
DA:357,0
DA:358,0
DA:359,0
DA:360,0
DA:361,0
DA:362,0
DA:363,0
DA:364,0
DA:365,0
DA:366,0
DA:367,0
DA:368,0
DA:369,0
DA:370,0
DA:371,0
DA:372,1
DA:373,0
DA:374,0
DA:375,0
DA:376,0
DA:377,0
DA:378,0
DA:379,0
DA:380,0
DA:381,0
DA:382,0
DA:383,0
DA:384,0
DA:385,0
DA:386,0
DA:387,1
DA:388,0
DA:389,0
DA:390,0
DA:391,0
DA:392,0
DA:393,0
DA:394,0
DA:395,0
DA:396,0
DA:397,0
DA:398,0
DA:399,0
DA:400,0
DA:401,0
DA:402,1
DA:403,0
DA:404,0
DA:405,0
DA:406,0
DA:407,0
DA:408,0
DA:409,0
DA:410,0
DA:411,0
DA:412,0
DA:413,0
DA:414,0
DA:415,0
DA:416,0
DA:417,0
DA:418,0
DA:419,0
DA:420,0
DA:421,0
DA:422,0
DA:423,0
DA:424,0
DA:425,0
DA:426,0
DA:427,0
DA:428,0
DA:429,0
DA:430,0
DA:431,0
DA:432,0
DA:433,0
DA:434,0
DA:435,0
DA:436,0
DA:437,0
DA:438,0
DA:439,0
DA:440,0
DA:441,0
DA:442,0
DA:443,0
DA:444,0
DA:445,0
DA:446,0
DA:447,0
DA:448,0
DA:449,0
DA:450,0
DA:451,0
DA:452,0
DA:453,0
DA:454,0
DA:455,0
DA:456,0
DA:457,0
DA:458,0
DA:459,0
DA:460,0
DA:461,0
DA:462,0
DA:463,0
DA:464,0
DA:465,0
DA:466,0
DA:467,0
DA:468,0
DA:469,0
DA:470,0
DA:471,0
DA:472,0
DA:473,0
DA:474,0
DA:475,0
DA:476,0
DA:477,0
DA:478,0
DA:479,0
DA:480,0
DA:481,0
DA:482,0
DA:483,0
DA:484,0
DA:485,0
DA:486,0
DA:487,0
DA:488,0
DA:489,0
DA:490,0
DA:491,0
DA:492,0
DA:493,0
DA:494,0
DA:495,0
DA:496,0
DA:497,0
DA:498,0
DA:499,1
DA:500,0
DA:501,0
DA:502,0
DA:503,0
DA:504,0
DA:505,0
DA:506,0
DA:507,0
DA:508,0
DA:509,0
DA:510,0
DA:511,0
DA:512,0
DA:513,0
DA:514,0
DA:515,0
DA:516,0
DA:517,0
DA:518,0
DA:519,0
DA:520,0
DA:521,0
DA:522,0
DA:523,0
DA:524,0
DA:525,0
DA:526,0
DA:527,0
DA:528,0
DA:529,0
DA:530,0
DA:531,0
DA:532,0
DA:533,0
DA:534,0
DA:535,0
DA:536,0
DA:537,0
DA:538,0
DA:539,0
DA:540,0
DA:541,0
DA:542,0
DA:543,0
DA:544,1
DA:545,0
DA:546,0
DA:547,1
DA:548,1
DA:549,1
LF:549
LH:23
BRDA:1,0,0,1
BRDA:1,1,0,1
BRDA:2,2,0,1
BRDA:2,3,0,1
BRDA:3,4,0,1
BRDA:4,5,0,1
BRDA:4,6,0,1
BRDA:4,7,0,1
BRDA:5,8,0,1
BRDA:6,9,0,1
BRDA:6,10,0,1
BRDA:7,11,0,1
BRDA:7,12,0,1
BRDA:7,13,0,1
BRDA:7,14,0,1
BRDA:8,15,0,1
BRDA:8,16,0,1
BRDA:8,17,0,1
BRDA:8,18,0,1
BRDA:9,19,0,1
BRDA:9,20,0,1
BRDA:11,21,0,1
BRDA:11,22,0,1
BRDA:11,23,0,1
BRDA:17,24,0,1
BRDA:18,25,0,1
BRDA:18,26,0,1
BRDA:18,27,0,1
BRDA:18,28,0,1
BRDA:18,29,0,1
BRDA:18,30,0,1
BRDA:18,31,0,1
BRDA:18,32,0,1
BRDA:18,33,0,1
BRDA:18,34,0,1
BRDA:19,35,0,1
BRDA:20,36,0,1
BRDA:20,37,0,1
BRDA:21,38,0,1
BRDA:21,39,0,1
BRDA:21,40,0,1
BRDA:22,41,0,1
BRDA:22,42,0,1
BRDA:22,43,0,1
BRDA:23,44,0,1
BRDA:23,45,0,1
BRDA:23,46,0,1
BRDA:23,47,0,1
BRDA:24,48,0,1
BRDA:24,49,0,1
BRDA:24,50,0,1
BRDA:25,51,0,1
BRDA:25,52,0,1
BRDA:26,53,0,1
BRDA:26,54,0,1
BRDA:26,55,0,1
BRDA:26,56,0,1
BRDA:27,57,0,1
BRDA:28,58,0,1
BRDA:28,59,0,1
BRDA:29,60,0,1
BRDA:30,61,0,1
BRDA:30,62,0,1
BRDA:30,63,0,1
BRDA:30,64,0,1
BRDA:30,65,0,1
BRDA:30,66,0,1
BRDA:31,67,0,1
BRDA:33,68,0,1
BRDA:33,69,0,1
BRDA:33,70,0,1
BRDA:33,71,0,1
BRDA:33,72,0,1
BRDA:33,73,0,1
BRDA:33,74,0,1
BRDA:34,75,0,1
BRDA:35,76,0,1
BRDA:37,77,0,1
BRDA:37,78,0,1
BRDA:38,79,0,1
BRDA:38,80,0,1
BRDA:41,81,0,1
BRDA:41,82,0,1
BRDA:41,83,0,1
BRDA:41,84,0,1
BRDA:41,85,0,1
BRDA:42,86,0,1
BRDA:42,87,0,1
BRDA:42,88,0,1
BRDA:44,89,0,1
BRDA:44,90,0,1
BRDA:45,91,0,1
BRDA:45,92,0,1
BRDA:45,93,0,1
BRDA:45,94,0,1
BRDA:45,95,0,1
BRDA:45,96,0,1
BRDA:46,97,0,1
BRDA:46,98,0,1
BRDA:46,99,0,1
BRDA:46,100,0,1
BRDA:46,101,0,1
BRDA:47,102,0,1
BRDA:48,103,0,1
BRDA:48,104,0,1
BRDA:48,105,0,1
BRDA:49,106,0,1
BRDA:49,107,0,1
BRDA:50,108,0,1
BRDA:50,109,0,1
BRDA:50,110,0,1
BRDA:51,111,0,1
BRDA:52,112,0,1
BRDA:54,113,0,1
BRDA:54,114,0,1
BRDA:54,115,0,1
BRDA:55,116,0,1
BRDA:55,117,0,1
BRDA:55,118,0,1
BRDA:56,119,0,1
BRDA:56,120,0,1
BRDA:56,121,0,1
BRDA:56,122,0,1
BRDA:56,123,0,1
BRDA:56,124,0,1
BRDA:57,125,0,1
BRDA:57,126,0,1
BRDA:57,127,0,1
BRDA:57,128,0,1
BRDA:57,129,0,1
BRDA:58,130,0,1
BRDA:59,131,0,1
BRDA:59,132,0,1
BRDA:60,133,0,1
BRDA:61,134,0,1
BRDA:62,135,0,1
BRDA:62,136,0,1
BRDA:63,137,0,1
BRDA:63,138,0,1
BRDA:63,139,0,1
BRDA:63,140,0,1
BRDA:63,141,0,1
BRDA:64,142,0,1
BRDA:64,143,0,1
BRDA:65,144,0,1
BRDA:65,145,0,1
BRDA:65,146,0,1
BRDA:65,147,0,1
BRDA:65,148,0,1
BRDA:65,149,0,1
BRDA:65,150,0,1
BRDA:65,151,0,1
BRDA:69,152,0,1
BRDA:70,153,0,1
BRDA:70,154,0,1
BRDA:70,155,0,1
BRDA:71,156,0,1
BRDA:71,157,0,1
BRDA:71,158,0,1
BRDA:71,159,0,1
BRDA:72,160,0,1
BRDA:72,161,0,1
BRDA:72,162,0,1
BRDA:73,163,0,1
BRDA:73,164,0,1
BRDA:74,165,0,1
BRDA:75,166,0,1
BRDA:75,167,0,1
BRDA:75,168,0,1
BRDA:76,169,0,1
BRDA:76,170,0,1
BRDA:76,171,0,1
BRDA:76,172,0,1
BRDA:76,173,0,1
BRDA:76,174,0,1
BRDA:77,175,0,1
BRDA:77,176,0,1
BRDA:77,177,0,1
BRDA:77,178,0,1
BRDA:77,179,0,1
BRDA:77,180,0,1
BRDA:77,181,0,1
BRDA:79,182,0,1
BRDA:79,183,0,1
BRDA:80,184,0,1
BRDA:80,185,0,1
BRDA:80,186,0,1
BRDA:80,187,0,1
BRDA:80,188,0,1
BRDA:80,189,0,1
BRDA:80,190,0,1
BRDA:80,191,0,1
BRDA:81,192,0,1
BRDA:82,193,0,1
BRDA:82,194,0,1
BRDA:82,195,0,1
BRDA:83,196,0,1
BRDA:83,197,0,1
BRDA:83,198,0,1
BRDA:84,199,0,1
BRDA:84,200,0,1
BRDA:84,201,0,1
BRDA:84,202,0,1
BRDA:85,203,0,1
BRDA:85,204,0,1
BRDA:85,205,0,1
BRDA:86,206,0,1
BRDA:86,207,0,1
BRDA:86,208,0,1
BRDA:86,209,0,1
BRDA:87,210,0,1
BRDA:87,211,0,1
BRDA:87,212,0,1
BRDA:88,213,0,1
BRDA:88,214,0,1
BRDA:88,215,0,1
BRDA:89,216,0,1
BRDA:89,217,0,1
BRDA:89,218,0,1
BRDA:89,219,0,1
BRDA:89,220,0,1
BRDA:90,221,0,1
BRDA:90,222,0,1
BRDA:90,223,0,1
BRDA:91,224,0,1
BRDA:91,225,0,1
BRDA:91,226,0,1
BRDA:91,227,0,1
BRDA:92,228,0,1
BRDA:92,229,0,1
BRDA:92,230,0,1
BRDA:92,231,0,1
BRDA:93,232,0,1
BRDA:93,233,0,1
BRDA:93,234,0,1
BRDA:93,235,0,1
BRDA:93,236,0,1
BRDA:93,237,0,1
BRDA:93,238,0,1
BRDA:93,239,0,1
BRDA:94,240,0,1
BRDA:94,241,0,1
BRDA:94,242,0,1
BRDA:94,243,0,1
BRDA:95,244,0,1
BRDA:95,245,0,1
BRDA:95,246,0,1
BRDA:95,247,0,1
BRDA:96,248,0,1
BRDA:96,249,0,1
BRDA:97,250,0,1
BRDA:103,251,0,1
BRDA:103,252,0,1
BRDA:104,253,0,1
BRDA:104,254,0,1
BRDA:105,255,0,1
BRDA:105,256,0,1
BRDA:105,257,0,1
BRDA:105,258,0,1
BRDA:105,259,0,1
BRDA:105,260,0,1
BRDA:106,261,0,1
BRDA:106,262,0,1
BRDA:107,263,0,1
BRDA:107,264,0,1
BRDA:107,265,0,1
BRDA:108,266,0,1
BRDA:108,267,0,1
BRDA:108,268,0,1
BRDA:108,269,0,1
BRDA:108,270,0,1
BRDA:108,271,0,1
BRDA:108,272,0,1
BRDA:108,273,0,1
BRDA:108,274,0,1
BRDA:108,275,0,1
BRDA:110,276,0,1
BRDA:111,277,0,1
BRDA:118,278,0,1
BRDA:119,279,0,1
BRDA:120,280,0,1
BRDA:121,281,0,1
BRDA:121,282,0,1
BRDA:122,283,0,1
BRDA:122,284,0,1
BRDA:122,285,0,1
BRDA:123,286,0,1
BRDA:123,287,0,1
BRDA:123,288,0,1
BRDA:123,289,0,1
BRDA:123,290,0,1
BRDA:123,291,0,1
BRDA:124,292,0,1
BRDA:124,293,0,1
BRDA:124,294,0,1
BRDA:125,295,0,1
BRDA:125,296,0,1
BRDA:126,297,0,1
BRDA:126,298,0,1
BRDA:126,299,0,1
BRDA:127,300,0,1
BRDA:128,301,0,1
BRDA:128,302,0,1
BRDA:131,303,0,1
BRDA:131,304,0,1
BRDA:138,305,0,1
BRDA:138,306,0,1
BRDA:138,307,0,1
BRDA:138,308,0,1
BRDA:141,309,0,1
BRDA:141,310,0,1
BRDA:142,311,0,1
BRDA:143,312,0,1
BRDA:143,313,0,1
BRDA:143,314,0,1
BRDA:143,315,0,1
BRDA:143,316,0,1
BRDA:144,317,0,1
BRDA:144,318,0,1
BRDA:144,319,0,1
BRDA:144,320,0,1
BRDA:144,321,0,1
BRDA:144,322,0,1
BRDA:145,323,0,1
BRDA:145,324,0,1
BRDA:145,325,0,1
BRDA:145,326,0,1
BRDA:145,327,0,1
BRDA:146,328,0,1
BRDA:146,329,0,1
BRDA:146,330,0,1
BRDA:147,331,0,1
BRDA:147,332,0,1
BRDA:147,333,0,1
BRDA:147,334,0,1
BRDA:151,335,0,1
BRDA:153,336,0,1
BRDA:153,337,0,1
BRDA:154,338,0,1
BRDA:154,339,0,1
BRDA:154,340,0,1
BRDA:156,341,0,1
BRDA:156,342,0,1
BRDA:156,343,0,1
BRDA:156,344,0,1
BRDA:156,345,0,1
BRDA:157,346,0,1
BRDA:157,347,0,1
BRDA:166,348,0,1
BRDA:168,349,0,1
BRDA:168,350,0,1
BRDA:168,351,0,1
BRDA:168,352,0,1
BRDA:169,353,0,1
BRDA:169,354,0,1
BRDA:170,355,0,1
BRDA:170,356,0,1
BRDA:170,357,0,1
BRDA:171,358,0,1
BRDA:171,359,0,1
BRDA:172,360,0,1
BRDA:172,361,0,1
BRDA:172,362,0,1
BRDA:173,363,0,1
BRDA:173,364,0,1
BRDA:174,365,0,1
BRDA:175,366,0,1
BRDA:177,367,0,1
BRDA:177,368,0,1
BRDA:177,369,0,1
BRDA:178,370,0,1
BRDA:178,371,0,1
BRDA:179,372,0,1
BRDA:179,373,0,1
BRDA:179,374,0,1
BRDA:180,375,0,1
BRDA:181,376,0,1
BRDA:181,377,0,1
BRDA:182,378,0,1
BRDA:183,379,0,1
BRDA:190,380,0,1
BRDA:190,381,0,1
BRDA:191,382,0,1
BRDA:192,383,0,1
BRDA:192,384,0,1
BRDA:195,385,0,1
BRDA:195,386,0,1
BRDA:195,387,0,1
BRDA:195,388,0,1
BRDA:195,389,0,1
BRDA:195,390,0,1
BRDA:195,391,0,1
BRDA:195,392,0,1
BRDA:195,393,0,1
BRDA:196,394,0,1
BRDA:196,395,0,1
BRDA:196,396,0,1
BRDA:196,397,0,1
BRDA:196,398,0,1
BRDA:196,399,0,1
BRDA:197,400,0,1
BRDA:197,401,0,1
BRDA:197,402,0,1
BRDA:197,403,0,1
BRDA:198,404,0,1
BRDA:198,405,0,1
BRDA:199,406,0,1
BRDA:200,407,0,1
BRDA:200,408,0,1
BRDA:200,409,0,1
BRDA:201,410,0,1
BRDA:201,411,0,1
BRDA:202,412,0,1
BRDA:203,413,0,1
BRDA:203,414,0,1
BRDA:204,415,0,1
BRDA:204,416,0,1
BRDA:204,417,0,1
BRDA:205,418,0,1
BRDA:205,419,0,1
BRDA:206,420,0,1
BRDA:206,421,0,1
BRDA:207,422,0,1
BRDA:207,423,0,1
BRDA:207,424,0,1
BRDA:207,425,0,1
BRDA:208,426,0,1
BRDA:208,427,0,1
BRDA:208,428,0,1
BRDA:209,429,0,1
BRDA:209,430,0,1
BRDA:210,431,0,1
BRDA:211,432,0,1
BRDA:211,433,0,1
BRDA:212,434,0,1
BRDA:212,435,0,1
BRDA:212,436,0,1
BRDA:213,437,0,1
BRDA:213,438,0,1
BRDA:213,439,0,1
BRDA:213,440,0,1
BRDA:213,441,0,1
BRDA:213,442,0,1
BRDA:213,443,0,1
BRDA:213,444,0,1
BRDA:213,445,0,1
BRDA:214,446,0,1
BRDA:214,447,0,1
BRDA:215,448,0,1
BRDA:215,449,0,1
BRDA:216,450,0,1
BRDA:216,451,0,1
BRDA:216,452,0,1
BRDA:217,453,0,1
BRDA:217,454,0,1
BRDA:217,455,0,1
BRDA:217,456,0,1
BRDA:217,457,0,1
BRDA:218,458,0,1
BRDA:219,459,0,1
BRDA:219,460,0,1
BRDA:219,461,0,1
BRDA:219,462,0,1
BRDA:220,463,0,1
BRDA:220,464,0,1
BRDA:220,465,0,1
BRDA:221,466,0,1
BRDA:221,467,0,1
BRDA:221,468,0,1
BRDA:221,469,0,1
BRDA:222,470,0,1
BRDA:222,471,0,1
BRDA:222,472,0,1
BRDA:223,473,0,1
BRDA:223,474,0,1
BRDA:224,475,0,1
BRDA:224,476,0,1
BRDA:225,477,0,1
BRDA:226,478,0,1
BRDA:227,479,0,1
BRDA:227,480,0,1
BRDA:227,481,0,1
BRDA:227,482,0,1
BRDA:227,483,0,1
BRDA:228,484,0,1
BRDA:228,485,0,1
BRDA:228,486,0,1
BRDA:228,487,0,1
BRDA:229,488,0,1
BRDA:229,489,0,1
BRDA:229,490,0,1
BRDA:229,491,0,1
BRDA:230,492,0,1
BRDA:230,493,0,1
BRDA:230,494,0,1
BRDA:230,495,0,1
BRDA:230,496,0,1
BRDA:231,497,0,1
BRDA:231,498,0,1
BRDA:231,499,0,1
BRDA:231,500,0,1
BRDA:231,501,0,1
BRDA:234,502,0,1
BRDA:234,503,0,1
BRDA:234,504,0,1
BRDA:234,505,0,1
BRDA:234,506,0,1
BRDA:234,507,0,1
BRDA:235,508,0,1
BRDA:235,509,0,1
BRDA:236,510,0,1
BRDA:237,511,0,1
BRDA:238,512,0,1
BRDA:239,513,0,1
BRDA:240,514,0,1
BRDA:240,515,0,1
BRDA:241,516,0,1
BRDA:242,517,0,1
BRDA:243,518,0,1
BRDA:245,519,0,1
BRDA:245,520,0,1
BRDA:245,521,0,1
BRDA:246,522,0,1
BRDA:246,523,0,1
BRDA:246,524,0,1
BRDA:247,525,0,1
BRDA:247,526,0,1
BRDA:247,527,0,1
BRDA:248,528,0,1
BRDA:248,529,0,1
BRDA:248,530,0,1
BRDA:249,531,0,1
BRDA:249,532,0,1
BRDA:250,533,0,1
BRDA:250,534,0,1
BRDA:250,535,0,1
BRDA:250,536,0,1
BRDA:251,537,0,1
BRDA:251,538,0,1
BRDA:252,539,0,1
BRDA:253,540,0,1
BRDA:253,541,0,1
BRDA:255,542,0,1
BRDA:255,543,0,1
BRDA:255,544,0,1
BRDA:255,545,0,1
BRDA:255,546,0,1
BRDA:255,547,0,1
BRDA:255,548,0,1
BRDA:257,549,0,1
BRDA:258,550,0,1
BRDA:258,551,0,1
BRDA:259,552,0,1
BRDA:259,553,0,1
BRDA:259,554,0,1
BRDA:259,555,0,1
BRDA:260,556,0,1
BRDA:260,557,0,1
BRDA:260,558,0,1
BRDA:260,559,0,1
BRDA:261,560,0,1
BRDA:261,561,0,1
BRDA:262,562,0,1
BRDA:262,563,0,1
BRDA:263,564,0,1
BRDA:263,565,0,1
BRDA:263,566,0,1
BRDA:264,567,0,1
BRDA:264,568,0,1
BRDA:265,569,0,1
BRDA:266,570,0,1
BRDA:266,571,0,1
BRDA:266,572,0,1
BRDA:266,573,0,1
BRDA:267,574,0,1
BRDA:267,575,0,1
BRDA:267,576,0,1
BRDA:268,577,0,1
BRDA:268,578,0,1
BRDA:268,579,0,1
BRDA:268,580,0,1
BRDA:268,581,0,1
BRDA:268,582,0,1
BRDA:269,583,0,1
BRDA:269,584,0,1
BRDA:269,585,0,1
BRDA:270,586,0,1
BRDA:270,587,0,1
BRDA:270,588,0,1
BRDA:271,589,0,1
BRDA:271,590,0,1
BRDA:271,591,0,1
BRDA:272,592,0,1
BRDA:272,593,0,1
BRDA:273,594,0,1
BRDA:273,595,0,1
BRDA:273,596,0,1
BRDA:274,597,0,1
BRDA:274,598,0,1
BRDA:275,599,0,1
BRDA:276,600,0,1
BRDA:276,601,0,1
BRDA:276,602,0,1
BRDA:276,603,0,1
BRDA:277,604,0,1
BRDA:278,605,0,1
BRDA:279,606,0,1
BRDA:279,607,0,1
BRDA:279,608,0,1
BRDA:280,609,0,1
BRDA:280,610,0,1
BRDA:281,611,0,1
BRDA:281,612,0,1
BRDA:282,613,0,1
BRDA:282,614,0,1
BRDA:282,615,0,1
BRDA:282,616,0,1
BRDA:283,617,0,1
BRDA:283,618,0,1
BRDA:284,619,0,1
BRDA:285,620,0,1
BRDA:287,621,0,1
BRDA:287,622,0,1
BRDA:288,623,0,1
BRDA:288,624,0,1
BRDA:288,625,0,1
BRDA:288,626,0,1
BRDA:288,627,0,1
BRDA:288,628,0,1
BRDA:288,629,0,1
BRDA:288,630,0,1
BRDA:288,631,0,1
BRDA:289,632,0,1
BRDA:289,633,0,1
BRDA:289,634,0,1
BRDA:290,635,0,1
BRDA:290,636,0,1
BRDA:290,637,0,1
BRDA:290,638,0,1
BRDA:291,639,0,1
BRDA:291,640,0,1
BRDA:292,641,0,1
BRDA:292,642,0,1
BRDA:292,643,0,1
BRDA:293,644,0,1
BRDA:293,645,0,1
BRDA:293,646,0,1
BRDA:293,647,0,1
BRDA:293,648,0,1
BRDA:294,649,0,1
BRDA:297,650,0,1
BRDA:297,651,0,1
BRDA:298,652,0,1
BRDA:299,653,0,1
BRDA:300,654,0,1
BRDA:300,655,0,1
BRDA:301,656,0,1
BRDA:301,657,0,1
BRDA:301,658,0,1
BRDA:301,659,0,1
BRDA:301,660,0,1
BRDA:301,661,0,1
BRDA:302,662,0,1
BRDA:302,663,0,1
BRDA:302,664,0,1
BRDA:303,665,0,1
BRDA:303,666,0,1
BRDA:304,667,0,1
BRDA:304,668,0,1
BRDA:304,669,0,1
BRDA:305,670,0,1
BRDA:305,671,0,1
BRDA:306,672,0,1
BRDA:307,673,0,1
BRDA:307,674,0,1
BRDA:307,675,0,1
BRDA:309,676,0,1
BRDA:309,677,0,1
BRDA:310,678,0,1
BRDA:310,679,0,1
BRDA:311,680,0,1
BRDA:311,681,0,1
BRDA:311,682,0,1
BRDA:312,683,0,1
BRDA:312,684,0,1
BRDA:312,685,0,1
BRDA:312,686,0,1
BRDA:312,687,0,1
BRDA:314,688,0,1
BRDA:314,689,0,1
BRDA:314,690,0,1
BRDA:314,691,0,1
BRDA:315,692,0,1
BRDA:315,693,0,1
BRDA:316,694,0,1
BRDA:317,695,0,1
BRDA:317,696,0,1
BRDA:318,697,0,1
BRDA:318,698,0,1
BRDA:318,699,0,1
BRDA:319,700,0,1
BRDA:319,701,0,1
BRDA:319,702,0,1
BRDA:319,703,0,1
BRDA:320,704,0,1
BRDA:321,705,0,1
BRDA:321,706,0,1
BRDA:321,707,0,1
BRDA:321,708,0,1
BRDA:321,709,0,1
BRDA:322,710,0,1
BRDA:322,711,0,1
BRDA:323,712,0,1
BRDA:323,713,0,1
BRDA:324,714,0,1
BRDA:324,715,0,1
BRDA:326,716,0,1
BRDA:327,717,0,1
BRDA:327,718,0,1
BRDA:327,719,0,1
BRDA:333,720,0,1
BRDA:333,721,0,1
BRDA:333,722,0,1
BRDA:334,723,0,1
BRDA:334,724,0,1
BRDA:335,725,0,1
BRDA:335,726,0,1
BRDA:336,727,0,1
BRDA:336,728,0,1
BRDA:336,729,0,1
BRDA:338,730,0,1
BRDA:338,731,0,1
BRDA:339,732,0,1
BRDA:339,733,0,1
BRDA:340,734,0,1
BRDA:340,735,0,1
BRDA:340,736,0,1
BRDA:341,737,0,1
BRDA:341,738,0,1
BRDA:341,739,0,1
BRDA:341,740,0,1
BRDA:341,741,0,1
BRDA:342,742,0,1
BRDA:343,743,0,1
BRDA:343,744,0,1
BRDA:344,745,0,1
BRDA:344,746,0,1
BRDA:345,747,0,1
BRDA:347,748,0,1
BRDA:348,749,0,1
BRDA:349,750,0,1
BRDA:351,751,0,1
BRDA:353,752,0,1
BRDA:353,753,0,1
BRDA:353,754,0,1
BRDA:354,755,0,1
BRDA:356,756,0,1
BRDA:356,757,0,1
BRDA:357,758,0,1
BRDA:357,759,0,1
BRDA:357,760,0,1
BRDA:357,761,0,1
BRDA:357,762,0,1
BRDA:358,763,0,1
BRDA:359,764,0,1
BRDA:359,765,0,1
BRDA:359,766,0,1
BRDA:360,767,0,1
BRDA:360,768,0,1
BRDA:361,769,0,1
BRDA:361,770,0,1
BRDA:361,771,0,1
BRDA:361,772,0,1
BRDA:362,773,0,1
BRDA:362,774,0,1
BRDA:362,775,0,1
BRDA:363,776,0,1
BRDA:363,777,0,1
BRDA:363,778,0,1
BRDA:363,779,0,1
BRDA:364,780,0,1
BRDA:364,781,0,1
BRDA:364,782,0,1
BRDA:364,783,0,1
BRDA:365,784,0,1
BRDA:365,785,0,1
BRDA:365,786,0,1
BRDA:365,787,0,1
BRDA:365,788,0,1
BRDA:365,789,0,1
BRDA:365,790,0,1
BRDA:366,791,0,1
BRDA:366,792,0,1
BRDA:366,793,0,1
BRDA:366,794,0,1
BRDA:367,795,0,1
BRDA:368,796,0,1
BRDA:369,797,0,1
BRDA:369,798,0,1
BRDA:370,799,0,1
BRDA:370,800,0,1
BRDA:370,801,0,1
BRDA:370,802,0,1
BRDA:371,803,0,1
BRDA:371,804,0,1
BRDA:371,805,0,1
BRDA:371,806,0,1
BRDA:371,807,0,1
BRDA:373,808,0,1
BRDA:373,809,0,1
BRDA:373,810,0,1
BRDA:373,811,0,1
BRDA:374,812,0,1
BRDA:374,813,0,1
BRDA:374,814,0,1
BRDA:374,815,0,1
BRDA:375,816,0,1
BRDA:375,817,0,1
BRDA:375,818,0,1
BRDA:375,819,0,1
BRDA:375,820,0,1
BRDA:376,821,0,1
BRDA:376,822,0,1
BRDA:376,823,0,1
BRDA:376,824,0,1
BRDA:377,825,0,1
BRDA:378,826,0,1
BRDA:378,827,0,1
BRDA:378,828,0,1
BRDA:378,829,0,1
BRDA:379,830,0,1
BRDA:379,831,0,1
BRDA:379,832,0,1
BRDA:379,833,0,1
BRDA:379,834,0,1
BRDA:380,835,0,1
BRDA:380,836,0,1
BRDA:380,837,0,1
BRDA:380,838,0,1
BRDA:380,839,0,1
BRDA:381,840,0,1
BRDA:381,841,0,1
BRDA:381,842,0,1
BRDA:381,843,0,1
BRDA:381,844,0,1
BRDA:381,845,0,1
BRDA:381,846,0,1
BRDA:382,847,0,1
BRDA:382,848,0,1
BRDA:382,849,0,1
BRDA:384,850,0,1
BRDA:384,851,0,1
BRDA:384,852,0,1
BRDA:385,853,0,1
BRDA:385,854,0,1
BRDA:385,855,0,1
BRDA:385,856,0,1
BRDA:385,857,0,1
BRDA:386,858,0,1
BRDA:386,859,0,1
BRDA:386,860,0,1
BRDA:388,861,0,1
BRDA:388,862,0,1
BRDA:388,863,0,1
BRDA:388,864,0,1
BRDA:389,865,0,1
BRDA:389,866,0,1
BRDA:389,867,0,1
BRDA:389,868,0,1
BRDA:390,869,0,1
BRDA:390,870,0,1
BRDA:390,871,0,1
BRDA:390,872,0,1
BRDA:390,873,0,1
BRDA:394,874,0,1
BRDA:394,875,0,1
BRDA:394,876,0,1
BRDA:394,877,0,1
BRDA:395,878,0,1
BRDA:395,879,0,1
BRDA:397,880,0,1
BRDA:399,881,0,1
BRDA:400,882,0,1
BRDA:400,883,0,1
BRDA:400,884,0,1
BRDA:401,885,0,1
BRDA:403,886,0,1
BRDA:404,887,0,1
BRDA:404,888,0,1
BRDA:404,889,0,1
BRDA:405,890,0,1
BRDA:405,891,0,1
BRDA:406,892,0,1
BRDA:406,893,0,1
BRDA:406,894,0,1
BRDA:407,895,0,1
BRDA:407,896,0,1
BRDA:407,897,0,1
BRDA:408,898,0,1
BRDA:408,899,0,1
BRDA:408,900,0,1
BRDA:409,901,0,1
BRDA:409,902,0,1
BRDA:409,903,0,1
BRDA:409,904,0,1
BRDA:409,905,0,1
BRDA:409,906,0,1
BRDA:410,907,0,1
BRDA:410,908,0,1
BRDA:410,909,0,1
BRDA:411,910,0,1
BRDA:411,911,0,1
BRDA:411,912,0,1
BRDA:412,913,0,1
BRDA:412,914,0,1
BRDA:412,915,0,1
BRDA:413,916,0,1
BRDA:413,917,0,1
BRDA:414,918,0,1
BRDA:415,919,0,1
BRDA:415,920,0,1
BRDA:416,921,0,1
BRDA:417,922,0,1
BRDA:417,923,0,1
BRDA:417,924,0,1
BRDA:418,925,0,1
BRDA:419,926,0,1
BRDA:420,927,0,1
BRDA:421,928,0,1
BRDA:421,929,0,1
BRDA:422,930,0,1
BRDA:423,931,0,1
BRDA:423,932,0,1
BRDA:423,933,0,1
BRDA:424,934,0,1
BRDA:424,935,0,1
BRDA:424,936,0,1
BRDA:424,937,0,1
BRDA:424,938,0,1
BRDA:425,939,0,1
BRDA:426,940,0,1
BRDA:426,941,0,1
BRDA:426,942,0,1
BRDA:427,943,0,1
BRDA:429,944,0,1
BRDA:429,945,0,1
BRDA:429,946,0,1
BRDA:429,947,0,1
BRDA:430,948,0,1
BRDA:432,949,0,1
BRDA:432,950,0,1
BRDA:433,951,0,1
BRDA:433,952,0,1
BRDA:434,953,0,1
BRDA:434,954,0,1
BRDA:434,955,0,1
BRDA:435,956,0,1
BRDA:435,957,0,1
BRDA:439,958,0,1
BRDA:446,959,0,1
BRDA:446,960,0,1
BRDA:446,961,0,1
BRDA:447,962,0,1
BRDA:449,963,0,1
BRDA:450,964,0,1
BRDA:451,965,0,1
BRDA:451,966,0,1
BRDA:451,967,0,1
BRDA:451,968,0,1
BRDA:451,969,0,1
BRDA:452,970,0,1
BRDA:452,971,0,1
BRDA:452,972,0,1
BRDA:452,973,0,1
BRDA:452,974,0,1
BRDA:452,975,0,1
BRDA:452,976,0,1
BRDA:452,977,0,1
BRDA:453,978,0,1
BRDA:453,979,0,1
BRDA:453,980,0,1
BRDA:453,981,0,1
BRDA:453,982,0,1
BRDA:453,983,0,1
BRDA:453,984,0,1
BRDA:453,985,0,1
BRDA:454,986,0,1
BRDA:454,987,0,1
BRDA:454,988,0,1
BRDA:454,989,0,1
BRDA:455,990,0,1
BRDA:455,991,0,1
BRDA:455,992,0,1
BRDA:455,993,0,1
BRDA:455,994,0,1
BRDA:455,995,0,1
BRDA:455,996,0,1
BRDA:456,997,0,1
BRDA:456,998,0,1
BRDA:456,999,0,1
BRDA:457,1000,0,1
BRDA:457,1001,0,1
BRDA:457,1002,0,1
BRDA:457,1003,0,1
BRDA:458,1004,0,1
BRDA:458,1005,0,1
BRDA:458,1006,0,1
BRDA:459,1007,0,1
BRDA:459,1008,0,1
BRDA:459,1009,0,1
BRDA:460,1010,0,1
BRDA:460,1011,0,1
BRDA:460,1012,0,1
BRDA:460,1013,0,1
BRDA:461,1014,0,1
BRDA:461,1015,0,1
BRDA:461,1016,0,1
BRDA:461,1017,0,1
BRDA:462,1018,0,1
BRDA:462,1019,0,1
BRDA:462,1020,0,1
BRDA:463,1021,0,1
BRDA:463,1022,0,1
BRDA:463,1023,0,1
BRDA:463,1024,0,1
BRDA:464,1025,0,1
BRDA:464,1026,0,1
BRDA:464,1027,0,1
BRDA:465,1028,0,1
BRDA:465,1029,0,1
BRDA:466,1030,0,1
BRDA:467,1031,0,1
BRDA:468,1032,0,1
BRDA:468,1033,0,1
BRDA:468,1034,0,1
BRDA:469,1035,0,1
BRDA:471,1036,0,1
BRDA:471,1037,0,1
BRDA:471,1038,0,1
BRDA:472,1039,0,1
BRDA:472,1040,0,1
BRDA:472,1041,0,1
BRDA:473,1042,0,1
BRDA:473,1043,0,1
BRDA:473,1044,0,1
BRDA:473,1045,0,1
BRDA:474,1046,0,1
BRDA:474,1047,0,1
BRDA:475,1048,0,1
BRDA:476,1049,0,1
BRDA:477,1050,0,1
BRDA:477,1051,0,1
BRDA:477,1052,0,1
BRDA:477,1053,0,1
BRDA:478,1054,0,1
BRDA:478,1055,0,1
BRDA:479,1056,0,1
BRDA:479,1057,0,1
BRDA:481,1058,0,1
BRDA:481,1059,0,1
BRDA:482,1060,0,1
BRDA:482,1061,0,1
BRDA:483,1062,0,1
BRDA:483,1063,0,1
BRDA:483,1064,0,1
BRDA:483,1065,0,1
BRDA:485,1066,0,1
BRDA:485,1067,0,1
BRDA:486,1068,0,1
BRDA:487,1069,0,1
BRDA:487,1070,0,1
BRDA:487,1071,0,1
BRDA:487,1072,0,1
BRDA:487,1073,0,1
BRDA:487,1074,0,1
BRDA:487,1075,0,1
BRDA:488,1076,0,1
BRDA:488,1077,0,1
BRDA:488,1078,0,1
BRDA:488,1079,0,1
BRDA:489,1080,0,1
BRDA:489,1081,0,1
BRDA:489,1082,0,1
BRDA:489,1083,0,1
BRDA:489,1084,0,1
BRDA:490,1085,0,1
BRDA:490,1086,0,1
BRDA:491,1087,0,1
BRDA:492,1088,0,1
BRDA:492,1089,0,1
BRDA:492,1090,0,1
BRDA:493,1091,0,1
BRDA:493,1092,0,1
BRDA:493,1093,0,1
BRDA:493,1094,0,1
BRDA:493,1095,0,1
BRDA:493,1096,0,1
BRDA:493,1097,0,1
BRDA:493,1098,0,1
BRDA:493,1099,0,1
BRDA:493,1100,0,1
BRDA:494,1101,0,1
BRDA:494,1102,0,1
BRDA:495,1103,0,1
BRDA:495,1104,0,1
BRDA:495,1105,0,1
BRDA:495,1106,0,1
BRDA:496,1107,0,1
BRDA:496,1108,0,1
BRDA:496,1109,0,1
BRDA:497,1110,0,1
BRDA:498,1111,0,1
BRDA:498,1112,0,1
BRDA:498,1113,0,1
BRDA:500,1114,0,1
BRDA:501,1115,0,1
BRDA:501,1116,0,1
BRDA:502,1117,0,1
BRDA:503,1118,0,1
BRDA:503,1119,0,1
BRDA:503,1120,0,1
BRDA:503,1121,0,1
BRDA:503,1122,0,1
BRDA:503,1123,0,1
BRDA:504,1124,0,1
BRDA:504,1125,0,1
BRDA:504,1126,0,1
BRDA:504,1127,0,1
BRDA:504,1128,0,1
BRDA:505,1129,0,1
BRDA:505,1130,0,1
BRDA:505,1131,0,1
BRDA:506,1132,0,1
BRDA:506,1133,0,1
BRDA:506,1134,0,1
BRDA:506,1135,0,1
BRDA:506,1136,0,1
BRDA:506,1137,0,1
BRDA:507,1138,0,1
BRDA:507,1139,0,1
BRDA:508,1140,0,1
BRDA:509,1141,0,1
BRDA:509,1142,0,1
BRDA:510,1143,0,1
BRDA:511,1144,0,1
BRDA:511,1145,0,1
BRDA:511,1146,0,1
BRDA:511,1147,0,1
BRDA:511,1148,0,1
BRDA:512,1149,0,1
BRDA:512,1150,0,1
BRDA:512,1151,0,1
BRDA:512,1152,0,1
BRDA:513,1153,0,1
BRDA:513,1154,0,1
BRDA:513,1155,0,1
BRDA:514,1156,0,1
BRDA:514,1157,0,1
BRDA:514,1158,0,1
BRDA:514,1159,0,1
BRDA:515,1160,0,1
BRDA:515,1161,0,1
BRDA:515,1162,0,1
BRDA:515,1163,0,1
BRDA:516,1164,0,1
BRDA:516,1165,0,1
BRDA:516,1166,0,1
BRDA:517,1167,0,1
BRDA:517,1168,0,1
BRDA:517,1169,0,1
BRDA:517,1170,0,1
BRDA:517,1171,0,1
BRDA:517,1172,0,1
BRDA:517,1173,0,1
BRDA:517,1174,0,1
BRDA:517,1175,0,1
BRDA:517,1176,0,1
BRDA:518,1177,0,1
BRDA:519,1178,0,1
BRDA:519,1179,0,1
BRDA:520,1180,0,1
BRDA:520,1181,0,1
BRDA:521,1182,0,1
BRDA:521,1183,0,1
BRDA:522,1184,0,1
BRDA:523,1185,0,1
BRDA:523,1186,0,1
BRDA:523,1187,0,1
BRDA:523,1188,0,1
BRDA:523,1189,0,1
BRDA:523,1190,0,1
BRDA:523,1191,0,1
BRDA:523,1192,0,1
BRDA:524,1193,0,1
BRDA:524,1194,0,1
BRDA:524,1195,0,1
BRDA:524,1196,0,1
BRDA:524,1197,0,1
BRDA:524,1198,0,1
BRDA:525,1199,0,1
BRDA:525,1200,0,1
BRDA:525,1201,0,1
BRDA:525,1202,0,1
BRDA:525,1203,0,1
BRDA:525,1204,0,1
BRDA:526,1205,0,1
BRDA:526,1206,0,1
BRDA:526,1207,0,1
BRDA:526,1208,0,1
BRDA:526,1209,0,1
BRDA:526,1210,0,1
BRDA:526,1211,0,1
BRDA:527,1212,0,1
BRDA:527,1213,0,1
BRDA:527,1214,0,1
BRDA:527,1215,0,1
BRDA:527,1216,0,1
BRDA:528,1217,0,1
BRDA:528,1218,0,1
BRDA:529,1219,0,1
BRDA:530,1220,0,1
BRDA:530,1221,0,1
BRDA:531,1222,0,1
BRDA:531,1223,0,1
BRDA:532,1224,0,1
BRDA:532,1225,0,1
BRDA:533,1226,0,1
BRDA:534,1227,0,1
BRDA:534,1228,0,1
BRDA:534,1229,0,1
BRDA:535,1230,0,1
BRDA:536,1231,0,1
BRDA:537,1232,0,1
BRDA:538,1233,0,1
BRDA:538,1234,0,1
BRDA:538,1235,0,1
BRDA:539,1236,0,1
BRDA:539,1237,0,1
BRDA:539,1238,0,1
BRDA:540,1239,0,1
BRDA:540,1240,0,1
BRDA:540,1241,0,1
BRDA:540,1242,0,1
BRDA:541,1243,0,1
BRDA:542,1244,0,1
BRDA:542,1245,0,1
BRDA:542,1246,0,1
BRDA:542,1247,0,1
BRDA:542,1248,0,1
BRDA:542,1249,0,1
BRDA:542,1250,0,1
BRDA:543,1251,0,1
BRDA:543,1252,0,1
BRDA:545,1253,0,1
BRDA:545,1254,0,1
BRDA:545,1255,0,1
BRDA:546,1256,0,1
BRDA:546,1257,0,1
BRF:1258
BRH:1258
end_of_record
TN:
SF:.nyc_output/localhost_8000/dist/v0/amp-ad-0.1.js
FNF:0
FNH:0
DA:1,0
DA:2,0
DA:3,0
DA:4,0
DA:5,1
DA:6,0
DA:7,0
DA:8,0
DA:9,0
DA:10,0
DA:11,0
DA:12,0
DA:13,0
DA:14,0
DA:15,0
DA:16,0
DA:17,0
DA:18,0
DA:19,0
DA:20,1
DA:21,0
DA:22,0
DA:23,0
DA:24,0
DA:25,0
DA:26,0
DA:27,0
DA:28,0
DA:29,0
DA:30,0
DA:31,0
DA:32,0
DA:33,0
DA:34,0
DA:35,0
DA:36,0
DA:37,0
DA:38,0
DA:39,0
DA:40,0
DA:41,0
DA:42,0
DA:43,0
DA:44,0
DA:45,0
DA:46,0
DA:47,0
DA:48,0
DA:49,0
DA:50,0
DA:51,0
DA:52,0
DA:53,0
DA:54,0
DA:55,0
DA:56,0
DA:57,0
DA:58,0
DA:59,0
DA:60,0
DA:61,0
DA:62,0
DA:63,0
DA:64,0
DA:65,0
DA:66,0
DA:67,0
DA:68,0
DA:69,0
DA:70,0
DA:71,0
DA:72,0
DA:73,0
DA:74,0
DA:75,0
DA:76,0
DA:77,0
DA:78,0
DA:79,0
DA:80,0
DA:81,0
DA:82,0
DA:83,0
DA:84,1
DA:85,1
DA:86,1
DA:87,1
DA:88,1
DA:89,1
LF:89
LH:8
BRDA:1,0,0,1
BRDA:1,1,0,1
BRDA:2,2,0,1
BRDA:2,3,0,1
BRDA:3,4,0,1
BRDA:4,5,0,1
BRDA:9,6,0,1
BRDA:9,7,0,1
BRDA:10,8,0,1
BRDA:11,9,0,1
BRDA:11,10,0,1
BRDA:11,11,0,1
BRDA:11,12,0,1
BRDA:12,13,0,1
BRDA:13,14,0,1
BRDA:13,15,0,1
BRDA:13,16,0,1
BRDA:13,17,0,1
BRDA:13,18,0,1
BRDA:13,19,0,1
BRDA:13,20,0,1
BRDA:13,21,0,1
BRDA:13,22,0,1
BRDA:17,23,0,1
BRDA:17,24,0,1
BRDA:17,25,0,1
BRDA:17,26,0,1
BRDA:17,27,0,1
BRDA:18,28,0,1
BRDA:18,29,0,1
BRDA:19,30,0,1
BRDA:24,31,0,1
BRDA:24,32,0,1
BRDA:24,33,0,1
BRDA:24,34,0,1
BRDA:24,35,0,1
BRDA:25,36,0,1
BRDA:25,37,0,1
BRDA:25,38,0,1
BRDA:26,39,0,1
BRDA:27,40,0,1
BRDA:28,41,0,1
BRDA:33,42,0,1
BRDA:33,43,0,1
BRDA:34,44,0,1
BRDA:34,45,0,1
BRDA:35,46,0,1
BRDA:35,47,0,1
BRDA:35,48,0,1
BRDA:36,49,0,1
BRDA:38,50,0,1
BRDA:38,51,0,1
BRDA:38,52,0,1
BRDA:38,53,0,1
BRDA:43,54,0,1
BRDA:46,55,0,1
BRDA:47,56,0,1
BRDA:47,57,0,1
BRDA:47,58,0,1
BRDA:48,59,0,1
BRDA:48,60,0,1
BRDA:48,61,0,1
BRDA:54,62,0,1
BRDA:55,63,0,1
BRDA:56,64,0,1
BRDA:57,65,0,1
BRDA:58,66,0,1
BRDA:58,67,0,1
BRDA:59,68,0,1
BRDA:59,69,0,1
BRDA:59,70,0,1
BRDA:60,71,0,1
BRDA:62,72,0,1
BRDA:62,73,0,1
BRDA:63,74,0,1
BRDA:63,75,0,1
BRDA:64,76,0,1
BRDA:64,77,0,1
BRDA:65,78,0,1
BRDA:65,79,0,1
BRDA:66,80,0,1
BRDA:66,81,0,1
BRDA:68,82,0,1
BRDA:68,83,0,1
BRDA:68,84,0,1
BRDA:68,85,0,1
BRDA:68,86,0,1
BRDA:69,87,0,1
BRDA:69,88,0,1
BRDA:74,89,0,1
BRDA:74,90,0,1
BRDA:74,91,0,1
BRDA:74,92,0,1
BRDA:76,93,0,1
BRDA:77,94,0,1
BRDA:79,95,0,1
BRDA:79,96,0,1
BRDA:80,97,0,1
BRDA:81,98,0,1
BRDA:81,99,0,1
BRDA:81,100,0,1
BRDA:81,101,0,1
BRDA:82,102,0,1
BRDA:82,103,0,1
BRDA:83,104,0,1
BRDA:83,105,0,1
BRF:106
BRH:106
end_of_record
TN:
SF:.nyc_output/localhost_8000/dist/v0/amp-addthis-0.1.js
FNF:0
FNH:0
DA:1,0
DA:2,0
DA:3,0
DA:4,0
DA:5,1
DA:6,0
DA:7,0
DA:8,0
DA:9,0
DA:10,0
DA:11,0
DA:12,0
DA:13,0
DA:14,0
DA:15,0
DA:16,0
DA:17,0
DA:18,0
DA:19,0
DA:20,0
DA:21,0
DA:22,0
DA:23,0
DA:24,0
DA:25,0
DA:26,0
DA:27,0
DA:28,0
DA:29,0
DA:30,0
DA:31,0
DA:32,0
DA:33,1
DA:34,1
DA:35,0
DA:36,0
DA:37,0
DA:38,0
DA:39,0
DA:40,0
DA:41,0
DA:42,1
DA:43,1
DA:44,1
DA:45,1
LF:45
LH:7
BRDA:1,0,0,1
BRDA:1,1,0,1
BRDA:2,2,0,1
BRDA:2,3,0,1
BRDA:3,4,0,1
BRDA:4,5,0,1
BRDA:4,6,0,1
BRDA:4,7,0,1
BRDA:4,8,0,1
BRDA:4,9,0,1
BRDA:4,10,0,1
BRDA:6,11,0,1
BRDA:6,12,0,1
BRDA:6,13,0,1
BRDA:6,14,0,1
BRDA:6,15,0,1
BRDA:6,16,0,1
BRDA:6,17,0,1
BRDA:6,18,0,1
BRDA:6,19,0,1
BRDA:6,20,0,1
BRDA:7,21,0,1
BRDA:7,22,0,1
BRDA:7,23,0,1
BRDA:9,24,0,1
BRDA:11,25,0,1
BRDA:11,26,0,1
BRDA:11,27,0,1
BRDA:11,28,0,1
BRDA:11,29,0,1
BRDA:12,30,0,1
BRDA:12,31,0,1
BRDA:12,32,0,1
BRDA:12,33,0,1
BRDA:13,34,0,1
BRDA:14,35,0,1
BRDA:15,36,0,1
BRDA:15,37,0,1
BRDA:15,38,0,1
BRDA:15,39,0,1
BRDA:16,40,0,1
BRDA:16,41,0,1
BRDA:16,42,0,1
BRDA:16,43,0,1
BRDA:16,44,0,1
BRDA:16,45,0,1
BRDA:16,46,0,1
BRDA:16,47,0,1
BRDA:16,48,0,1
BRDA:16,49,0,1
BRDA:16,50,0,1
BRDA:19,51,0,1
BRDA:19,52,0,1
BRDA:19,53,0,1
BRDA:19,54,0,1
BRDA:20,55,0,1
BRDA:20,56,0,1
BRDA:20,57,0,1
BRDA:20,58,0,1
BRDA:20,59,0,1
BRDA:20,60,0,1
BRDA:21,61,0,1
BRDA:21,62,0,1
BRDA:23,63,0,1
BRDA:24,64,0,1
BRDA:24,65,0,1
BRDA:24,66,0,1
BRDA:25,67,0,1
BRDA:25,68,0,1
BRDA:25,69,0,1
BRDA:26,70,0,1
BRDA:26,71,0,1
BRDA:27,72,0,1
BRDA:27,73,0,1
BRDA:28,74,0,1
BRDA:28,75,0,1
BRDA:28,76,0,1
BRDA:28,77,0,1
BRDA:29,78,0,1
BRDA:29,79,0,1
BRDA:30,80,0,1
BRDA:30,81,0,1
BRDA:30,82,0,1
BRDA:30,83,0,1
BRDA:30,84,0,1
BRDA:30,85,0,1
BRDA:30,86,0,1
BRDA:30,87,0,1
BRDA:30,88,0,1
BRDA:31,89,0,1
BRDA:31,90,0,1
BRDA:31,91,0,1
BRDA:32,92,0,1
BRDA:32,93,0,1
BRDA:32,94,0,1
BRDA:32,95,0,1
BRDA:35,96,0,1
BRDA:36,97,0,1
BRDA:36,98,0,1
BRDA:37,99,0,1
BRDA:37,100,0,1
BRDA:38,101,0,1
BRDA:38,102,0,1
BRDA:40,103,0,1
BRDA:41,104,0,1
BRF:105
BRH:105
end_of_record
TN:
SF:.nyc_output/localhost_8000/dist/v0/amp-anim-0.1.js
FNF:0
FNH:0
DA:1,0
DA:2,0
DA:3,0
DA:4,0
DA:5,0
DA:6,0
DA:7,0
DA:8,0
DA:9,1
DA:10,1
DA:11,1
DA:12,1
LF:12
LH:4
BRDA:1,0,0,1
BRDA:1,1,0,1
BRDA:2,2,0,1
BRDA:2,3,0,1
BRDA:3,4,0,1
BRDA:3,5,0,1
BRDA:3,6,0,1
BRDA:3,7,0,1
BRDA:3,8,0,1
BRDA:3,9,0,1
BRDA:4,10,0,1
BRDA:4,11,0,1
BRDA:4,12,0,1
BRDA:5,13,0,1
BRDA:6,14,0,1
BRDA:6,15,0,1
BRDA:6,16,0,1
BRDA:7,17,0,1
BRDA:7,18,0,1
BRDA:8,19,0,1
BRF:20
BRH:20
end_of_record
TN:
SF:.nyc_output/localhost_8000/dist/v0/amp-audio-0.1.js
FNF:0
FNH:0
DA:1,0
DA:2,0
DA:3,0
DA:4,0
DA:5,0
DA:6,0
DA:7,0
DA:8,0
DA:9,0
DA:10,0
DA:11,1
DA:12,0
DA:13,0
DA:14,0
DA:15,0
DA:16,0
DA:17,0
DA:18,0
DA:19,0
DA:20,0
DA:21,0
DA:22,1
DA:23,1
DA:24,1
DA:25,1
LF:25
LH:5
BRDA:1,0,0,1
BRDA:1,1,0,1
BRDA:2,2,0,1
BRDA:2,3,0,1
BRDA:3,4,0,1
BRDA:3,5,0,1
BRDA:3,6,0,1
BRDA:3,7,0,1
BRDA:3,8,0,1
BRDA:3,9,0,1
BRDA:3,10,0,1
BRDA:3,11,0,1
BRDA:3,12,0,1
BRDA:3,13,0,1
BRDA:3,14,0,1
BRDA:8,15,0,1
BRDA:8,16,0,1
BRDA:10,17,0,1
BRDA:13,18,0,1
BRDA:15,19,0,1
BRDA:15,20,0,1
BRDA:15,21,0,1
BRDA:15,22,0,1
BRDA:16,23,0,1
BRDA:17,24,0,1
BRDA:19,25,0,1
BRDA:19,26,0,1
BRDA:21,27,0,1
BRDA:21,28,0,1
BRDA:21,29,0,1
BRDA:21,30,0,1
BRDA:21,31,0,1
BRF:32
BRH:32
end_of_record
TN:
SF:.nyc_output/localhost_8000/dist/v0/amp-carousel-0.1.js
FNF:0
FNH:0
DA:1,0
DA:2,0
DA:3,0
DA:4,0
DA:5,0
DA:6,0
DA:7,0
DA:8,0
DA:9,0
DA:10,1
DA:11,0
DA:12,0
DA:13,0
DA:14,0
DA:15,0
DA:16,0
DA:17,0
DA:18,0
DA:19,0
DA:20,0
DA:21,0
DA:22,0
DA:23,0
DA:24,0
DA:25,0
DA:26,0
DA:27,0
DA:28,1
DA:29,0
DA:30,0
DA:31,0
DA:32,0
DA:33,0
DA:34,0
DA:35,0
DA:36,0
DA:37,0
DA:38,1
DA:39,0
DA:40,0
DA:41,0
DA:42,0
DA:43,0
DA:44,0
DA:45,0
DA:46,0
DA:47,0
DA:48,0
DA:49,0
DA:50,0
DA:51,0
DA:52,0
DA:53,1
DA:54,1
DA:55,1
DA:56,1
LF:56
LH:7
BRDA:1,0,0,1
BRDA:1,1,0,1
BRDA:2,2,0,1
BRDA:2,3,0,1
BRDA:3,4,0,1
BRDA:4,5,0,1
BRDA:4,6,0,1
BRDA:4,7,0,1
BRDA:4,8,0,1
BRDA:4,9,0,1
BRDA:4,10,0,1
BRDA:4,11,0,1
BRDA:4,12,0,1
BRDA:4,13,0,1
BRDA:4,14,0,1
BRDA:6,15,0,1
BRDA:6,16,0,1
BRDA:6,17,0,1
BRDA:7,18,0,1
BRDA:7,19,0,1
BRDA:7,20,0,1
BRDA:7,21,0,1
BRDA:7,22,0,1
BRDA:7,23,0,1
BRDA:8,24,0,1
BRDA:8,25,0,1
BRDA:8,26,0,1
BRDA:9,27,0,1
BRDA:11,28,0,1
BRDA:11,29,0,1
BRDA:12,30,0,1
BRDA:12,31,0,1
BRDA:13,32,0,1
BRDA:14,33,0,1
BRDA:14,34,0,1
BRDA:14,35,0,1
BRDA:15,36,0,1
BRDA:15,37,0,1
BRDA:15,38,0,1
BRDA:15,39,0,1
BRDA:15,40,0,1
BRDA:16,41,0,1
BRDA:17,42,0,1
BRDA:17,43,0,1
BRDA:17,44,0,1
BRDA:18,45,0,1
BRDA:20,46,0,1
BRDA:20,47,0,1
BRDA:20,48,0,1
BRDA:21,49,0,1
BRDA:21,50,0,1
BRDA:22,51,0,1
BRDA:22,52,0,1
BRDA:22,53,0,1
BRDA:22,54,0,1
BRDA:22,55,0,1
BRDA:23,56,0,1
BRDA:24,57,0,1
BRDA:25,58,0,1
BRDA:25,59,0,1
BRDA:25,60,0,1
BRDA:26,61,0,1
BRDA:26,62,0,1
BRDA:26,63,0,1
BRDA:26,64,0,1
BRDA:26,65,0,1
BRDA:27,66,0,1
BRDA:27,67,0,1
BRDA:27,68,0,1
BRDA:27,69,0,1
BRDA:27,70,0,1
BRDA:27,71,0,1
BRDA:29,72,0,1
BRDA:29,73,0,1
BRDA:30,74,0,1
BRDA:31,75,0,1
BRDA:31,76,0,1
BRDA:32,77,0,1
BRDA:33,78,0,1
BRDA:33,79,0,1
BRDA:34,80,0,1
BRDA:34,81,0,1
BRDA:34,82,0,1
BRDA:35,83,0,1
BRDA:35,84,0,1
BRDA:35,85,0,1
BRDA:35,86,0,1
BRDA:35,87,0,1
BRDA:36,88,0,1
BRDA:36,89,0,1
BRDA:36,90,0,1
BRDA:36,91,0,1
BRDA:37,92,0,1
BRDA:37,93,0,1
BRDA:37,94,0,1
BRDA:37,95,0,1
BRDA:37,96,0,1
BRDA:37,97,0,1
BRDA:37,98,0,1
BRDA:39,99,0,1
BRDA:40,100,0,1
BRDA:40,101,0,1
BRDA:40,102,0,1
BRDA:41,103,0,1
BRDA:41,104,0,1
BRDA:42,105,0,1
BRDA:42,106,0,1
BRDA:43,107,0,1
BRDA:43,108,0,1
BRDA:44,109,0,1
BRDA:45,110,0,1
BRDA:46,111,0,1
BRDA:46,112,0,1
BRDA:46,113,0,1
BRDA:46,114,0,1
BRDA:46,115,0,1
BRDA:47,116,0,1
BRDA:47,117,0,1
BRDA:48,118,0,1
BRDA:48,119,0,1
BRDA:48,120,0,1
BRDA:48,121,0,1
BRDA:48,122,0,1
BRDA:48,123,0,1
BRDA:48,124,0,1
BRDA:49,125,0,1
BRDA:49,126,0,1
BRDA:50,127,0,1
BRDA:51,128,0,1
BRDA:51,129,0,1
BRDA:51,130,0,1
BRDA:52,131,0,1
BRDA:52,132,0,1
BRF:133
BRH:133
end_of_record
TN:
SF:.nyc_output/localhost_8000/dist/v0/amp-dynamic-css-classes-0.1.js
FNF:0
FNH:0
DA:1,1
DA:2,0
DA:3,0
DA:4,0
DA:5,1
DA:6,1
DA:7,0
DA:8,0
DA:9,0
DA:10,0
DA:11,1
DA:12,1
DA:13,1
DA:14,1
LF:14
LH:7
BRDA:1,0,0,1
BRDA:2,1,0,1
BRDA:2,2,0,1
BRDA:2,3,0,1
BRDA:2,4,0,1
BRDA:2,5,0,1
BRDA:2,6,0,1
BRDA:4,7,0,1
BRDA:4,8,0,1
BRDA:4,9,0,1
BRDA:4,10,0,1
BRDA:4,11,0,1
BRDA:4,12,0,1
BRDA:4,13,0,1
BRDA:7,14,0,1
BRDA:9,15,0,1
BRDA:9,16,0,1
BRDA:9,17,0,1
BRDA:9,18,0,1
BRDA:10,19,0,1
BRF:20
BRH:20
end_of_record
TN:
SF:.nyc_output/localhost_8000/dist/v0/amp-fit-text-0.1.js
FNF:0
FNH:0
DA:1,0
DA:2,0
DA:3,0
DA:4,0
DA:5,1
DA:6,0
DA:7,1
DA:8,0
DA:9,1
DA:10,1
DA:11,1
DA:12,1
LF:12
LH:6
BRDA:1,0,0,1
BRDA:1,1,0,1
BRDA:2,2,0,1
BRDA:2,3,0,1
BRDA:3,4,0,1
BRDA:3,5,0,1
BRDA:3,6,0,1
BRDA:3,7,0,1
BRDA:3,8,0,1
BRDA:3,9,0,1
BRDA:3,10,0,1
BRDA:3,11,0,1
BRDA:3,12,0,1
BRDA:3,13,0,1
BRDA:4,14,0,1
BRDA:6,15,0,1
BRDA:6,16,0,1
BRDA:6,17,0,1
BRDA:8,18,0,1
BRDA:8,19,0,1
BRDA:8,20,0,1
BRF:21
BRH:21
end_of_record
TN:
SF:.nyc_output/localhost_8000/dist/v0/amp-font-0.1.js
FNF:0
FNH:0
DA:1,0
DA:2,0
DA:3,0
DA:4,1
DA:5,0
DA:6,0
DA:7,0
DA:8,0
DA:9,0
DA:10,1
DA:11,0
DA:12,0
DA:13,1
DA:14,1
DA:15,1
DA:16,1
LF:16
LH:6
BRDA:1,0,0,1
BRDA:1,1,0,1
BRDA:2,2,0,1
BRDA:2,3,0,1
BRDA:3,4,0,1
BRDA:3,5,0,1
BRDA:3,6,0,1
BRDA:3,7,0,1
BRDA:3,8,0,1
BRDA:3,9,0,1
BRDA:3,10,0,1
BRDA:3,11,0,1
BRDA:3,12,0,1
BRDA:3,13,0,1
BRDA:5,14,0,1
BRDA:5,15,0,1
BRDA:6,16,0,1
BRDA:6,17,0,1
BRDA:6,18,0,1
BRDA:8,19,0,1
BRDA:8,20,0,1
BRDA:9,21,0,1
BRDA:9,22,0,1
BRDA:9,23,0,1
BRDA:9,24,0,1
BRDA:11,25,0,1
BRDA:12,26,0,1
BRDA:12,27,0,1
BRF:28
BRH:28
end_of_record
TN:
SF:.nyc_output/localhost_8000/dist/v0/amp-iframe-0.1.js
FNF:0
FNH:0
DA:1,0
DA:2,0
DA:3,0
DA:4,0
DA:5,0
DA:6,0
DA:7,0
DA:8,0
DA:9,0
DA:10,0
DA:11,0
DA:12,1
DA:13,0
DA:14,0
DA:15,0
DA:16,0
DA:17,0
DA:18,0
DA:19,0
DA:20,0
DA:21,0
DA:22,0
DA:23,0
DA:24,0
DA:25,0
DA:26,0
DA:27,0
DA:28,1
DA:29,0
DA:30,0
DA:31,0
DA:32,0
DA:33,0
DA:34,0
DA:35,0
DA:36,0
DA:37,0
DA:38,0
DA:39,0
DA:40,0
DA:41,0
DA:42,0
DA:43,0
DA:44,0
DA:45,0
DA:46,0
DA:47,0
DA:48,1
DA:49,1
DA:50,1
DA:51,1
LF:51
LH:6
BRDA:1,0,0,1
BRDA:1,1,0,1
BRDA:2,2,0,1
BRDA:2,3,0,1
BRDA:3,4,0,1
BRDA:3,5,0,1
BRDA:3,6,0,1
BRDA:3,7,0,1
BRDA:3,8,0,1
BRDA:3,9,0,1
BRDA:4,10,0,1
BRDA:5,11,0,1
BRDA:5,12,0,1
BRDA:5,13,0,1
BRDA:5,14,0,1
BRDA:5,15,0,1
BRDA:5,16,0,1
BRDA:5,17,0,1
BRDA:5,18,0,1
BRDA:5,19,0,1
BRDA:7,20,0,1
BRDA:9,21,0,1
BRDA:9,22,0,1
BRDA:9,23,0,1
BRDA:10,24,0,1
BRDA:10,25,0,1
BRDA:10,26,0,1
BRDA:10,27,0,1
BRDA:10,28,0,1
BRDA:10,29,0,1
BRDA:10,30,0,1
BRDA:11,31,0,1
BRDA:11,32,0,1
BRDA:13,33,0,1
BRDA:13,34,0,1
BRDA:13,35,0,1
BRDA:13,36,0,1
BRDA:13,37,0,1
BRDA:18,38,0,1
BRDA:18,39,0,1
BRDA:18,40,0,1
BRDA:19,41,0,1
BRDA:20,42,0,1
BRDA:20,43,0,1
BRDA:20,44,0,1
BRDA:21,45,0,1
BRDA:21,46,0,1
BRDA:22,47,0,1
BRDA:23,48,0,1
BRDA:23,49,0,1
BRDA:25,50,0,1
BRDA:25,51,0,1
BRDA:25,52,0,1
BRDA:26,53,0,1
BRDA:26,54,0,1
BRDA:27,55,0,1
BRDA:27,56,0,1
BRDA:29,57,0,1
BRDA:30,58,0,1
BRDA:30,59,0,1
BRDA:32,60,0,1
BRDA:33,61,0,1
BRDA:33,62,0,1
BRDA:34,63,0,1
BRDA:34,64,0,1
BRDA:34,65,0,1
BRDA:35,66,0,1
BRDA:35,67,0,1
BRDA:35,68,0,1
BRDA:35,69,0,1
BRDA:39,70,0,1
BRDA:39,71,0,1
BRDA:39,72,0,1
BRDA:39,73,0,1
BRDA:40,74,0,1
BRDA:40,75,0,1
BRDA:40,76,0,1
BRDA:41,77,0,1
BRDA:41,78,0,1
BRDA:41,79,0,1
BRDA:41,80,0,1
BRDA:42,81,0,1
BRDA:44,82,0,1
BRDA:47,83,0,1
BRDA:47,84,0,1
BRF:85
BRH:85
end_of_record
TN:
SF:.nyc_output/localhost_8000/dist/v0/amp-image-lightbox-0.1.js
FNF:0
FNH:0
DA:1,0
DA:2,0
DA:3,0
DA:4,0
DA:5,1
DA:6,0
DA:7,0
DA:8,0
DA:9,0
DA:10,0
DA:11,0
DA:12,0
DA:13,0
DA:14,0
DA:15,0
DA:16,0
DA:17,0
DA:18,0
DA:19,0
DA:20,0
DA:21,0
DA:22,0
DA:23,0
DA:24,0
DA:25,0
DA:26,0
DA:27,0
DA:28,0
DA:29,0
DA:30,0
DA:31,0
DA:32,0
DA:33,0
DA:34,0
DA:35,0
DA:36,0
DA:37,0
DA:38,0
DA:39,0
DA:40,0
DA:41,0
DA:42,0
DA:43,0
DA:44,0
DA:45,0
DA:46,0
DA:47,0
DA:48,0
DA:49,0
DA:50,0
DA:51,0
DA:52,0
DA:53,0
DA:54,0
DA:55,0
DA:56,0
DA:57,0
DA:58,0
DA:59,0
DA:60,0
DA:61,0
DA:62,0
DA:63,0
DA:64,0
DA:65,0
DA:66,0
DA:67,0
DA:68,0
DA:69,0
DA:70,1
DA:71,1
DA:72,1
DA:73,1
LF:73
LH:5
BRDA:1,0,0,1
BRDA:1,1,0,1
BRDA:2,2,0,1
BRDA:2,3,0,1
BRDA:3,4,0,1
BRDA:4,5,0,1
BRDA:4,6,0,1
BRDA:6,7,0,1
BRDA:6,8,0,1
BRDA:6,9,0,1
BRDA:6,10,0,1
BRDA:6,11,0,1
BRDA:6,12,0,1
BRDA:6,13,0,1
BRDA:7,14,0,1
BRDA:7,15,0,1
BRDA:8,16,0,1
BRDA:9,17,0,1
BRDA:9,18,0,1
BRDA:9,19,0,1
BRDA:10,20,0,1
BRDA:11,21,0,1
BRDA:11,22,0,1
BRDA:13,23,0,1
BRDA:13,24,0,1
BRDA:13,25,0,1
BRDA:13,26,0,1
BRDA:13,27,0,1
BRDA:13,28,0,1
BRDA:13,29,0,1
BRDA:13,30,0,1
BRDA:14,31,0,1
BRDA:14,32,0,1
BRDA:14,33,0,1
BRDA:14,34,0,1
BRDA:15,35,0,1
BRDA:16,36,0,1
BRDA:16,37,0,1
BRDA:16,38,0,1
BRDA:18,39,0,1
BRDA:18,40,0,1
BRDA:18,41,0,1
BRDA:18,42,0,1
BRDA:18,43,0,1
BRDA:18,44,0,1
BRDA:18,45,0,1
BRDA:18,46,0,1
BRDA:18,47,0,1
BRDA:19,48,0,1
BRDA:21,49,0,1
BRDA:21,50,0,1
BRDA:22,51,0,1
BRDA:22,52,0,1
BRDA:22,53,0,1
BRDA:23,54,0,1
BRDA:23,55,0,1
BRDA:24,56,0,1
BRDA:24,57,0,1
BRDA:25,58,0,1
BRDA:27,59,0,1
BRDA:27,60,0,1
BRDA:27,61,0,1
BRDA:27,62,0,1
BRDA:27,63,0,1
BRDA:28,64,0,1
BRDA:28,65,0,1
BRDA:28,66,0,1
BRDA:28,67,0,1
BRDA:28,68,0,1
BRDA:28,69,0,1
BRDA:28,70,0,1
BRDA:29,71,0,1
BRDA:29,72,0,1
BRDA:29,73,0,1
BRDA:29,74,0,1
BRDA:30,75,0,1
BRDA:30,76,0,1
BRDA:30,77,0,1
BRDA:30,78,0,1
BRDA:30,79,0,1
BRDA:31,80,0,1
BRDA:31,81,0,1
BRDA:32,82,0,1
BRDA:32,83,0,1
BRDA:32,84,0,1
BRDA:32,85,0,1
BRDA:33,86,0,1
BRDA:33,87,0,1
BRDA:34,88,0,1
BRDA:34,89,0,1
BRDA:35,90,0,1
BRDA:35,91,0,1
BRDA:36,92,0,1
BRDA:36,93,0,1
BRDA:37,94,0,1
BRDA:37,95,0,1
BRDA:37,96,0,1
BRDA:38,97,0,1
BRDA:38,98,0,1
BRDA:38,99,0,1
BRDA:38,100,0,1
BRDA:39,101,0,1
BRDA:39,102,0,1
BRDA:40,103,0,1
BRDA:41,104,0,1
BRDA:41,105,0,1
BRDA:42,106,0,1
BRDA:43,107,0,1
BRDA:44,108,0,1
BRDA:44,109,0,1
BRDA:44,110,0,1
BRDA:44,111,0,1
BRDA:44,112,0,1
BRDA:45,113,0,1
BRDA:46,114,0,1
BRDA:54,115,0,1
BRDA:55,116,0,1
BRDA:56,117,0,1
BRDA:57,118,0,1
BRDA:57,119,0,1
BRDA:57,120,0,1
BRDA:60,121,0,1
BRDA:61,122,0,1
BRDA:61,123,0,1
BRDA:61,124,0,1
BRDA:69,125,0,1
BRF:126
BRH:126
end_of_record
TN:
SF:.nyc_output/localhost_8000/dist/v0/amp-instagram-0.1.js
FNF:0
FNH:0
DA:1,0
DA:2,0
DA:3,0
DA:4,1
DA:5,0
DA:6,0
DA:7,0
DA:8,0
DA:9,0
DA:10,0
DA:11,0
DA:12,0
DA:13,1
DA:14,1
DA:15,1
DA:16,1
LF:16
LH:5
BRDA:1,0,0,1
BRDA:1,1,0,1
BRDA:2,2,0,1
BRDA:2,3,0,1
BRDA:3,4,0,1
BRDA:3,5,0,1
BRDA:3,6,0,1
BRDA:3,7,0,1
BRDA:3,8,0,1
BRDA:3,9,0,1
BRDA:3,10,0,1
BRDA:3,11,0,1
BRDA:3,12,0,1
BRDA:3,13,0,1
BRDA:5,14,0,1
BRDA:5,15,0,1
BRDA:5,16,0,1
BRDA:5,17,0,1
BRDA:5,18,0,1
BRDA:6,19,0,1
BRDA:7,20,0,1
BRDA:7,21,0,1
BRDA:7,22,0,1
BRDA:8,23,0,1
BRDA:9,24,0,1
BRDA:11,25,0,1
BRDA:11,26,0,1
BRDA:11,27,0,1
BRDA:12,28,0,1
BRF:29
BRH:29
end_of_record
TN:
SF:.nyc_output/localhost_8000/dist/v0/amp-lightbox-0.1.js
FNF:0
FNH:0
DA:1,0
DA:2,0
DA:3,0
DA:4,0
DA:5,0
DA:6,0
DA:7,0
DA:8,0
DA:9,0
DA:10,0
DA:11,1
DA:12,0
DA:13,0
DA:14,0
DA:15,0
DA:16,0
DA:17,0
DA:18,0
DA:19,0
DA:20,0
DA:21,0
DA:22,0
DA:23,0
DA:24,0
DA:25,0
DA:26,0
DA:27,1
DA:28,0
DA:29,0
DA:30,0
DA:31,0
DA:32,0
DA:33,0
DA:34,0
DA:35,0
DA:36,0
DA:37,0
DA:38,0
DA:39,0
DA:40,0
DA:41,0
DA:42,0
DA:43,0
DA:44,0
DA:45,0
DA:46,0
DA:47,0
DA:48,1
DA:49,1
DA:50,1
DA:51,1
LF:51
LH:6
BRDA:1,0,0,1
BRDA:1,1,0,1
BRDA:2,2,0,1
BRDA:2,3,0,1
BRDA:3,4,0,1
BRDA:4,5,0,1
BRDA:4,6,0,1
BRDA:4,7,0,1
BRDA:5,8,0,1
BRDA:6,9,0,1
BRDA:6,10,0,1
BRDA:6,11,0,1
BRDA:6,12,0,1
BRDA:6,13,0,1
BRDA:6,14,0,1
BRDA:6,15,0,1
BRDA:6,16,0,1
BRDA:6,17,0,1
BRDA:6,18,0,1
BRDA:6,19,0,1
BRDA:6,20,0,1
BRDA:7,21,0,1
BRDA:8,22,0,1
BRDA:8,23,0,1
BRDA:8,24,0,1
BRDA:9,25,0,1
BRDA:9,26,0,1
BRDA:9,27,0,1
BRDA:9,28,0,1
BRDA:9,29,0,1
BRDA:9,30,0,1
BRDA:9,31,0,1
BRDA:10,32,0,1
BRDA:10,33,0,1
BRDA:12,34,0,1
BRDA:12,35,0,1
BRDA:12,36,0,1
BRDA:12,37,0,1
BRDA:12,38,0,1
BRDA:13,39,0,1
BRDA:15,40,0,1
BRDA:15,41,0,1
BRDA:16,42,0,1
BRDA:16,43,0,1
BRDA:16,44,0,1
BRDA:17,45,0,1
BRDA:17,46,0,1
BRDA:18,47,0,1
BRDA:18,48,0,1
BRDA:19,49,0,1
BRDA:21,50,0,1
BRDA:21,51,0,1
BRDA:21,52,0,1
BRDA:21,53,0,1
BRDA:21,54,0,1
BRDA:22,55,0,1
BRDA:22,56,0,1
BRDA:22,57,0,1
BRDA:22,58,0,1
BRDA:22,59,0,1
BRDA:22,60,0,1
BRDA:22,61,0,1
BRDA:23,62,0,1
BRDA:24,63,0,1
BRDA:24,64,0,1
BRDA:24,65,0,1
BRDA:25,66,0,1
BRDA:26,67,0,1
BRDA:26,68,0,1
BRDA:26,69,0,1
BRDA:28,70,0,1
BRDA:29,71,0,1
BRDA:29,72,0,1
BRDA:31,73,0,1
BRDA:32,74,0,1
BRDA:32,75,0,1
BRDA:36,76,0,1
BRDA:36,77,0,1
BRDA:37,78,0,1
BRDA:37,79,0,1
BRDA:37,80,0,1
BRDA:39,81,0,1
BRDA:39,82,0,1
BRDA:41,83,0,1
BRDA:41,84,0,1
BRDA:44,85,0,1
BRDA:44,86,0,1
BRDA:46,87,0,1
BRDA:47,88,0,1
BRF:89
BRH:89
end_of_record
TN:
SF:.nyc_output/localhost_8000/dist/v0/amp-twitter-0.1.js
FNF:0
FNH:0
DA:1,0
DA:2,0
DA:3,0
DA:4,0
DA:5,0
DA:6,0
DA:7,1
DA:8,0
DA:9,0
DA:10,0
DA:11,0
DA:12,0
DA:13,0
DA:14,0
DA:15,0
DA:16,0
DA:17,0
DA:18,0
DA:19,0
DA:20,0
DA:21,0
DA:22,0
DA:23,0
DA:24,0
DA:25,0
DA:26,0
DA:27,0
DA:28,1
DA:29,0
DA:30,0
DA:31,0
DA:32,0
DA:33,1
DA:34,1
DA:35,1
DA:36,1
LF:36
LH:6
BRDA:1,0,0,1
BRDA:1,1,0,1
BRDA:2,2,0,1
BRDA:2,3,0,1
BRDA:3,4,0,1
BRDA:3,5,0,1
BRDA:3,6,0,1
BRDA:4,7,0,1
BRDA:4,8,0,1
BRDA:4,9,0,1
BRDA:4,10,0,1
BRDA:4,11,0,1
BRDA:5,12,0,1
BRDA:6,13,0,1
BRDA:6,14,0,1
BRDA:6,15,0,1
BRDA:8,16,0,1
BRDA:8,17,0,1
BRDA:8,18,0,1
BRDA:8,19,0,1
BRDA:10,20,0,1
BRDA:10,21,0,1
BRDA:10,22,0,1
BRDA:10,23,0,1
BRDA:10,24,0,1
BRDA:10,25,0,1
BRDA:10,26,0,1
BRDA:18,27,0,1
BRDA:19,28,0,1
BRDA:20,29,0,1
BRDA:21,30,0,1
BRDA:26,31,0,1
BRDA:27,32,0,1
BRDA:29,33,0,1
BRDA:29,34,0,1
BRDA:29,35,0,1
BRDA:30,36,0,1
BRDA:30,37,0,1
BRDA:31,38,0,1
BRDA:31,39,0,1
BRDA:31,40,0,1
BRDA:32,41,0,1
BRF:42
BRH:42
end_of_record
TN:
SF:.nyc_output/localhost_8000/dist/v0/amp-video-0.1.js
FNF:0
FNH:0
DA:1,0
DA:2,0
DA:3,0
DA:4,0
DA:5,0
DA:6,0
DA:7,0
DA:8,0
DA:9,0
DA:10,1
DA:11,0
DA:12,0
DA:13,0
DA:14,0
DA:15,0
DA:16,0
DA:17,0
DA:18,0
DA:19,0
DA:20,0
DA:21,0
DA:22,0
DA:23,0
DA:24,0
DA:25,0
DA:26,0
DA:27,0
DA:28,0
DA:29,0
DA:30,0
DA:31,0
DA:32,0
DA:33,0
DA:34,0
DA:35,0
DA:36,0
DA:37,0
DA:38,0
DA:39,0
DA:40,0
DA:41,0
DA:42,0
DA:43,0
DA:44,0
DA:45,0
DA:46,0
DA:47,0
DA:48,0
DA:49,0
DA:50,0
DA:51,0
DA:52,0
DA:53,0
DA:54,0
DA:55,0
DA:56,0
DA:57,0
DA:58,0
DA:59,0
DA:60,0
DA:61,0
DA:62,0
DA:63,0
DA:64,0
DA:65,0
DA:66,0
DA:67,0
DA:68,1
DA:69,1
DA:70,1
DA:71,1
LF:71
LH:5
BRDA:1,0,0,1
BRDA:1,1,0,1
BRDA:2,2,0,1
BRDA:2,3,0,1
BRDA:3,4,0,1
BRDA:3,5,0,1
BRDA:3,6,0,1
BRDA:4,7,0,1
BRDA:5,8,0,1
BRDA:5,9,0,1
BRDA:5,10,0,1
BRDA:5,11,0,1
BRDA:5,12,0,1
BRDA:5,13,0,1
BRDA:5,14,0,1
BRDA:5,15,0,1
BRDA:5,16,0,1
BRDA:7,17,0,1
BRDA:7,18,0,1
BRDA:8,19,0,1
BRDA:8,20,0,1
BRDA:8,21,0,1
BRDA:8,22,0,1
BRDA:9,23,0,1
BRDA:9,24,0,1
BRDA:11,25,0,1
BRDA:11,26,0,1
BRDA:11,27,0,1
BRDA:12,28,0,1
BRDA:12,29,0,1
BRDA:12,30,0,1
BRDA:13,31,0,1
BRDA:13,32,0,1
BRDA:13,33,0,1
BRDA:13,34,0,1
BRDA:13,35,0,1
BRDA:13,36,0,1
BRDA:13,37,0,1
BRDA:13,38,0,1
BRDA:13,39,0,1
BRDA:13,40,0,1
BRDA:16,41,0,1
BRDA:16,42,0,1
BRDA:16,43,0,1
BRDA:16,44,0,1
BRDA:16,45,0,1
BRDA:16,46,0,1
BRDA:16,47,0,1
BRDA:16,48,0,1
BRDA:16,49,0,1
BRDA:16,50,0,1
BRDA:16,51,0,1
BRDA:16,52,0,1
BRDA:16,53,0,1
BRDA:18,54,0,1
BRDA:19,55,0,1
BRDA:19,56,0,1
BRDA:21,57,0,1
BRDA:21,58,0,1
BRDA:22,59,0,1
BRDA:22,60,0,1
BRDA:22,61,0,1
BRDA:22,62,0,1
BRDA:22,63,0,1
BRDA:23,64,0,1
BRDA:28,65,0,1
BRDA:29,66,0,1
BRDA:29,67,0,1
BRDA:29,68,0,1
BRDA:31,69,0,1
BRDA:35,70,0,1
BRDA:35,71,0,1
BRDA:35,72,0,1
BRDA:35,73,0,1
BRDA:36,74,0,1
BRDA:37,75,0,1
BRDA:38,76,0,1
BRDA:39,77,0,1
BRDA:39,78,0,1
BRDA:40,79,0,1
BRDA:40,80,0,1
BRDA:43,81,0,1
BRDA:43,82,0,1
BRDA:43,83,0,1
BRDA:44,84,0,1
BRDA:44,85,0,1
BRDA:46,86,0,1
BRDA:47,87,0,1
BRDA:48,88,0,1
BRDA:48,89,0,1
BRDA:48,90,0,1
BRDA:49,91,0,1
BRDA:50,92,0,1
BRDA:50,93,0,1
BRDA:51,94,0,1
BRDA:51,95,0,1
BRDA:52,96,0,1
BRDA:52,97,0,1
BRDA:52,98,0,1
BRDA:54,99,0,1
BRDA:54,100,0,1
BRDA:59,101,0,1
BRDA:59,102,0,1
BRDA:60,103,0,1
BRDA:60,104,0,1
BRDA:61,105,0,1
BRDA:61,106,0,1
BRDA:61,107,0,1
BRDA:61,108,0,1
BRDA:62,109,0,1
BRDA:62,110,0,1
BRDA:62,111,0,1
BRDA:62,112,0,1
BRDA:63,113,0,1
BRDA:63,114,0,1
BRDA:63,115,0,1
BRDA:63,116,0,1
BRDA:64,117,0,1
BRDA:65,118,0,1
BRDA:65,119,0,1
BRDA:65,120,0,1
BRDA:65,121,0,1
BRDA:65,122,0,1
BRDA:66,123,0,1
BRDA:67,124,0,1
BRDA:67,125,0,1
BRF:126
BRH:126
end_of_record
TN:
SF:.nyc_output/localhost_8000/dist/v0/amp-youtube-0.1.js
FNF:0
FNH:0
DA:1,0
DA:2,0
DA:3,0
DA:4,0
DA:5,0
DA:6,0
DA:7,0
DA:8,1
DA:9,0
DA:10,0
DA:11,0
DA:12,0
DA:13,0
DA:14,0
DA:15,0
DA:16,0
DA:17,0
DA:18,0
DA:19,0
DA:20,0
DA:21,0
DA:22,0
DA:23,0
DA:24,0
DA:25,0
DA:26,0
DA:27,0
DA:28,0
DA:29,0
DA:30,0
DA:31,0
DA:32,0
DA:33,0
DA:34,0
DA:35,0
DA:36,0
DA:37,0
DA:38,0
DA:39,0
DA:40,0
DA:41,0
DA:42,0
DA:43,0
DA:44,0
DA:45,0
DA:46,0
DA:47,0
DA:48,0
DA:49,0
DA:50,0
DA:51,0
DA:52,0
DA:53,0
DA:54,0
DA:55,0
DA:56,0
DA:57,0
DA:58,1
DA:59,1
DA:60,1
DA:61,1
LF:61
LH:5
BRDA:1,0,0,1
BRDA:1,1,0,1
BRDA:2,2,0,1
BRDA:2,3,0,1
BRDA:3,4,0,1
BRDA:3,5,0,1
BRDA:3,6,0,1
BRDA:3,7,0,1
BRDA:3,8,0,1
BRDA:3,9,0,1
BRDA:3,10,0,1
BRDA:3,11,0,1
BRDA:3,12,0,1
BRDA:3,13,0,1
BRDA:3,14,0,1
BRDA:3,15,0,1
BRDA:3,16,0,1
BRDA:4,17,0,1
BRDA:5,18,0,1
BRDA:5,19,0,1
BRDA:5,20,0,1
BRDA:6,21,0,1
BRDA:6,22,0,1
BRDA:6,23,0,1
BRDA:6,24,0,1
BRDA:6,25,0,1
BRDA:6,26,0,1
BRDA:7,27,0,1
BRDA:7,28,0,1
BRDA:7,29,0,1
BRDA:9,30,0,1
BRDA:9,31,0,1
BRDA:9,32,0,1
BRDA:9,33,0,1
BRDA:9,34,0,1
BRDA:9,35,0,1
BRDA:9,36,0,1
BRDA:9,37,0,1
BRDA:9,38,0,1
BRDA:9,39,0,1
BRDA:9,40,0,1
BRDA:9,41,0,1
BRDA:9,42,0,1
BRDA:9,43,0,1
BRDA:10,44,0,1
BRDA:10,45,0,1
BRDA:10,46,0,1
BRDA:10,47,0,1
BRDA:10,48,0,1
BRDA:10,49,0,1
BRDA:10,50,0,1
BRDA:10,51,0,1
BRDA:10,52,0,1
BRDA:10,53,0,1
BRDA:10,54,0,1
BRDA:10,55,0,1
BRDA:10,56,0,1
BRDA:10,57,0,1
BRDA:11,58,0,1
BRDA:12,59,0,1
BRDA:12,60,0,1
BRDA:13,61,0,1
BRDA:13,62,0,1
BRDA:14,63,0,1
BRDA:14,64,0,1
BRDA:14,65,0,1
BRDA:14,66,0,1
BRDA:14,67,0,1
BRDA:14,68,0,1
BRDA:15,69,0,1
BRDA:15,70,0,1
BRDA:15,71,0,1
BRDA:15,72,0,1
BRDA:15,73,0,1
BRDA:16,74,0,1
BRDA:16,75,0,1
BRDA:16,76,0,1
BRDA:16,77,0,1
BRDA:16,78,0,1
BRDA:17,79,0,1
BRDA:17,80,0,1
BRDA:18,81,0,1
BRDA:18,82,0,1
BRDA:19,83,0,1
BRDA:19,84,0,1
BRDA:19,85,0,1
BRDA:20,86,0,1
BRDA:20,87,0,1
BRDA:20,88,0,1
BRDA:20,89,0,1
BRDA:20,90,0,1
BRDA:21,91,0,1
BRDA:21,92,0,1
BRDA:21,93,0,1
BRDA:22,94,0,1
BRDA:22,95,0,1
BRDA:22,96,0,1
BRDA:22,97,0,1
BRDA:23,98,0,1
BRDA:23,99,0,1
BRDA:23,100,0,1
BRDA:23,101,0,1
BRDA:24,102,0,1
BRDA:24,103,0,1
BRDA:24,104,0,1
BRDA:26,105,0,1
BRDA:30,106,0,1
BRDA:30,107,0,1
BRDA:30,108,0,1
BRDA:30,109,0,1
BRDA:30,110,0,1
BRDA:30,111,0,1
BRDA:31,112,0,1
BRDA:32,113,0,1
BRDA:33,114,0,1
BRDA:34,115,0,1
BRDA:34,116,0,1
BRDA:35,117,0,1
BRDA:35,118,0,1
BRDA:38,119,0,1
BRDA:38,120,0,1
BRDA:38,121,0,1
BRDA:39,122,0,1
BRDA:39,123,0,1
BRDA:41,124,0,1
BRDA:41,125,0,1
BRDA:42,126,0,1
BRDA:42,127,0,1
BRDA:42,128,0,1
BRDA:43,129,0,1
BRDA:44,130,0,1
BRDA:44,131,0,1
BRDA:44,132,0,1
BRDA:44,133,0,1
BRDA:44,134,0,1
BRDA:45,135,0,1
BRDA:45,136,0,1
BRDA:45,137,0,1
BRDA:45,138,0,1
BRDA:45,139,0,1
BRDA:46,140,0,1
BRDA:46,141,0,1
BRDA:47,142,0,1
BRDA:48,143,0,1
BRDA:48,144,0,1
BRDA:48,145,0,1
BRDA:49,146,0,1
BRDA:49,147,0,1
BRDA:51,148,0,1
BRDA:52,149,0,1
BRDA:52,150,0,1
BRDA:53,151,0,1
BRDA:53,152,0,1
BRDA:53,153,0,1
BRDA:53,154,0,1
BRDA:53,155,0,1
BRDA:53,156,0,1
BRDA:53,157,0,1
BRDA:53,158,0,1
BRDA:53,159,0,1
BRDA:54,160,0,1
BRDA:55,161,0,1
BRDA:56,162,0,1
BRDA:56,163,0,1
BRDA:56,164,0,1
BRDA:56,165,0,1
BRDA:56,166,0,1
BRDA:57,167,0,1
BRDA:57,168,0,1
BRDA:57,169,0,1
BRF:170
BRH:170
end_of_record
